[+] Containers:
 |- [+] Container: /Game/FirstPerson/Maps/FirstPersonMap
 |   |- [+] ActorDescs:
 |   |   |- Guid:02669A134B3646FAA8013895F778E9C6 BaseClass: NativeClass:/Script/Engine.StaticMeshActor Name:StaticMeshActor_UAID_98EECBDFBE275E5B02_1273352156 Label:Wall_Door_400x406 SpatiallyLoaded:1 Bounds:IsValid=true, Min=(X=1730.000 Y=170.000 Z=0.000), Max=(X=1750.000 Y=570.000 Z=400.000) RuntimeGrid:None EditorOnly:0 RuntimeOnly:0 HLODRelevant:1 ListedInSceneOutliner:1 IsMainWorldOnly:0
 |   |   |- Guid:0811430A46008827A14F4591BA003F23 BaseClass: NativeClass:/Script/Engine.StaticMeshActor Name:StaticMeshActor_UAID_98EECBDFBE275F5B02_1826452346 Label:Wall_Door_400x411 SpatiallyLoaded:1 Bounds:IsValid=true, Min=(X=2230.000 Y=1670.000 Z=0.000), Max=(X=2250.000 Y=2070.000 Z=400.000) RuntimeGrid:None EditorOnly:0 RuntimeOnly:0 HLODRelevant:1 ListedInSceneOutliner:1 IsMainWorldOnly:0
 |   |   |- Guid:09B201D94D0DAAEEA726C3A91381A790 BaseClass: NativeClass:/Script/Engine.StaticMeshActor Name:StaticMeshActor_UAID_98EECBDFBE275F5B02_1257248343 Label:Wall_Door_400x410 SpatiallyLoaded:1 Bounds:IsValid=true, Min=(X=-690.000 Y=860.000 Z=0.000), Max=(X=-290.000 Y=880.000 Z=400.000) RuntimeGrid:None EditorOnly:0 RuntimeOnly:0 HLODRelevant:1 ListedInSceneOutliner:1 IsMainWorldOnly:0
 |   |   |- Guid:0AC00D05439C5148605C38B14E105FDE BaseClass: NativeClass:/Script/Engine.StaticMeshActor Name:StaticMeshActor_UAID_98EECBDFBE27605B02_1095844540 Label:Wall_400x430 SpatiallyLoaded:1 Bounds:IsValid=true, Min=(X=-350.000 Y=1260.000 Z=0.000), Max=(X=-330.000 Y=1860.000 Z=400.000) RuntimeGrid:None EditorOnly:0 RuntimeOnly:0 HLODRelevant:1 ListedInSceneOutliner:1 IsMainWorldOnly:0
 |   |   |- Guid:0EDB289B45CB7E0977A6DBA74201EE76 BaseClass: NativeClass:/Script/Engine.StaticMeshActor Name:StaticMeshActor_10 Label:SM_Cube6 SpatiallyLoaded:1 Bounds:IsValid=true, Min=(X=2920.000 Y=-740.000 Z=0.000), Max=(X=3020.000 Y=2310.000 Z=400.000) RuntimeGrid:None EditorOnly:0 RuntimeOnly:0 HLODRelevant:1 ListedInSceneOutliner:1 IsMainWorldOnly:0 FolderPath:Playground FolderGuid:6C02BB504B69D1F3D7A624B130C18E5B
 |   |   |- Guid:1B816B5C410C1675573DB19776BF0A26 BaseClass: NativeClass:/Script/Engine.StaticMeshActor Name:StaticMeshActor_UAID_98EECBDFBE275C5B02_1491135783 Label:Wall_400x404 SpatiallyLoaded:1 Bounds:IsValid=true, Min=(X=200.000 Y=550.000 Z=0.000), Max=(X=2100.000 Y=570.000 Z=400.000) RuntimeGrid:None EditorOnly:0 RuntimeOnly:0 HLODRelevant:1 ListedInSceneOutliner:1 IsMainWorldOnly:0
 |   |   |- Guid:2413E50A4EBD7922340D1B80083F0E8D BaseClass: NativeClass:/Script/Engine.StaticMeshActor Name:StaticMeshActor_UAID_98EECBDFBE275F5B02_2061981357 Label:Wall_400x428 SpatiallyLoaded:1 Bounds:IsValid=true, Min=(X=-350.000 Y=1860.000 Z=0.000), Max=(X=-50.000 Y=1880.000 Z=400.000) RuntimeGrid:None EditorOnly:0 RuntimeOnly:0 HLODRelevant:1 ListedInSceneOutliner:1 IsMainWorldOnly:0
 |   |   |- Guid:2D3272744D6908402F9FA287C5D009A0 BaseClass: NativeClass:/Script/Engine.StaticMeshActor Name:StaticMeshActor_UAID_98EECBDFBE275F5B02_1920933351 Label:Wall_400x425 SpatiallyLoaded:1 Bounds:IsValid=true, Min=(X=-60.000 Y=1860.000 Z=0.000), Max=(X=740.000 Y=1880.000 Z=400.000) RuntimeGrid:None EditorOnly:0 RuntimeOnly:0 HLODRelevant:1 ListedInSceneOutliner:1 IsMainWorldOnly:0
 |   |   |- Guid:2D963A304CB06F18F2373AB7668578D1 BaseClass:/Game/StarterContent/Blueprints/Blueprint_CeilingLight.Blueprint_CeilingLight_C NativeClass:/Script/Engine.Actor Name:Blueprint_CeilingLight_C_UAID_98EECBDFBE27BE5A02_1338950982 Label:Blueprint_CeilingLight SpatiallyLoaded:1 Bounds:IsValid=true, Min=(X=958.000 Y=-342.000 Z=348.640), Max=(X=1002.000 Y=-298.000 Z=482.170) RuntimeGrid:None EditorOnly:0 RuntimeOnly:0 HLODRelevant:0 ListedInSceneOutliner:1 IsMainWorldOnly:0
 |   |   |- Guid:3A590BA04624FEF1C6E855B64FD79FDC BaseClass: NativeClass:/Script/Engine.StaticMeshActor Name:StaticMeshActor_UAID_98EECBDFBE275D5B02_2131948974 Label:Wall_400x413 SpatiallyLoaded:1 Bounds:IsValid=true, Min=(X=350.000 Y=860.000 Z=0.000), Max=(X=650.000 Y=880.000 Z=400.000) RuntimeGrid:None EditorOnly:0 RuntimeOnly:0 HLODRelevant:1 ListedInSceneOutliner:1 IsMainWorldOnly:0
 |   |   |- Guid:46E5C2A04385C78746322B8CC8212AE3 BaseClass: NativeClass:/Script/Engine.StaticMeshActor Name:StaticMeshActor_UAID_98EECBDFBE275F5B02_1778104344 Label:Wall_400x407 SpatiallyLoaded:1 Bounds:IsValid=true, Min=(X=-60.000 Y=880.000 Z=0.000), Max=(X=-40.000 Y=1540.000 Z=400.000) RuntimeGrid:None EditorOnly:0 RuntimeOnly:0 HLODRelevant:1 ListedInSceneOutliner:1 IsMainWorldOnly:0
 |   |   |- Guid:47CFAA544B04D5C30D5326B2752C7FED BaseClass: NativeClass:/Script/Engine.StaticMeshActor Name:StaticMeshActor_UAID_98EECBDFBE275D5B02_2145469975 Label:Wall_Door_400x404 SpatiallyLoaded:1 Bounds:IsValid=true, Min=(X=-50.000 Y=860.000 Z=0.000), Max=(X=350.000 Y=880.000 Z=400.000) RuntimeGrid:None EditorOnly:0 RuntimeOnly:0 HLODRelevant:1 ListedInSceneOutliner:1 IsMainWorldOnly:0
 |   |   |- Guid:4BCCBA364EB934F0F93DD18EC4427200 BaseClass: NativeClass:/Script/Engine.StaticMeshActor Name:StaticMeshActor_UAID_98EECBDFBE27BF5A02_1152594160 Label:Shape_Plane SpatiallyLoaded:1 Bounds:IsValid=true, Min=(X=1210.000 Y=149.000 Z=142.500), Max=(X=1410.000 Y=149.000 Z=217.500) RuntimeGrid:None EditorOnly:0 RuntimeOnly:0 HLODRelevant:1 ListedInSceneOutliner:1 IsMainWorldOnly:0
 |   |   |- Guid:4ED52B1D4FEC83F5454B20A4BF12A6A2 BaseClass: NativeClass:/Script/Engine.StaticMeshActor Name:StaticMeshActor_UAID_98EECBDFBE275E5B02_1586637161 Label:Wall_Door_400x409 SpatiallyLoaded:1 Bounds:IsValid=true, Min=(X=-260.000 Y=350.000 Z=0.000), Max=(X=-240.000 Y=750.000 Z=400.000) RuntimeGrid:None EditorOnly:0 RuntimeOnly:0 HLODRelevant:1 ListedInSceneOutliner:1 IsMainWorldOnly:0
 |   |   |- Guid:54E634F4432B3CD76BE4928692F05F85 BaseClass: NativeClass:/Script/Engine.StaticMeshActor Name:StaticMeshActor_UAID_98EECBDFBE27BD5A02_2046207803 Label:Wall_Door_400x400 SpatiallyLoaded:1 Bounds:IsValid=true, Min=(X=790.000 Y=150.000 Z=0.000), Max=(X=1190.000 Y=170.000 Z=400.000) RuntimeGrid:None EditorOnly:0 RuntimeOnly:0 HLODRelevant:1 ListedInSceneOutliner:1 IsMainWorldOnly:0
 |   |   |- Guid:57DEF50C4A52339905418097800BD5DA BaseClass: NativeClass:/Script/Engine.StaticMeshActor Name:StaticMeshActor_UAID_98EECBDFBE275F5B02_1884160350 Label:Wall_400x424 SpatiallyLoaded:1 Bounds:IsValid=true, Min=(X=1930.000 Y=1680.000 Z=0.000), Max=(X=1950.000 Y=1880.000 Z=400.000) RuntimeGrid:None EditorOnly:0 RuntimeOnly:0 HLODRelevant:1 ListedInSceneOutliner:1 IsMainWorldOnly:0
 |   |   |- Guid:5C114F4F4F94ED9345135FB3DDA270CA BaseClass: NativeClass:/Script/Engine.StaticMeshActor Name:StaticMeshActor_UAID_98EECBDFBE275D5B02_2061103970 Label:Wall_400x412 SpatiallyLoaded:1 Bounds:IsValid=true, Min=(X=1060.000 Y=860.000 Z=0.000), Max=(X=2520.000 Y=880.000 Z=400.000) RuntimeGrid:None EditorOnly:0 RuntimeOnly:0 HLODRelevant:1 ListedInSceneOutliner:1 IsMainWorldOnly:0
 |   |   |- Guid:5E8FEE3D45B93D5B035697B950D640C8 BaseClass: NativeClass:/Script/Engine.StaticMeshActor Name:StaticMeshActor_UAID_98EECBDFBE275F5B02_1172536340 Label:Wall_400x420 SpatiallyLoaded:1 Bounds:IsValid=true, Min=(X=1640.000 Y=1150.000 Z=0.000), Max=(X=1660.000 Y=1550.000 Z=400.000) RuntimeGrid:None EditorOnly:0 RuntimeOnly:0 HLODRelevant:1 ListedInSceneOutliner:1 IsMainWorldOnly:0
 |   |   |- Guid:5FE7584649BB6F09265329A6C57CFD0D BaseClass: NativeClass:/Script/Engine.VolumetricCloud Name:VolumetricCloud_0 Label:VolumetricCloud SpatiallyLoaded:0 Bounds:IsValid=true, Min=(X=0.000 Y=0.000 Z=820.000), Max=(X=0.000 Y=0.000 Z=820.000) RuntimeGrid:None EditorOnly:0 RuntimeOnly:0 HLODRelevant:0 ListedInSceneOutliner:1 IsMainWorldOnly:0 FolderPath:Lighting FolderGuid:0BA5F0A04EADB18E70D5B180D08FA34B
 |   |   |- Guid:61391D344900612A77DFC3BA3E354907 BaseClass: NativeClass:/Script/Engine.ExponentialHeightFog Name:ExponentialHeightFog_0 Label:ExponentialHeightFog SpatiallyLoaded:0 Bounds:IsValid=true, Min=(X=-5600.000 Y=-50.000 Z=-6850.000), Max=(X=-5600.000 Y=-50.000 Z=-6850.000) RuntimeGrid:None EditorOnly:0 RuntimeOnly:0 HLODRelevant:0 ListedInSceneOutliner:1 IsMainWorldOnly:0 FolderPath:Lighting FolderGuid:0BA5F0A04EADB18E70D5B180D08FA34B
 |   |   |- Guid:63E9C9E0470AE20943D44DBDC577BF83 BaseClass: NativeClass:/Script/Engine.StaticMeshActor Name:StaticMeshActor_UAID_98EECBDFBE275E5B02_1148670152 Label:Wall_400x414 SpatiallyLoaded:1 Bounds:IsValid=true, Min=(X=450.000 Y=1150.000 Z=0.000), Max=(X=1150.000 Y=1170.000 Z=400.000) RuntimeGrid:None EditorOnly:0 RuntimeOnly:0 HLODRelevant:1 ListedInSceneOutliner:1 IsMainWorldOnly:0
 |   |   |- Guid:665212F9418990F2B94FE98A2CEA10FC BaseClass: NativeClass:/Script/Engine.StaticMeshActor Name:StaticMeshActor_UAID_98EECBDFBE275D5B02_1989998968 Label:Wall_400x411 SpatiallyLoaded:1 Bounds:IsValid=true, Min=(X=1050.000 Y=560.000 Z=0.000), Max=(X=1070.000 Y=880.000 Z=400.000) RuntimeGrid:None EditorOnly:0 RuntimeOnly:0 HLODRelevant:1 ListedInSceneOutliner:1 IsMainWorldOnly:0
 |   |   |- Guid:6A62D0BA4F54E01FD3E8FDBF20B76384 BaseClass: NativeClass:/Script/Engine.StaticMeshActor Name:StaticMeshActor_UAID_98EECBDFBE275E5B02_1612825163 Label:Wall_400x419 SpatiallyLoaded:1 Bounds:IsValid=true, Min=(X=-260.000 Y=670.000 Z=0.000), Max=(X=-240.000 Y=870.000 Z=400.000) RuntimeGrid:None EditorOnly:0 RuntimeOnly:0 HLODRelevant:1 ListedInSceneOutliner:1 IsMainWorldOnly:0
 |   |   |- Guid:6FEFB3BD4EB37B849EF0D4AC80F83855 BaseClass: NativeClass:/Script/Engine.WorldDataLayers Name:WorldDataLayers Label:WorldDataLayers SpatiallyLoaded:0 Bounds:IsValid=true, Min=(X=0.000 Y=0.000 Z=0.000), Max=(X=0.000 Y=0.000 Z=0.000) RuntimeGrid:None EditorOnly:0 RuntimeOnly:0 HLODRelevant:0 ListedInSceneOutliner:1 IsMainWorldOnly:1
 |   |   |- Guid:7114493D4253E1FE209ECAA611D1BF86 BaseClass: NativeClass:/Script/Engine.StaticMeshActor Name:StaticMeshActor_UAID_98EECBDFBE275F5B02_2072648358 Label:Wall_400x429 SpatiallyLoaded:1 Bounds:IsValid=true, Min=(X=550.000 Y=1860.000 Z=0.000), Max=(X=570.000 Y=2260.000 Z=400.000) RuntimeGrid:None EditorOnly:0 RuntimeOnly:0 HLODRelevant:1 ListedInSceneOutliner:1 IsMainWorldOnly:0
 |   |   |- Guid:78CAF7514C7533F30BD2F19A017AAB65 BaseClass: NativeClass:/Script/Engine.StaticMeshActor Name:StaticMeshActor_0 Label:SM_Cube SpatiallyLoaded:1 Bounds:IsValid=true, Min=(X=-710.000 Y=-750.000 Z=-50.000), Max=(X=3015.000 Y=2275.000 Z=0.000) RuntimeGrid:None EditorOnly:0 RuntimeOnly:0 HLODRelevant:1 ListedInSceneOutliner:1 IsMainWorldOnly:0 FolderPath:Playground FolderGuid:6C02BB504B69D1F3D7A624B130C18E5B
 |   |   |- Guid:79A5503A407EC191895340B1EFB569A1 BaseClass: NativeClass:/Script/Engine.StaticMeshActor Name:StaticMeshActor_UAID_98EECBDFBE275F5B02_2001957354 Label:Wall_400x426 SpatiallyLoaded:1 Bounds:IsValid=true, Min=(X=-50.000 Y=1530.000 Z=0.000), Max=(X=1650.000 Y=1550.000 Z=400.000) RuntimeGrid:None EditorOnly:0 RuntimeOnly:0 HLODRelevant:1 ListedInSceneOutliner:1 IsMainWorldOnly:0
 |   |   |- Guid:7C149F0542055D76A41EECB1989B6216 BaseClass: NativeClass:/Script/Engine.StaticMeshActor Name:StaticMeshActor_UAID_98EECBDFBE275D5B02_1680346966 Label:Wall_Door_400x402 SpatiallyLoaded:1 Bounds:IsValid=true, Min=(X=2110.000 Y=-460.000 Z=0.000), Max=(X=2510.000 Y=-440.000 Z=400.000) RuntimeGrid:None EditorOnly:0 RuntimeOnly:0 HLODRelevant:1 ListedInSceneOutliner:1 IsMainWorldOnly:0
 |   |   |- Guid:7C598A1749580BDE1092DC862713A2B7 BaseClass: NativeClass:/Script/Engine.StaticMeshActor Name:StaticMeshActor_UAID_98EECBDFBE275E5B02_1212827155 Label:Wall_400x416 SpatiallyLoaded:1 Bounds:IsValid=true, Min=(X=450.000 Y=870.000 Z=0.000), Max=(X=470.000 Y=1170.000 Z=400.000) RuntimeGrid:None EditorOnly:0 RuntimeOnly:0 HLODRelevant:1 ListedInSceneOutliner:1 IsMainWorldOnly:0
 |   |   |- Guid:7E3AE2AD4DCB260D03485F88F82111D3 BaseClass: NativeClass:/Script/Engine.StaticMeshActor Name:StaticMeshActor_UAID_98EECBDFBE27BD5A02_1918560801 Label:Wall_400x402 SpatiallyLoaded:1 Bounds:IsValid=true, Min=(X=1730.000 Y=-730.000 Z=0.000), Max=(X=1750.000 Y=170.000 Z=400.000) RuntimeGrid:None EditorOnly:0 RuntimeOnly:0 HLODRelevant:1 ListedInSceneOutliner:1 IsMainWorldOnly:0
 |   |   |- Guid:7F88395D4050AB7046202697A27F8161 BaseClass: NativeClass:/Script/Engine.StaticMeshActor Name:StaticMeshActor_UAID_98EECBDFBE275E5B02_1312832157 Label:Wall_Door_400x407 SpatiallyLoaded:1 Bounds:IsValid=true, Min=(X=1150.000 Y=1150.000 Z=0.000), Max=(X=1550.000 Y=1170.000 Z=400.000) RuntimeGrid:None EditorOnly:0 RuntimeOnly:0 HLODRelevant:1 ListedInSceneOutliner:1 IsMainWorldOnly:0
 |   |   |- Guid:8559D1384B14F466E8927697A36C1D78 BaseClass: NativeClass:/Script/Engine.StaticMeshActor Name:StaticMeshActor_9 Label:SM_Cube5 SpatiallyLoaded:1 Bounds:IsValid=true, Min=(X=-780.000 Y=-810.000 Z=0.000), Max=(X=-680.000 Y=2290.000 Z=400.000) RuntimeGrid:None EditorOnly:0 RuntimeOnly:0 HLODRelevant:1 ListedInSceneOutliner:1 IsMainWorldOnly:0 FolderPath:Playground FolderGuid:6C02BB504B69D1F3D7A624B130C18E5B
 |   |   |- Guid:85AF2A4E407032F139CF15B280F7EEB6 BaseClass: NativeClass:/Script/Engine.StaticMeshActor Name:StaticMeshActor_UAID_98EECBDFBE275D5B02_2115353971 Label:Wall_Door_400x403 SpatiallyLoaded:1 Bounds:IsValid=true, Min=(X=650.000 Y=860.000 Z=0.000), Max=(X=1050.000 Y=880.000 Z=400.000) RuntimeGrid:None EditorOnly:0 RuntimeOnly:0 HLODRelevant:1 ListedInSceneOutliner:1 IsMainWorldOnly:0
 |   |   |- Guid:8B43D7B14B52D8EB9155BF996EF6FF7A BaseClass: NativeClass:/Script/Engine.StaticMeshActor Name:StaticMeshActor_UAID_98EECBDFBE275E5B02_1184208153 Label:Wall_Door_400x405 SpatiallyLoaded:1 Bounds:IsValid=true, Min=(X=2050.000 Y=1150.000 Z=0.000), Max=(X=2450.000 Y=1170.000 Z=400.000) RuntimeGrid:None EditorOnly:0 RuntimeOnly:0 HLODRelevant:1 ListedInSceneOutliner:1 IsMainWorldOnly:0
 |   |   |- Guid:8B797DFD471255829F05FCB2972D0B5B BaseClass: NativeClass:/Script/Engine.StaticMeshActor Name:StaticMeshActor_UAID_98EECBDFBE275E5B02_1326273158 Label:Wall_400x417 SpatiallyLoaded:1 Bounds:IsValid=true, Min=(X=1550.000 Y=1150.000 Z=0.000), Max=(X=2050.000 Y=1170.000 Z=400.000) RuntimeGrid:None EditorOnly:0 RuntimeOnly:0 HLODRelevant:1 ListedInSceneOutliner:1 IsMainWorldOnly:0
 |   |   |- Guid:8EDC8D8645EDB3DCE47FDE9D86B3CA45 BaseClass: NativeClass:/Script/Engine.StaticMeshActor Name:StaticMeshActor_UAID_98EECBDFBE275F5B02_1940040352 Label:Wall_Door_400x412 SpatiallyLoaded:1 Bounds:IsValid=true, Min=(X=-60.000 Y=1470.000 Z=0.000), Max=(X=-40.000 Y=1870.000 Z=400.000) RuntimeGrid:None EditorOnly:0 RuntimeOnly:0 HLODRelevant:1 ListedInSceneOutliner:1 IsMainWorldOnly:0
 |   |   |- Guid:90B7B8D3420C2EABA931D3A6A69DF696 BaseClass: NativeClass:/Script/Engine.StaticMeshActor Name:StaticMeshActor_3 Label:SM_Cube2 SpatiallyLoaded:1 Bounds:IsValid=true, Min=(X=-710.000 Y=-810.000 Z=0.000), Max=(X=3015.000 Y=-710.000 Z=400.000) RuntimeGrid:None EditorOnly:0 RuntimeOnly:0 HLODRelevant:1 ListedInSceneOutliner:1 IsMainWorldOnly:0 FolderPath:Playground FolderGuid:6C02BB504B69D1F3D7A624B130C18E5B
 |   |   |- Guid:92DB0A6F42FA43D45ED80AAEEBE3A532 BaseClass: NativeClass:/Script/Engine.StaticMeshActor Name:StaticMeshActor_UAID_98EECBDFBE275E5B02_1605128162 Label:Wall_400x418 SpatiallyLoaded:1 Bounds:IsValid=true, Min=(X=-330.000 Y=860.000 Z=0.000), Max=(X=-30.000 Y=880.000 Z=400.000) RuntimeGrid:None EditorOnly:0 RuntimeOnly:0 HLODRelevant:1 ListedInSceneOutliner:1 IsMainWorldOnly:0
 |   |   |- Guid:96745AA8470D77EF584914A688C599DD BaseClass: NativeClass:/Script/Engine.StaticMeshActor Name:StaticMeshActor_UAID_98EECBDFBE275F5B02_1868475349 Label:Wall_400x423 SpatiallyLoaded:1 Bounds:IsValid=true, Min=(X=1930.000 Y=1670.000 Z=0.000), Max=(X=2230.000 Y=1690.000 Z=400.000) RuntimeGrid:None EditorOnly:0 RuntimeOnly:0 HLODRelevant:1 ListedInSceneOutliner:1 IsMainWorldOnly:0
 |   |   |- Guid:A354B1B24E617A525DC6B48CCDE2417E BaseClass: NativeClass:/Script/Engine.PlayerStart Name:PlayerStart_0 Label:PlayerStart SpatiallyLoaded:0 Bounds:IsValid=true, Min=(X=860.000 Y=-560.000 Z=0.013), Max=(X=940.000 Y=-480.000 Z=184.013) RuntimeGrid:None EditorOnly:0 RuntimeOnly:0 HLODRelevant:0 ListedInSceneOutliner:1 IsMainWorldOnly:0
 |   |   |- Guid:ACF5499D47553771CA25AAA6B68B82E5 BaseClass: NativeClass:/Script/Engine.StaticMeshActor Name:StaticMeshActor_UAID_98EECBDFBE275D5B02_1555439965 Label:Wall_400x409 SpatiallyLoaded:1 Bounds:IsValid=true, Min=(X=2090.000 Y=-460.000 Z=0.000), Max=(X=2110.000 Y=568.000 Z=400.000) RuntimeGrid:None EditorOnly:0 RuntimeOnly:0 HLODRelevant:1 ListedInSceneOutliner:1 IsMainWorldOnly:0
 |   |   |- Guid:B419441549937FEF62AF048456019D51 BaseClass: NativeClass:/Script/Engine.StaticMeshActor Name:StaticMeshActor_UAID_98EECBDFBE275F5B02_2104035360 Label:Wall_Door_400x415 SpatiallyLoaded:1 Bounds:IsValid=true, Min=(X=-690.000 Y=1860.000 Z=0.000), Max=(X=-290.000 Y=1880.000 Z=400.000) RuntimeGrid:None EditorOnly:0 RuntimeOnly:0 HLODRelevant:1 ListedInSceneOutliner:1 IsMainWorldOnly:0
 |   |   |- Guid:B8DDE00D481E4E78E050BD9C91795856 BaseClass: NativeClass:/Script/Engine.StaticMeshActor Name:StaticMeshActor_UAID_98EECBDFBE275F5B02_1814674345 Label:Wall_400x408 SpatiallyLoaded:1 Bounds:IsValid=true, Min=(X=2230.000 Y=1670.000 Z=0.000), Max=(X=2930.000 Y=1690.000 Z=400.000) RuntimeGrid:None EditorOnly:0 RuntimeOnly:0 HLODRelevant:1 ListedInSceneOutliner:1 IsMainWorldOnly:0
 |   |   |- Guid:BD3CBA2C44427BC7066A78916AE184A4 BaseClass: NativeClass:/Script/Engine.StaticMeshActor Name:StaticMeshActor_UAID_98EECBDFBE27BD5A02_1822650800 Label:Wall_400x401 SpatiallyLoaded:1 Bounds:IsValid=true, Min=(X=1140.000 Y=150.000 Z=0.000), Max=(X=1740.000 Y=170.000 Z=400.000) RuntimeGrid:None EditorOnly:0 RuntimeOnly:0 HLODRelevant:1 ListedInSceneOutliner:1 IsMainWorldOnly:0
 |   |   |- Guid:BF5F6CA848C21E78DB0A60BBF03330BC BaseClass: NativeClass:/Script/Engine.StaticMeshActor Name:StaticMeshActor_UAID_98EECBDFBE275F5B02_2049651356 Label:Wall_400x427 SpatiallyLoaded:1 Bounds:IsValid=true, Min=(X=1130.000 Y=1860.000 Z=0.000), Max=(X=1930.000 Y=1880.000 Z=400.000) RuntimeGrid:None EditorOnly:0 RuntimeOnly:0 HLODRelevant:1 ListedInSceneOutliner:1 IsMainWorldOnly:0
 |   |   |- Guid:BF91160040353769A6DEA9B1CCBF6D0F BaseClass: NativeClass:/Script/Engine.StaticMeshActor Name:StaticMeshActor_UAID_98EECBDFBE275D5B02_1695476967 Label:Wall_400x410 SpatiallyLoaded:1 Bounds:IsValid=true, Min=(X=2500.000 Y=-460.000 Z=0.000), Max=(X=2520.000 Y=880.000 Z=400.000) RuntimeGrid:None EditorOnly:0 RuntimeOnly:0 HLODRelevant:1 ListedInSceneOutliner:1 IsMainWorldOnly:0
 |   |   |- Guid:C0C56B9644AE3D40CAFF6A878DB29844 BaseClass: NativeClass:/Script/Engine.StaticMeshActor Name:StaticMeshActor_UAID_A4AE111137DC5EFB00_2001720423 Label:SM_SkySphere SpatiallyLoaded:0 Bounds:IsValid=true, Min=(X=-1638400.000 Y=-1638400.000 Z=-1638400.000), Max=(X=1638400.000 Y=1638400.000 Z=1638400.000) RuntimeGrid:None EditorOnly:0 RuntimeOnly:0 HLODRelevant:1 ListedInSceneOutliner:1 IsMainWorldOnly:0 FolderPath:Lighting FolderGuid:0BA5F0A04EADB18E70D5B180D08FA34B
 |   |   |- Guid:C22CE07C4B87D685137FDBBC10FC92C6 BaseClass: NativeClass:/Script/Engine.SkyAtmosphere Name:SkyAtmosphere_0 Label:SkyAtmosphere SpatiallyLoaded:0 Bounds:IsValid=true, Min=(X=0.000 Y=0.000 Z=1020.000), Max=(X=0.000 Y=0.000 Z=1020.000) RuntimeGrid:None EditorOnly:0 RuntimeOnly:0 HLODRelevant:0 ListedInSceneOutliner:1 IsMainWorldOnly:0 FolderPath:Lighting FolderGuid:0BA5F0A04EADB18E70D5B180D08FA34B
 |   |   |- Guid:C2A864E14F00117B95F7CCBF8588539E BaseClass: NativeClass:/Script/Engine.StaticMeshActor Name:StaticMeshActor_UAID_98EECBDFBE275D5B02_1304615961 Label:Wall_400x406 SpatiallyLoaded:1 Bounds:IsValid=true, Min=(X=-260.000 Y=-450.000 Z=0.000), Max=(X=-240.000 Y=350.000 Z=400.000) RuntimeGrid:None EditorOnly:0 RuntimeOnly:0 HLODRelevant:1 ListedInSceneOutliner:1 IsMainWorldOnly:0
 |   |   |- Guid:CC7F509147375A132884FBADB0F3FE05 BaseClass: NativeClass:/Script/Engine.StaticMeshActor Name:StaticMeshActor_UAID_98EECBDFBE27605B02_1083223539 Label:Wall_Door_400x416 SpatiallyLoaded:1 Bounds:IsValid=true, Min=(X=-350.000 Y=870.000 Z=0.000), Max=(X=-330.000 Y=1270.000 Z=400.000) RuntimeGrid:None EditorOnly:0 RuntimeOnly:0 HLODRelevant:1 ListedInSceneOutliner:1 IsMainWorldOnly:0
 |   |   |- Guid:DA08AFB04FE7FC54F93193A563736D43 BaseClass: NativeClass:/Script/Engine.StaticMeshActor Name:StaticMeshActor_UAID_98EECBDFBE275E5B02_1192418154 Label:Wall_400x415 SpatiallyLoaded:1 Bounds:IsValid=true, Min=(X=2450.000 Y=1150.000 Z=0.000), Max=(X=2950.000 Y=1170.000 Z=400.000) RuntimeGrid:None EditorOnly:0 RuntimeOnly:0 HLODRelevant:1 ListedInSceneOutliner:1 IsMainWorldOnly:0
 |   |   |- Guid:DAF78A214FF356ADDCCF0084D5A47918 BaseClass: NativeClass:/Script/Engine.StaticMeshActor Name:StaticMeshActor_UAID_98EECBDFBE275C5B02_1507468784 Label:Wall_400x405 SpatiallyLoaded:1 Bounds:IsValid=true, Min=(X=-260.000 Y=-450.000 Z=0.000), Max=(X=-160.000 Y=-430.000 Z=400.000) RuntimeGrid:None EditorOnly:0 RuntimeOnly:0 HLODRelevant:1 ListedInSceneOutliner:1 IsMainWorldOnly:0
 |   |   |- Guid:E075040B4CDA678B20D518A933294F31 BaseClass: NativeClass:/Script/Engine.StaticMeshActor Name:StaticMeshActor_UAID_98EECBDFBE275F5B02_1838134348 Label:Wall_400x422 SpatiallyLoaded:1 Bounds:IsValid=true, Min=(X=2230.000 Y=2040.000 Z=0.000), Max=(X=2250.000 Y=2240.000 Z=400.000) RuntimeGrid:None EditorOnly:0 RuntimeOnly:0 HLODRelevant:1 ListedInSceneOutliner:1 IsMainWorldOnly:0
 |   |   |- Guid:E3386E204FC1D8CC8FAD0CA023F44449 BaseClass: NativeClass:/Script/Engine.StaticMeshActor Name:StaticMeshActor_UAID_98EECBDFBE27BD5A02_1794904799 Label:Wall_400x400 SpatiallyLoaded:1 Bounds:IsValid=true, Min=(X=200.000 Y=150.000 Z=0.000), Max=(X=800.000 Y=170.000 Z=400.000) RuntimeGrid:None EditorOnly:0 RuntimeOnly:0 HLODRelevant:1 ListedInSceneOutliner:1 IsMainWorldOnly:0
 |   |   |- Guid:E3F85CE84669D9E98ED691AB54E181DA BaseClass: NativeClass:/Script/Engine.StaticMeshActor Name:StaticMeshActor_UAID_98EECBDFBE275F5B02_2041125355 Label:Wall_Door_400x414 SpatiallyLoaded:1 Bounds:IsValid=true, Min=(X=730.000 Y=1860.000 Z=0.000), Max=(X=1130.000 Y=1880.000 Z=400.000) RuntimeGrid:None EditorOnly:0 RuntimeOnly:0 HLODRelevant:1 ListedInSceneOutliner:1 IsMainWorldOnly:0
 |   |   |- Guid:E5320C1B4FD9764CE7B54D8487AEC613 BaseClass: NativeClass:/Script/Engine.SkyLight Name:SkyLight_0 Label:SkyLight SpatiallyLoaded:0 Bounds:IsValid=true, Min=(X=-760.000 Y=-1220.000 Z=690.000), Max=(X=-760.000 Y=-1220.000 Z=690.000) RuntimeGrid:None EditorOnly:0 RuntimeOnly:0 HLODRelevant:0 ListedInSceneOutliner:1 IsMainWorldOnly:0 FolderPath:Lighting FolderGuid:0BA5F0A04EADB18E70D5B180D08FA34B
 |   |   |- Guid:E9CBA32443007FFD00F7BC9091DC0E40 BaseClass: NativeClass:/Script/Engine.TextRenderActor Name:TextRenderActor_UAID_98EECBDFBE27BF5A02_1293099161 Label:TextRenderActor SpatiallyLoaded:1 Bounds:IsValid=true, Min=(X=1213.000 Y=148.000 Z=170.000), Max=(X=1405.000 Y=148.000 Z=196.000) RuntimeGrid:None EditorOnly:0 RuntimeOnly:0 HLODRelevant:0 ListedInSceneOutliner:1 IsMainWorldOnly:0
 |   |   |- Guid:EBAC68FB4825A380820C2F8C0C7D20DE BaseClass: NativeClass:/Script/Engine.StaticMeshActor Name:StaticMeshActor_UAID_98EECBDFBE275D5B02_1460530964 Label:Wall_Door_400x401 SpatiallyLoaded:1 Bounds:IsValid=true, Min=(X=200.000 Y=170.000 Z=0.000), Max=(X=220.000 Y=570.000 Z=400.000) RuntimeGrid:None EditorOnly:0 RuntimeOnly:0 HLODRelevant:1 ListedInSceneOutliner:1 IsMainWorldOnly:0
 |   |   |- Guid:EEFB08F440F0BA2DA95965A2E9AFC51A BaseClass: NativeClass:/Script/Engine.StaticMeshActor Name:StaticMeshActor_UAID_98EECBDFBE27BD5A02_1945647802 Label:Wall_400x403 SpatiallyLoaded:1 Bounds:IsValid=true, Min=(X=200.000 Y=-740.000 Z=0.000), Max=(X=220.000 Y=160.000 Z=400.000) RuntimeGrid:None EditorOnly:0 RuntimeOnly:0 HLODRelevant:1 ListedInSceneOutliner:1 IsMainWorldOnly:0
 |   |   |- Guid:F07F1AF64C7C7C238EE1B4BF8C122DD8 BaseClass: NativeClass:/Script/Engine.StaticMeshActor Name:StaticMeshActor_4 Label:SM_Cube3 SpatiallyLoaded:1 Bounds:IsValid=true, Min=(X=-710.000 Y=2190.000 Z=0.000), Max=(X=2915.000 Y=2290.000 Z=400.000) RuntimeGrid:None EditorOnly:0 RuntimeOnly:0 HLODRelevant:1 ListedInSceneOutliner:1 IsMainWorldOnly:0 FolderPath:Playground FolderGuid:6C02BB504B69D1F3D7A624B130C18E5B
 |   |   |- Guid:F2E604B848C9C663214026B9450DD2EF BaseClass: NativeClass:/Script/Engine.StaticMeshActor Name:StaticMeshActor_UAID_98EECBDFBE275E5B02_1546419160 Label:Wall_Door_400x408 SpatiallyLoaded:1 Bounds:IsValid=true, Min=(X=-190.000 Y=-450.000 Z=0.000), Max=(X=210.000 Y=-430.000 Z=400.000) RuntimeGrid:None EditorOnly:0 RuntimeOnly:0 HLODRelevant:1 ListedInSceneOutliner:1 IsMainWorldOnly:0
 |   |   |- Guid:F80621C9446867154938FE81375207DA BaseClass: NativeClass:/Script/Engine.DirectionalLight Name:DirectionalLight_1 Label:DirectionalLight SpatiallyLoaded:0 Bounds:IsValid=true, Min=(X=-1048576.000 Y=-1048576.000 Z=-1048576.000), Max=(X=1048576.000 Y=1048576.000 Z=1048576.000) RuntimeGrid:None EditorOnly:0 RuntimeOnly:0 HLODRelevant:0 ListedInSceneOutliner:1 IsMainWorldOnly:0 FolderPath:Lighting FolderGuid:0BA5F0A04EADB18E70D5B180D08FA34B
 |   |- [+] Clusters:
 |   |   |- [+] [  0]
 |   |   |   |- Guid:02669A134B3646FAA8013895F778E9C6 BaseClass: NativeClass:/Script/Engine.StaticMeshActor Name:StaticMeshActor_UAID_98EECBDFBE275E5B02_1273352156 Label:Wall_Door_400x406 SpatiallyLoaded:1 Bounds:IsValid=true, Min=(X=1730.000 Y=170.000 Z=0.000), Max=(X=1750.000 Y=570.000 Z=400.000) RuntimeGrid:None EditorOnly:0 RuntimeOnly:0 HLODRelevant:1 ListedInSceneOutliner:1 IsMainWorldOnly:0
 |   |   |- [+] [  1]
 |   |   |   |- Guid:0811430A46008827A14F4591BA003F23 BaseClass: NativeClass:/Script/Engine.StaticMeshActor Name:StaticMeshActor_UAID_98EECBDFBE275F5B02_1826452346 Label:Wall_Door_400x411 SpatiallyLoaded:1 Bounds:IsValid=true, Min=(X=2230.000 Y=1670.000 Z=0.000), Max=(X=2250.000 Y=2070.000 Z=400.000) RuntimeGrid:None EditorOnly:0 RuntimeOnly:0 HLODRelevant:1 ListedInSceneOutliner:1 IsMainWorldOnly:0
 |   |   |- [+] [  2]
 |   |   |   |- Guid:09B201D94D0DAAEEA726C3A91381A790 BaseClass: NativeClass:/Script/Engine.StaticMeshActor Name:StaticMeshActor_UAID_98EECBDFBE275F5B02_1257248343 Label:Wall_Door_400x410 SpatiallyLoaded:1 Bounds:IsValid=true, Min=(X=-690.000 Y=860.000 Z=0.000), Max=(X=-290.000 Y=880.000 Z=400.000) RuntimeGrid:None EditorOnly:0 RuntimeOnly:0 HLODRelevant:1 ListedInSceneOutliner:1 IsMainWorldOnly:0
 |   |   |- [+] [  3]
 |   |   |   |- Guid:0AC00D05439C5148605C38B14E105FDE BaseClass: NativeClass:/Script/Engine.StaticMeshActor Name:StaticMeshActor_UAID_98EECBDFBE27605B02_1095844540 Label:Wall_400x430 SpatiallyLoaded:1 Bounds:IsValid=true, Min=(X=-350.000 Y=1260.000 Z=0.000), Max=(X=-330.000 Y=1860.000 Z=400.000) RuntimeGrid:None EditorOnly:0 RuntimeOnly:0 HLODRelevant:1 ListedInSceneOutliner:1 IsMainWorldOnly:0
 |   |   |- [+] [  4]
 |   |   |   |- Guid:0EDB289B45CB7E0977A6DBA74201EE76 BaseClass: NativeClass:/Script/Engine.StaticMeshActor Name:StaticMeshActor_10 Label:SM_Cube6 SpatiallyLoaded:1 Bounds:IsValid=true, Min=(X=2920.000 Y=-740.000 Z=0.000), Max=(X=3020.000 Y=2310.000 Z=400.000) RuntimeGrid:None EditorOnly:0 RuntimeOnly:0 HLODRelevant:1 ListedInSceneOutliner:1 IsMainWorldOnly:0 FolderPath:Playground FolderGuid:6C02BB504B69D1F3D7A624B130C18E5B
 |   |   |- [+] [  5]
 |   |   |   |- Guid:1B816B5C410C1675573DB19776BF0A26 BaseClass: NativeClass:/Script/Engine.StaticMeshActor Name:StaticMeshActor_UAID_98EECBDFBE275C5B02_1491135783 Label:Wall_400x404 SpatiallyLoaded:1 Bounds:IsValid=true, Min=(X=200.000 Y=550.000 Z=0.000), Max=(X=2100.000 Y=570.000 Z=400.000) RuntimeGrid:None EditorOnly:0 RuntimeOnly:0 HLODRelevant:1 ListedInSceneOutliner:1 IsMainWorldOnly:0
 |   |   |- [+] [  6]
 |   |   |   |- Guid:2413E50A4EBD7922340D1B80083F0E8D BaseClass: NativeClass:/Script/Engine.StaticMeshActor Name:StaticMeshActor_UAID_98EECBDFBE275F5B02_2061981357 Label:Wall_400x428 SpatiallyLoaded:1 Bounds:IsValid=true, Min=(X=-350.000 Y=1860.000 Z=0.000), Max=(X=-50.000 Y=1880.000 Z=400.000) RuntimeGrid:None EditorOnly:0 RuntimeOnly:0 HLODRelevant:1 ListedInSceneOutliner:1 IsMainWorldOnly:0
 |   |   |- [+] [  7]
 |   |   |   |- Guid:2D3272744D6908402F9FA287C5D009A0 BaseClass: NativeClass:/Script/Engine.StaticMeshActor Name:StaticMeshActor_UAID_98EECBDFBE275F5B02_1920933351 Label:Wall_400x425 SpatiallyLoaded:1 Bounds:IsValid=true, Min=(X=-60.000 Y=1860.000 Z=0.000), Max=(X=740.000 Y=1880.000 Z=400.000) RuntimeGrid:None EditorOnly:0 RuntimeOnly:0 HLODRelevant:1 ListedInSceneOutliner:1 IsMainWorldOnly:0
 |   |   |- [+] [  8]
 |   |   |   |- Guid:2D963A304CB06F18F2373AB7668578D1 BaseClass:/Game/StarterContent/Blueprints/Blueprint_CeilingLight.Blueprint_CeilingLight_C NativeClass:/Script/Engine.Actor Name:Blueprint_CeilingLight_C_UAID_98EECBDFBE27BE5A02_1338950982 Label:Blueprint_CeilingLight SpatiallyLoaded:1 Bounds:IsValid=true, Min=(X=958.000 Y=-342.000 Z=348.640), Max=(X=1002.000 Y=-298.000 Z=482.170) RuntimeGrid:None EditorOnly:0 RuntimeOnly:0 HLODRelevant:0 ListedInSceneOutliner:1 IsMainWorldOnly:0
 |   |   |- [+] [  9]
 |   |   |   |- Guid:3A590BA04624FEF1C6E855B64FD79FDC BaseClass: NativeClass:/Script/Engine.StaticMeshActor Name:StaticMeshActor_UAID_98EECBDFBE275D5B02_2131948974 Label:Wall_400x413 SpatiallyLoaded:1 Bounds:IsValid=true, Min=(X=350.000 Y=860.000 Z=0.000), Max=(X=650.000 Y=880.000 Z=400.000) RuntimeGrid:None EditorOnly:0 RuntimeOnly:0 HLODRelevant:1 ListedInSceneOutliner:1 IsMainWorldOnly:0
 |   |   |- [+] [ 10]
 |   |   |   |- Guid:46E5C2A04385C78746322B8CC8212AE3 BaseClass: NativeClass:/Script/Engine.StaticMeshActor Name:StaticMeshActor_UAID_98EECBDFBE275F5B02_1778104344 Label:Wall_400x407 SpatiallyLoaded:1 Bounds:IsValid=true, Min=(X=-60.000 Y=880.000 Z=0.000), Max=(X=-40.000 Y=1540.000 Z=400.000) RuntimeGrid:None EditorOnly:0 RuntimeOnly:0 HLODRelevant:1 ListedInSceneOutliner:1 IsMainWorldOnly:0
 |   |   |- [+] [ 11]
 |   |   |   |- Guid:47CFAA544B04D5C30D5326B2752C7FED BaseClass: NativeClass:/Script/Engine.StaticMeshActor Name:StaticMeshActor_UAID_98EECBDFBE275D5B02_2145469975 Label:Wall_Door_400x404 SpatiallyLoaded:1 Bounds:IsValid=true, Min=(X=-50.000 Y=860.000 Z=0.000), Max=(X=350.000 Y=880.000 Z=400.000) RuntimeGrid:None EditorOnly:0 RuntimeOnly:0 HLODRelevant:1 ListedInSceneOutliner:1 IsMainWorldOnly:0
 |   |   |- [+] [ 12]
 |   |   |   |- Guid:4BCCBA364EB934F0F93DD18EC4427200 BaseClass: NativeClass:/Script/Engine.StaticMeshActor Name:StaticMeshActor_UAID_98EECBDFBE27BF5A02_1152594160 Label:Shape_Plane SpatiallyLoaded:1 Bounds:IsValid=true, Min=(X=1210.000 Y=149.000 Z=142.500), Max=(X=1410.000 Y=149.000 Z=217.500) RuntimeGrid:None EditorOnly:0 RuntimeOnly:0 HLODRelevant:1 ListedInSceneOutliner:1 IsMainWorldOnly:0
 |   |   |- [+] [ 13]
 |   |   |   |- Guid:4ED52B1D4FEC83F5454B20A4BF12A6A2 BaseClass: NativeClass:/Script/Engine.StaticMeshActor Name:StaticMeshActor_UAID_98EECBDFBE275E5B02_1586637161 Label:Wall_Door_400x409 SpatiallyLoaded:1 Bounds:IsValid=true, Min=(X=-260.000 Y=350.000 Z=0.000), Max=(X=-240.000 Y=750.000 Z=400.000) RuntimeGrid:None EditorOnly:0 RuntimeOnly:0 HLODRelevant:1 ListedInSceneOutliner:1 IsMainWorldOnly:0
 |   |   |- [+] [ 14]
 |   |   |   |- Guid:54E634F4432B3CD76BE4928692F05F85 BaseClass: NativeClass:/Script/Engine.StaticMeshActor Name:StaticMeshActor_UAID_98EECBDFBE27BD5A02_2046207803 Label:Wall_Door_400x400 SpatiallyLoaded:1 Bounds:IsValid=true, Min=(X=790.000 Y=150.000 Z=0.000), Max=(X=1190.000 Y=170.000 Z=400.000) RuntimeGrid:None EditorOnly:0 RuntimeOnly:0 HLODRelevant:1 ListedInSceneOutliner:1 IsMainWorldOnly:0
 |   |   |- [+] [ 15]
 |   |   |   |- Guid:57DEF50C4A52339905418097800BD5DA BaseClass: NativeClass:/Script/Engine.StaticMeshActor Name:StaticMeshActor_UAID_98EECBDFBE275F5B02_1884160350 Label:Wall_400x424 SpatiallyLoaded:1 Bounds:IsValid=true, Min=(X=1930.000 Y=1680.000 Z=0.000), Max=(X=1950.000 Y=1880.000 Z=400.000) RuntimeGrid:None EditorOnly:0 RuntimeOnly:0 HLODRelevant:1 ListedInSceneOutliner:1 IsMainWorldOnly:0
 |   |   |- [+] [ 16]
 |   |   |   |- Guid:5C114F4F4F94ED9345135FB3DDA270CA BaseClass: NativeClass:/Script/Engine.StaticMeshActor Name:StaticMeshActor_UAID_98EECBDFBE275D5B02_2061103970 Label:Wall_400x412 SpatiallyLoaded:1 Bounds:IsValid=true, Min=(X=1060.000 Y=860.000 Z=0.000), Max=(X=2520.000 Y=880.000 Z=400.000) RuntimeGrid:None EditorOnly:0 RuntimeOnly:0 HLODRelevant:1 ListedInSceneOutliner:1 IsMainWorldOnly:0
 |   |   |- [+] [ 17]
 |   |   |   |- Guid:5E8FEE3D45B93D5B035697B950D640C8 BaseClass: NativeClass:/Script/Engine.StaticMeshActor Name:StaticMeshActor_UAID_98EECBDFBE275F5B02_1172536340 Label:Wall_400x420 SpatiallyLoaded:1 Bounds:IsValid=true, Min=(X=1640.000 Y=1150.000 Z=0.000), Max=(X=1660.000 Y=1550.000 Z=400.000) RuntimeGrid:None EditorOnly:0 RuntimeOnly:0 HLODRelevant:1 ListedInSceneOutliner:1 IsMainWorldOnly:0
 |   |   |- [+] [ 18]
 |   |   |   |- Guid:5FE7584649BB6F09265329A6C57CFD0D BaseClass: NativeClass:/Script/Engine.VolumetricCloud Name:VolumetricCloud_0 Label:VolumetricCloud SpatiallyLoaded:0 Bounds:IsValid=true, Min=(X=0.000 Y=0.000 Z=820.000), Max=(X=0.000 Y=0.000 Z=820.000) RuntimeGrid:None EditorOnly:0 RuntimeOnly:0 HLODRelevant:0 ListedInSceneOutliner:1 IsMainWorldOnly:0 FolderPath:Lighting FolderGuid:0BA5F0A04EADB18E70D5B180D08FA34B
 |   |   |- [+] [ 19]
 |   |   |   |- Guid:61391D344900612A77DFC3BA3E354907 BaseClass: NativeClass:/Script/Engine.ExponentialHeightFog Name:ExponentialHeightFog_0 Label:ExponentialHeightFog SpatiallyLoaded:0 Bounds:IsValid=true, Min=(X=-5600.000 Y=-50.000 Z=-6850.000), Max=(X=-5600.000 Y=-50.000 Z=-6850.000) RuntimeGrid:None EditorOnly:0 RuntimeOnly:0 HLODRelevant:0 ListedInSceneOutliner:1 IsMainWorldOnly:0 FolderPath:Lighting FolderGuid:0BA5F0A04EADB18E70D5B180D08FA34B
 |   |   |- [+] [ 20]
 |   |   |   |- Guid:63E9C9E0470AE20943D44DBDC577BF83 BaseClass: NativeClass:/Script/Engine.StaticMeshActor Name:StaticMeshActor_UAID_98EECBDFBE275E5B02_1148670152 Label:Wall_400x414 SpatiallyLoaded:1 Bounds:IsValid=true, Min=(X=450.000 Y=1150.000 Z=0.000), Max=(X=1150.000 Y=1170.000 Z=400.000) RuntimeGrid:None EditorOnly:0 RuntimeOnly:0 HLODRelevant:1 ListedInSceneOutliner:1 IsMainWorldOnly:0
 |   |   |- [+] [ 21]
 |   |   |   |- Guid:665212F9418990F2B94FE98A2CEA10FC BaseClass: NativeClass:/Script/Engine.StaticMeshActor Name:StaticMeshActor_UAID_98EECBDFBE275D5B02_1989998968 Label:Wall_400x411 SpatiallyLoaded:1 Bounds:IsValid=true, Min=(X=1050.000 Y=560.000 Z=0.000), Max=(X=1070.000 Y=880.000 Z=400.000) RuntimeGrid:None EditorOnly:0 RuntimeOnly:0 HLODRelevant:1 ListedInSceneOutliner:1 IsMainWorldOnly:0
 |   |   |- [+] [ 22]
 |   |   |   |- Guid:6A62D0BA4F54E01FD3E8FDBF20B76384 BaseClass: NativeClass:/Script/Engine.StaticMeshActor Name:StaticMeshActor_UAID_98EECBDFBE275E5B02_1612825163 Label:Wall_400x419 SpatiallyLoaded:1 Bounds:IsValid=true, Min=(X=-260.000 Y=670.000 Z=0.000), Max=(X=-240.000 Y=870.000 Z=400.000) RuntimeGrid:None EditorOnly:0 RuntimeOnly:0 HLODRelevant:1 ListedInSceneOutliner:1 IsMainWorldOnly:0
 |   |   |- [+] [ 23]
 |   |   |   |- Guid:6FEFB3BD4EB37B849EF0D4AC80F83855 BaseClass: NativeClass:/Script/Engine.WorldDataLayers Name:WorldDataLayers Label:WorldDataLayers SpatiallyLoaded:0 Bounds:IsValid=true, Min=(X=0.000 Y=0.000 Z=0.000), Max=(X=0.000 Y=0.000 Z=0.000) RuntimeGrid:None EditorOnly:0 RuntimeOnly:0 HLODRelevant:0 ListedInSceneOutliner:1 IsMainWorldOnly:1
 |   |   |- [+] [ 24]
 |   |   |   |- Guid:7114493D4253E1FE209ECAA611D1BF86 BaseClass: NativeClass:/Script/Engine.StaticMeshActor Name:StaticMeshActor_UAID_98EECBDFBE275F5B02_2072648358 Label:Wall_400x429 SpatiallyLoaded:1 Bounds:IsValid=true, Min=(X=550.000 Y=1860.000 Z=0.000), Max=(X=570.000 Y=2260.000 Z=400.000) RuntimeGrid:None EditorOnly:0 RuntimeOnly:0 HLODRelevant:1 ListedInSceneOutliner:1 IsMainWorldOnly:0
 |   |   |- [+] [ 25]
 |   |   |   |- Guid:78CAF7514C7533F30BD2F19A017AAB65 BaseClass: NativeClass:/Script/Engine.StaticMeshActor Name:StaticMeshActor_0 Label:SM_Cube SpatiallyLoaded:1 Bounds:IsValid=true, Min=(X=-710.000 Y=-750.000 Z=-50.000), Max=(X=3015.000 Y=2275.000 Z=0.000) RuntimeGrid:None EditorOnly:0 RuntimeOnly:0 HLODRelevant:1 ListedInSceneOutliner:1 IsMainWorldOnly:0 FolderPath:Playground FolderGuid:6C02BB504B69D1F3D7A624B130C18E5B
 |   |   |- [+] [ 26]
 |   |   |   |- Guid:79A5503A407EC191895340B1EFB569A1 BaseClass: NativeClass:/Script/Engine.StaticMeshActor Name:StaticMeshActor_UAID_98EECBDFBE275F5B02_2001957354 Label:Wall_400x426 SpatiallyLoaded:1 Bounds:IsValid=true, Min=(X=-50.000 Y=1530.000 Z=0.000), Max=(X=1650.000 Y=1550.000 Z=400.000) RuntimeGrid:None EditorOnly:0 RuntimeOnly:0 HLODRelevant:1 ListedInSceneOutliner:1 IsMainWorldOnly:0
 |   |   |- [+] [ 27]
 |   |   |   |- Guid:7C149F0542055D76A41EECB1989B6216 BaseClass: NativeClass:/Script/Engine.StaticMeshActor Name:StaticMeshActor_UAID_98EECBDFBE275D5B02_1680346966 Label:Wall_Door_400x402 SpatiallyLoaded:1 Bounds:IsValid=true, Min=(X=2110.000 Y=-460.000 Z=0.000), Max=(X=2510.000 Y=-440.000 Z=400.000) RuntimeGrid:None EditorOnly:0 RuntimeOnly:0 HLODRelevant:1 ListedInSceneOutliner:1 IsMainWorldOnly:0
 |   |   |- [+] [ 28]
 |   |   |   |- Guid:7C598A1749580BDE1092DC862713A2B7 BaseClass: NativeClass:/Script/Engine.StaticMeshActor Name:StaticMeshActor_UAID_98EECBDFBE275E5B02_1212827155 Label:Wall_400x416 SpatiallyLoaded:1 Bounds:IsValid=true, Min=(X=450.000 Y=870.000 Z=0.000), Max=(X=470.000 Y=1170.000 Z=400.000) RuntimeGrid:None EditorOnly:0 RuntimeOnly:0 HLODRelevant:1 ListedInSceneOutliner:1 IsMainWorldOnly:0
 |   |   |- [+] [ 29]
 |   |   |   |- Guid:7E3AE2AD4DCB260D03485F88F82111D3 BaseClass: NativeClass:/Script/Engine.StaticMeshActor Name:StaticMeshActor_UAID_98EECBDFBE27BD5A02_1918560801 Label:Wall_400x402 SpatiallyLoaded:1 Bounds:IsValid=true, Min=(X=1730.000 Y=-730.000 Z=0.000), Max=(X=1750.000 Y=170.000 Z=400.000) RuntimeGrid:None EditorOnly:0 RuntimeOnly:0 HLODRelevant:1 ListedInSceneOutliner:1 IsMainWorldOnly:0
 |   |   |- [+] [ 30]
 |   |   |   |- Guid:7F88395D4050AB7046202697A27F8161 BaseClass: NativeClass:/Script/Engine.StaticMeshActor Name:StaticMeshActor_UAID_98EECBDFBE275E5B02_1312832157 Label:Wall_Door_400x407 SpatiallyLoaded:1 Bounds:IsValid=true, Min=(X=1150.000 Y=1150.000 Z=0.000), Max=(X=1550.000 Y=1170.000 Z=400.000) RuntimeGrid:None EditorOnly:0 RuntimeOnly:0 HLODRelevant:1 ListedInSceneOutliner:1 IsMainWorldOnly:0
 |   |   |- [+] [ 31]
 |   |   |   |- Guid:8559D1384B14F466E8927697A36C1D78 BaseClass: NativeClass:/Script/Engine.StaticMeshActor Name:StaticMeshActor_9 Label:SM_Cube5 SpatiallyLoaded:1 Bounds:IsValid=true, Min=(X=-780.000 Y=-810.000 Z=0.000), Max=(X=-680.000 Y=2290.000 Z=400.000) RuntimeGrid:None EditorOnly:0 RuntimeOnly:0 HLODRelevant:1 ListedInSceneOutliner:1 IsMainWorldOnly:0 FolderPath:Playground FolderGuid:6C02BB504B69D1F3D7A624B130C18E5B
 |   |   |- [+] [ 32]
 |   |   |   |- Guid:85AF2A4E407032F139CF15B280F7EEB6 BaseClass: NativeClass:/Script/Engine.StaticMeshActor Name:StaticMeshActor_UAID_98EECBDFBE275D5B02_2115353971 Label:Wall_Door_400x403 SpatiallyLoaded:1 Bounds:IsValid=true, Min=(X=650.000 Y=860.000 Z=0.000), Max=(X=1050.000 Y=880.000 Z=400.000) RuntimeGrid:None EditorOnly:0 RuntimeOnly:0 HLODRelevant:1 ListedInSceneOutliner:1 IsMainWorldOnly:0
 |   |   |- [+] [ 33]
 |   |   |   |- Guid:8B43D7B14B52D8EB9155BF996EF6FF7A BaseClass: NativeClass:/Script/Engine.StaticMeshActor Name:StaticMeshActor_UAID_98EECBDFBE275E5B02_1184208153 Label:Wall_Door_400x405 SpatiallyLoaded:1 Bounds:IsValid=true, Min=(X=2050.000 Y=1150.000 Z=0.000), Max=(X=2450.000 Y=1170.000 Z=400.000) RuntimeGrid:None EditorOnly:0 RuntimeOnly:0 HLODRelevant:1 ListedInSceneOutliner:1 IsMainWorldOnly:0
 |   |   |- [+] [ 34]
 |   |   |   |- Guid:8B797DFD471255829F05FCB2972D0B5B BaseClass: NativeClass:/Script/Engine.StaticMeshActor Name:StaticMeshActor_UAID_98EECBDFBE275E5B02_1326273158 Label:Wall_400x417 SpatiallyLoaded:1 Bounds:IsValid=true, Min=(X=1550.000 Y=1150.000 Z=0.000), Max=(X=2050.000 Y=1170.000 Z=400.000) RuntimeGrid:None EditorOnly:0 RuntimeOnly:0 HLODRelevant:1 ListedInSceneOutliner:1 IsMainWorldOnly:0
 |   |   |- [+] [ 35]
 |   |   |   |- Guid:8EDC8D8645EDB3DCE47FDE9D86B3CA45 BaseClass: NativeClass:/Script/Engine.StaticMeshActor Name:StaticMeshActor_UAID_98EECBDFBE275F5B02_1940040352 Label:Wall_Door_400x412 SpatiallyLoaded:1 Bounds:IsValid=true, Min=(X=-60.000 Y=1470.000 Z=0.000), Max=(X=-40.000 Y=1870.000 Z=400.000) RuntimeGrid:None EditorOnly:0 RuntimeOnly:0 HLODRelevant:1 ListedInSceneOutliner:1 IsMainWorldOnly:0
 |   |   |- [+] [ 36]
 |   |   |   |- Guid:90B7B8D3420C2EABA931D3A6A69DF696 BaseClass: NativeClass:/Script/Engine.StaticMeshActor Name:StaticMeshActor_3 Label:SM_Cube2 SpatiallyLoaded:1 Bounds:IsValid=true, Min=(X=-710.000 Y=-810.000 Z=0.000), Max=(X=3015.000 Y=-710.000 Z=400.000) RuntimeGrid:None EditorOnly:0 RuntimeOnly:0 HLODRelevant:1 ListedInSceneOutliner:1 IsMainWorldOnly:0 FolderPath:Playground FolderGuid:6C02BB504B69D1F3D7A624B130C18E5B
 |   |   |- [+] [ 37]
 |   |   |   |- Guid:92DB0A6F42FA43D45ED80AAEEBE3A532 BaseClass: NativeClass:/Script/Engine.StaticMeshActor Name:StaticMeshActor_UAID_98EECBDFBE275E5B02_1605128162 Label:Wall_400x418 SpatiallyLoaded:1 Bounds:IsValid=true, Min=(X=-330.000 Y=860.000 Z=0.000), Max=(X=-30.000 Y=880.000 Z=400.000) RuntimeGrid:None EditorOnly:0 RuntimeOnly:0 HLODRelevant:1 ListedInSceneOutliner:1 IsMainWorldOnly:0
 |   |   |- [+] [ 38]
 |   |   |   |- Guid:96745AA8470D77EF584914A688C599DD BaseClass: NativeClass:/Script/Engine.StaticMeshActor Name:StaticMeshActor_UAID_98EECBDFBE275F5B02_1868475349 Label:Wall_400x423 SpatiallyLoaded:1 Bounds:IsValid=true, Min=(X=1930.000 Y=1670.000 Z=0.000), Max=(X=2230.000 Y=1690.000 Z=400.000) RuntimeGrid:None EditorOnly:0 RuntimeOnly:0 HLODRelevant:1 ListedInSceneOutliner:1 IsMainWorldOnly:0
 |   |   |- [+] [ 39]
 |   |   |   |- Guid:A354B1B24E617A525DC6B48CCDE2417E BaseClass: NativeClass:/Script/Engine.PlayerStart Name:PlayerStart_0 Label:PlayerStart SpatiallyLoaded:0 Bounds:IsValid=true, Min=(X=860.000 Y=-560.000 Z=0.013), Max=(X=940.000 Y=-480.000 Z=184.013) RuntimeGrid:None EditorOnly:0 RuntimeOnly:0 HLODRelevant:0 ListedInSceneOutliner:1 IsMainWorldOnly:0
 |   |   |- [+] [ 40]
 |   |   |   |- Guid:ACF5499D47553771CA25AAA6B68B82E5 BaseClass: NativeClass:/Script/Engine.StaticMeshActor Name:StaticMeshActor_UAID_98EECBDFBE275D5B02_1555439965 Label:Wall_400x409 SpatiallyLoaded:1 Bounds:IsValid=true, Min=(X=2090.000 Y=-460.000 Z=0.000), Max=(X=2110.000 Y=568.000 Z=400.000) RuntimeGrid:None EditorOnly:0 RuntimeOnly:0 HLODRelevant:1 ListedInSceneOutliner:1 IsMainWorldOnly:0
 |   |   |- [+] [ 41]
 |   |   |   |- Guid:B419441549937FEF62AF048456019D51 BaseClass: NativeClass:/Script/Engine.StaticMeshActor Name:StaticMeshActor_UAID_98EECBDFBE275F5B02_2104035360 Label:Wall_Door_400x415 SpatiallyLoaded:1 Bounds:IsValid=true, Min=(X=-690.000 Y=1860.000 Z=0.000), Max=(X=-290.000 Y=1880.000 Z=400.000) RuntimeGrid:None EditorOnly:0 RuntimeOnly:0 HLODRelevant:1 ListedInSceneOutliner:1 IsMainWorldOnly:0
 |   |   |- [+] [ 42]
 |   |   |   |- Guid:B8DDE00D481E4E78E050BD9C91795856 BaseClass: NativeClass:/Script/Engine.StaticMeshActor Name:StaticMeshActor_UAID_98EECBDFBE275F5B02_1814674345 Label:Wall_400x408 SpatiallyLoaded:1 Bounds:IsValid=true, Min=(X=2230.000 Y=1670.000 Z=0.000), Max=(X=2930.000 Y=1690.000 Z=400.000) RuntimeGrid:None EditorOnly:0 RuntimeOnly:0 HLODRelevant:1 ListedInSceneOutliner:1 IsMainWorldOnly:0
 |   |   |- [+] [ 43]
 |   |   |   |- Guid:BD3CBA2C44427BC7066A78916AE184A4 BaseClass: NativeClass:/Script/Engine.StaticMeshActor Name:StaticMeshActor_UAID_98EECBDFBE27BD5A02_1822650800 Label:Wall_400x401 SpatiallyLoaded:1 Bounds:IsValid=true, Min=(X=1140.000 Y=150.000 Z=0.000), Max=(X=1740.000 Y=170.000 Z=400.000) RuntimeGrid:None EditorOnly:0 RuntimeOnly:0 HLODRelevant:1 ListedInSceneOutliner:1 IsMainWorldOnly:0
 |   |   |- [+] [ 44]
 |   |   |   |- Guid:BF5F6CA848C21E78DB0A60BBF03330BC BaseClass: NativeClass:/Script/Engine.StaticMeshActor Name:StaticMeshActor_UAID_98EECBDFBE275F5B02_2049651356 Label:Wall_400x427 SpatiallyLoaded:1 Bounds:IsValid=true, Min=(X=1130.000 Y=1860.000 Z=0.000), Max=(X=1930.000 Y=1880.000 Z=400.000) RuntimeGrid:None EditorOnly:0 RuntimeOnly:0 HLODRelevant:1 ListedInSceneOutliner:1 IsMainWorldOnly:0
 |   |   |- [+] [ 45]
 |   |   |   |- Guid:BF91160040353769A6DEA9B1CCBF6D0F BaseClass: NativeClass:/Script/Engine.StaticMeshActor Name:StaticMeshActor_UAID_98EECBDFBE275D5B02_1695476967 Label:Wall_400x410 SpatiallyLoaded:1 Bounds:IsValid=true, Min=(X=2500.000 Y=-460.000 Z=0.000), Max=(X=2520.000 Y=880.000 Z=400.000) RuntimeGrid:None EditorOnly:0 RuntimeOnly:0 HLODRelevant:1 ListedInSceneOutliner:1 IsMainWorldOnly:0
 |   |   |- [+] [ 46]
 |   |   |   |- Guid:C0C56B9644AE3D40CAFF6A878DB29844 BaseClass: NativeClass:/Script/Engine.StaticMeshActor Name:StaticMeshActor_UAID_A4AE111137DC5EFB00_2001720423 Label:SM_SkySphere SpatiallyLoaded:0 Bounds:IsValid=true, Min=(X=-1638400.000 Y=-1638400.000 Z=-1638400.000), Max=(X=1638400.000 Y=1638400.000 Z=1638400.000) RuntimeGrid:None EditorOnly:0 RuntimeOnly:0 HLODRelevant:1 ListedInSceneOutliner:1 IsMainWorldOnly:0 FolderPath:Lighting FolderGuid:0BA5F0A04EADB18E70D5B180D08FA34B
 |   |   |- [+] [ 47]
 |   |   |   |- Guid:C22CE07C4B87D685137FDBBC10FC92C6 BaseClass: NativeClass:/Script/Engine.SkyAtmosphere Name:SkyAtmosphere_0 Label:SkyAtmosphere SpatiallyLoaded:0 Bounds:IsValid=true, Min=(X=0.000 Y=0.000 Z=1020.000), Max=(X=0.000 Y=0.000 Z=1020.000) RuntimeGrid:None EditorOnly:0 RuntimeOnly:0 HLODRelevant:0 ListedInSceneOutliner:1 IsMainWorldOnly:0 FolderPath:Lighting FolderGuid:0BA5F0A04EADB18E70D5B180D08FA34B
 |   |   |- [+] [ 48]
 |   |   |   |- Guid:C2A864E14F00117B95F7CCBF8588539E BaseClass: NativeClass:/Script/Engine.StaticMeshActor Name:StaticMeshActor_UAID_98EECBDFBE275D5B02_1304615961 Label:Wall_400x406 SpatiallyLoaded:1 Bounds:IsValid=true, Min=(X=-260.000 Y=-450.000 Z=0.000), Max=(X=-240.000 Y=350.000 Z=400.000) RuntimeGrid:None EditorOnly:0 RuntimeOnly:0 HLODRelevant:1 ListedInSceneOutliner:1 IsMainWorldOnly:0
 |   |   |- [+] [ 49]
 |   |   |   |- Guid:CC7F509147375A132884FBADB0F3FE05 BaseClass: NativeClass:/Script/Engine.StaticMeshActor Name:StaticMeshActor_UAID_98EECBDFBE27605B02_1083223539 Label:Wall_Door_400x416 SpatiallyLoaded:1 Bounds:IsValid=true, Min=(X=-350.000 Y=870.000 Z=0.000), Max=(X=-330.000 Y=1270.000 Z=400.000) RuntimeGrid:None EditorOnly:0 RuntimeOnly:0 HLODRelevant:1 ListedInSceneOutliner:1 IsMainWorldOnly:0
 |   |   |- [+] [ 50]
 |   |   |   |- Guid:DA08AFB04FE7FC54F93193A563736D43 BaseClass: NativeClass:/Script/Engine.StaticMeshActor Name:StaticMeshActor_UAID_98EECBDFBE275E5B02_1192418154 Label:Wall_400x415 SpatiallyLoaded:1 Bounds:IsValid=true, Min=(X=2450.000 Y=1150.000 Z=0.000), Max=(X=2950.000 Y=1170.000 Z=400.000) RuntimeGrid:None EditorOnly:0 RuntimeOnly:0 HLODRelevant:1 ListedInSceneOutliner:1 IsMainWorldOnly:0
 |   |   |- [+] [ 51]
 |   |   |   |- Guid:DAF78A214FF356ADDCCF0084D5A47918 BaseClass: NativeClass:/Script/Engine.StaticMeshActor Name:StaticMeshActor_UAID_98EECBDFBE275C5B02_1507468784 Label:Wall_400x405 SpatiallyLoaded:1 Bounds:IsValid=true, Min=(X=-260.000 Y=-450.000 Z=0.000), Max=(X=-160.000 Y=-430.000 Z=400.000) RuntimeGrid:None EditorOnly:0 RuntimeOnly:0 HLODRelevant:1 ListedInSceneOutliner:1 IsMainWorldOnly:0
 |   |   |- [+] [ 52]
 |   |   |   |- Guid:E075040B4CDA678B20D518A933294F31 BaseClass: NativeClass:/Script/Engine.StaticMeshActor Name:StaticMeshActor_UAID_98EECBDFBE275F5B02_1838134348 Label:Wall_400x422 SpatiallyLoaded:1 Bounds:IsValid=true, Min=(X=2230.000 Y=2040.000 Z=0.000), Max=(X=2250.000 Y=2240.000 Z=400.000) RuntimeGrid:None EditorOnly:0 RuntimeOnly:0 HLODRelevant:1 ListedInSceneOutliner:1 IsMainWorldOnly:0
 |   |   |- [+] [ 53]
 |   |   |   |- Guid:E3386E204FC1D8CC8FAD0CA023F44449 BaseClass: NativeClass:/Script/Engine.StaticMeshActor Name:StaticMeshActor_UAID_98EECBDFBE27BD5A02_1794904799 Label:Wall_400x400 SpatiallyLoaded:1 Bounds:IsValid=true, Min=(X=200.000 Y=150.000 Z=0.000), Max=(X=800.000 Y=170.000 Z=400.000) RuntimeGrid:None EditorOnly:0 RuntimeOnly:0 HLODRelevant:1 ListedInSceneOutliner:1 IsMainWorldOnly:0
 |   |   |- [+] [ 54]
 |   |   |   |- Guid:E3F85CE84669D9E98ED691AB54E181DA BaseClass: NativeClass:/Script/Engine.StaticMeshActor Name:StaticMeshActor_UAID_98EECBDFBE275F5B02_2041125355 Label:Wall_Door_400x414 SpatiallyLoaded:1 Bounds:IsValid=true, Min=(X=730.000 Y=1860.000 Z=0.000), Max=(X=1130.000 Y=1880.000 Z=400.000) RuntimeGrid:None EditorOnly:0 RuntimeOnly:0 HLODRelevant:1 ListedInSceneOutliner:1 IsMainWorldOnly:0
 |   |   |- [+] [ 55]
 |   |   |   |- Guid:E5320C1B4FD9764CE7B54D8487AEC613 BaseClass: NativeClass:/Script/Engine.SkyLight Name:SkyLight_0 Label:SkyLight SpatiallyLoaded:0 Bounds:IsValid=true, Min=(X=-760.000 Y=-1220.000 Z=690.000), Max=(X=-760.000 Y=-1220.000 Z=690.000) RuntimeGrid:None EditorOnly:0 RuntimeOnly:0 HLODRelevant:0 ListedInSceneOutliner:1 IsMainWorldOnly:0 FolderPath:Lighting FolderGuid:0BA5F0A04EADB18E70D5B180D08FA34B
 |   |   |- [+] [ 56]
 |   |   |   |- Guid:E9CBA32443007FFD00F7BC9091DC0E40 BaseClass: NativeClass:/Script/Engine.TextRenderActor Name:TextRenderActor_UAID_98EECBDFBE27BF5A02_1293099161 Label:TextRenderActor SpatiallyLoaded:1 Bounds:IsValid=true, Min=(X=1213.000 Y=148.000 Z=170.000), Max=(X=1405.000 Y=148.000 Z=196.000) RuntimeGrid:None EditorOnly:0 RuntimeOnly:0 HLODRelevant:0 ListedInSceneOutliner:1 IsMainWorldOnly:0
 |   |   |- [+] [ 57]
 |   |   |   |- Guid:EBAC68FB4825A380820C2F8C0C7D20DE BaseClass: NativeClass:/Script/Engine.StaticMeshActor Name:StaticMeshActor_UAID_98EECBDFBE275D5B02_1460530964 Label:Wall_Door_400x401 SpatiallyLoaded:1 Bounds:IsValid=true, Min=(X=200.000 Y=170.000 Z=0.000), Max=(X=220.000 Y=570.000 Z=400.000) RuntimeGrid:None EditorOnly:0 RuntimeOnly:0 HLODRelevant:1 ListedInSceneOutliner:1 IsMainWorldOnly:0
 |   |   |- [+] [ 58]
 |   |   |   |- Guid:EEFB08F440F0BA2DA95965A2E9AFC51A BaseClass: NativeClass:/Script/Engine.StaticMeshActor Name:StaticMeshActor_UAID_98EECBDFBE27BD5A02_1945647802 Label:Wall_400x403 SpatiallyLoaded:1 Bounds:IsValid=true, Min=(X=200.000 Y=-740.000 Z=0.000), Max=(X=220.000 Y=160.000 Z=400.000) RuntimeGrid:None EditorOnly:0 RuntimeOnly:0 HLODRelevant:1 ListedInSceneOutliner:1 IsMainWorldOnly:0
 |   |   |- [+] [ 59]
 |   |   |   |- Guid:F07F1AF64C7C7C238EE1B4BF8C122DD8 BaseClass: NativeClass:/Script/Engine.StaticMeshActor Name:StaticMeshActor_4 Label:SM_Cube3 SpatiallyLoaded:1 Bounds:IsValid=true, Min=(X=-710.000 Y=2190.000 Z=0.000), Max=(X=2915.000 Y=2290.000 Z=400.000) RuntimeGrid:None EditorOnly:0 RuntimeOnly:0 HLODRelevant:1 ListedInSceneOutliner:1 IsMainWorldOnly:0 FolderPath:Playground FolderGuid:6C02BB504B69D1F3D7A624B130C18E5B
 |   |   |- [+] [ 60]
 |   |   |   |- Guid:F2E604B848C9C663214026B9450DD2EF BaseClass: NativeClass:/Script/Engine.StaticMeshActor Name:StaticMeshActor_UAID_98EECBDFBE275E5B02_1546419160 Label:Wall_Door_400x408 SpatiallyLoaded:1 Bounds:IsValid=true, Min=(X=-190.000 Y=-450.000 Z=0.000), Max=(X=210.000 Y=-430.000 Z=400.000) RuntimeGrid:None EditorOnly:0 RuntimeOnly:0 HLODRelevant:1 ListedInSceneOutliner:1 IsMainWorldOnly:0
 |   |   |- [+] [ 61]
 |   |   |   |- Guid:F80621C9446867154938FE81375207DA BaseClass: NativeClass:/Script/Engine.DirectionalLight Name:DirectionalLight_1 Label:DirectionalLight SpatiallyLoaded:0 Bounds:IsValid=true, Min=(X=-1048576.000 Y=-1048576.000 Z=-1048576.000), Max=(X=1048576.000 Y=1048576.000 Z=1048576.000) RuntimeGrid:None EditorOnly:0 RuntimeOnly:0 HLODRelevant:0 ListedInSceneOutliner:1 IsMainWorldOnly:0 FolderPath:Lighting FolderGuid:0BA5F0A04EADB18E70D5B180D08FA34B
 |- ContainerInstances:
 |- [+] MainContainer:
 |   |-        ID: 00000000000000000000000000000000
 |   |-  ParentID: 00000000000000000000000000000000
 |   |-    Bounds: IsValid=false, Min=(X=0.000 Y=0.000 Z=0.000), Max=(X=0.000 Y=0.000 Z=0.000)
 |   |- Transform: 0.000000,0.000000,0.000000|0.000000,0.000000,-0.000000|1.000000,1.000000,1.000000
 |   |- Container: /Game/FirstPerson/Maps/FirstPersonMap
----------------------------------------------------------------------------------------------------------------
FirstPersonMap - Persistent Level
----------------------------------------------------------------------------------------------------------------
[+] Content of FirstPersonMap Persistent Level
 |- Always loaded Actor Count: 69 
 |- Actor Path: /Game/FirstPerson/Maps/FirstPersonMap.FirstPersonMap:PersistentLevel.AbstractNavData-Default
 |- Actor Package: /Game/FirstPerson/Maps/FirstPersonMap
 |- Actor Path: /Game/FirstPerson/Maps/FirstPersonMap.FirstPersonMap:PersistentLevel.Blueprint_CeilingLight_C_UAID_98EECBDFBE27BE5A02_1338950982
 |- Actor Package: /Game/__ExternalActors__/FirstPerson/Maps/FirstPersonMap/4/61/P6RWGAV81LIL4V290MTP8I
 |- Actor Path: /Game/FirstPerson/Maps/FirstPersonMap.FirstPersonMap:PersistentLevel.Brush_0
 |- Actor Package: /Game/FirstPerson/Maps/FirstPersonMap
 |- Actor Path: /Game/FirstPerson/Maps/FirstPersonMap.FirstPersonMap:PersistentLevel.DefaultPhysicsVolume_0
 |- Actor Package: /Game/FirstPerson/Maps/FirstPersonMap
 |- Actor Path: /Game/FirstPerson/Maps/FirstPersonMap.FirstPersonMap:PersistentLevel.DirectionalLight_1
 |- Actor Package: /Game/__ExternalActors__/FirstPerson/Maps/FirstPersonMap/0/WB/V4ALNTJYOVWM8BU452CKV5
 |- Actor Path: /Game/FirstPerson/Maps/FirstPersonMap.FirstPersonMap:PersistentLevel.ExponentialHeightFog_0
 |- Actor Package: /Game/__ExternalActors__/FirstPerson/Maps/FirstPersonMap/0/CL/381LM03PFI8AF9NED1SEV2
 |- Actor Path: /Game/FirstPerson/Maps/FirstPersonMap.FirstPersonMap:PersistentLevel.FirstPersonExampleMap_C_1
 |- Actor Package: /Game/FirstPerson/Maps/FirstPersonMap
 |- Actor Path: /Game/FirstPerson/Maps/FirstPersonMap.FirstPersonMap:PersistentLevel.GameplayDebuggerPlayerManager_0
 |- Actor Package: /Game/FirstPerson/Maps/FirstPersonMap
 |- Actor Path: /Game/FirstPerson/Maps/FirstPersonMap.FirstPersonMap:PersistentLevel.PlayerStart_0
 |- Actor Package: /Game/__ExternalActors__/FirstPerson/Maps/FirstPersonMap/8/Z7/W1SXRCM1KAKBJOIZDLHZ47
 |- Actor Path: /Game/FirstPerson/Maps/FirstPersonMap.FirstPersonMap:PersistentLevel.SkyAtmosphere_0
 |- Actor Package: /Game/__ExternalActors__/FirstPerson/Maps/FirstPersonMap/C/VO/VMN4G7K3NKKV6F8HTPHHDB
 |- Actor Path: /Game/FirstPerson/Maps/FirstPersonMap.FirstPersonMap:PersistentLevel.SkyLight_0
 |- Actor Package: /Game/__ExternalActors__/FirstPerson/Maps/FirstPersonMap/6/0Z/5RQIHCZ9W3UXRGL4LTLQAK
 |- Actor Path: /Game/FirstPerson/Maps/FirstPersonMap.FirstPersonMap:PersistentLevel.StaticMeshActor_0
 |- Actor Package: /Game/__ExternalActors__/FirstPerson/Maps/FirstPersonMap/7/L5/1ZJ54FMA0DAL3I2Q8RFAIB
 |- Actor Path: /Game/FirstPerson/Maps/FirstPersonMap.FirstPersonMap:PersistentLevel.StaticMeshActor_3
 |- Actor Package: /Game/__ExternalActors__/FirstPerson/Maps/FirstPersonMap/3/AI/0XWE3RNM2XQC0ST1KXG02O
 |- Actor Path: /Game/FirstPerson/Maps/FirstPersonMap.FirstPersonMap:PersistentLevel.StaticMeshActor_4
 |- Actor Package: /Game/__ExternalActors__/FirstPerson/Maps/FirstPersonMap/6/AJ/2XZ3RUK0LFB63FVNQE7P5R
 |- Actor Path: /Game/FirstPerson/Maps/FirstPersonMap.FirstPersonMap:PersistentLevel.StaticMeshActor_9
 |- Actor Package: /Game/__ExternalActors__/FirstPerson/Maps/FirstPersonMap/E/UE/YUZ9741T50O1SYRX90OB0S
 |- Actor Path: /Game/FirstPerson/Maps/FirstPersonMap.FirstPersonMap:PersistentLevel.StaticMeshActor_10
 |- Actor Package: /Game/__ExternalActors__/FirstPerson/Maps/FirstPersonMap/A/XJ/HL558UUAGCS9HVVOI0S7PX
 |- Actor Path: /Game/FirstPerson/Maps/FirstPersonMap.FirstPersonMap:PersistentLevel.StaticMeshActor_UAID_98EECBDFBE275C5B02_1491135783
 |- Actor Package: /Game/__ExternalActors__/FirstPerson/Maps/FirstPersonMap/9/8G/HZV5I2UZPNVV3LK0MYVP8R
 |- Actor Path: /Game/FirstPerson/Maps/FirstPersonMap.FirstPersonMap:PersistentLevel.StaticMeshActor_UAID_98EECBDFBE275C5B02_1507468784
 |- Actor Package: /Game/__ExternalActors__/FirstPerson/Maps/FirstPersonMap/D/EW/DMK0KX55YVNCCRFTTTLGF4
 |- Actor Path: /Game/FirstPerson/Maps/FirstPersonMap.FirstPersonMap:PersistentLevel.StaticMeshActor_UAID_98EECBDFBE275D5B02_1304615961
 |- Actor Package: /Game/__ExternalActors__/FirstPerson/Maps/FirstPersonMap/9/88/UL3LEUQM08KWOK4NCQUAV9
 |- Actor Path: /Game/FirstPerson/Maps/FirstPersonMap.FirstPersonMap:PersistentLevel.StaticMeshActor_UAID_98EECBDFBE275D5B02_1460530964
 |- Actor Package: /Game/__ExternalActors__/FirstPerson/Maps/FirstPersonMap/8/OM/I5LT1KET70EK1DGL0PJY6X
 |- Actor Path: /Game/FirstPerson/Maps/FirstPersonMap.FirstPersonMap:PersistentLevel.StaticMeshActor_UAID_98EECBDFBE275D5B02_1555439965
 |- Actor Package: /Game/__ExternalActors__/FirstPerson/Maps/FirstPersonMap/8/VS/B2NJP77GSSPEFOFZGVABL1
 |- Actor Path: /Game/FirstPerson/Maps/FirstPersonMap.FirstPersonMap:PersistentLevel.StaticMeshActor_UAID_98EECBDFBE275D5B02_1680346966
 |- Actor Package: /Game/__ExternalActors__/FirstPerson/Maps/FirstPersonMap/8/Y5/D6MXBIPD901MDJK8XA7QQA
 |- Actor Path: /Game/FirstPerson/Maps/FirstPersonMap.FirstPersonMap:PersistentLevel.StaticMeshActor_UAID_98EECBDFBE275D5B02_1695476967
 |- Actor Package: /Game/__ExternalActors__/FirstPerson/Maps/FirstPersonMap/A/F2/89PJIH6QBFQZG0HBYT5XPJ
 |- Actor Path: /Game/FirstPerson/Maps/FirstPersonMap.FirstPersonMap:PersistentLevel.StaticMeshActor_UAID_98EECBDFBE275D5B02_1989998968
 |- Actor Package: /Game/__ExternalActors__/FirstPerson/Maps/FirstPersonMap/C/Z8/ZY7IX6YQNG06ZMRW3EMVOC
 |- Actor Path: /Game/FirstPerson/Maps/FirstPersonMap.FirstPersonMap:PersistentLevel.StaticMeshActor_UAID_98EECBDFBE275D5B02_2061103970
 |- Actor Package: /Game/__ExternalActors__/FirstPerson/Maps/FirstPersonMap/C/3V/737PYI3JZQ1YO8XAA4EQ5U
 |- Actor Path: /Game/FirstPerson/Maps/FirstPersonMap.FirstPersonMap:PersistentLevel.StaticMeshActor_UAID_98EECBDFBE275D5B02_2115353971
 |- Actor Package: /Game/__ExternalActors__/FirstPerson/Maps/FirstPersonMap/0/ST/L4YWWWOL4SAZYH25CCDTMN
 |- Actor Path: /Game/FirstPerson/Maps/FirstPersonMap.FirstPersonMap:PersistentLevel.StaticMeshActor_UAID_98EECBDFBE275D5B02_2131948974
 |- Actor Package: /Game/__ExternalActors__/FirstPerson/Maps/FirstPersonMap/9/7E/C34OCZKWHDRLJIBUHRJ96M
 |- Actor Path: /Game/FirstPerson/Maps/FirstPersonMap.FirstPersonMap:PersistentLevel.StaticMeshActor_UAID_98EECBDFBE275D5B02_2145469975
 |- Actor Package: /Game/__ExternalActors__/FirstPerson/Maps/FirstPersonMap/B/IN/YFYMMRZWF1N1WYADKK7XFU
 |- Actor Path: /Game/FirstPerson/Maps/FirstPersonMap.FirstPersonMap:PersistentLevel.StaticMeshActor_UAID_98EECBDFBE275E5B02_1148670152
 |- Actor Package: /Game/__ExternalActors__/FirstPerson/Maps/FirstPersonMap/7/TI/AJ5U830Q3TZSHTG1879KAD
 |- Actor Path: /Game/FirstPerson/Maps/FirstPersonMap.FirstPersonMap:PersistentLevel.StaticMeshActor_UAID_98EECBDFBE275E5B02_1184208153
 |- Actor Package: /Game/__ExternalActors__/FirstPerson/Maps/FirstPersonMap/3/12/OX6UTPJGOIA62K9L1YFW72
 |- Actor Path: /Game/FirstPerson/Maps/FirstPersonMap.FirstPersonMap:PersistentLevel.StaticMeshActor_UAID_98EECBDFBE275E5B02_1192418154
 |- Actor Package: /Game/__ExternalActors__/FirstPerson/Maps/FirstPersonMap/C/1S/TMQL1HZUCIH49PN90B4K75
 |- Actor Path: /Game/FirstPerson/Maps/FirstPersonMap.FirstPersonMap:PersistentLevel.StaticMeshActor_UAID_98EECBDFBE275E5B02_1212827155
 |- Actor Package: /Game/__ExternalActors__/FirstPerson/Maps/FirstPersonMap/5/Q4/GGVQSERQ99UFGWKP8S6C7B
 |- Actor Path: /Game/FirstPerson/Maps/FirstPersonMap.FirstPersonMap:PersistentLevel.StaticMeshActor_UAID_98EECBDFBE275E5B02_1273352156
 |- Actor Package: /Game/__ExternalActors__/FirstPerson/Maps/FirstPersonMap/1/RT/MZXIULWTNBT6DYYYE5OLOT
 |- Actor Path: /Game/FirstPerson/Maps/FirstPersonMap.FirstPersonMap:PersistentLevel.StaticMeshActor_UAID_98EECBDFBE275E5B02_1312832157
 |- Actor Package: /Game/__ExternalActors__/FirstPerson/Maps/FirstPersonMap/0/W3/AZZ78K1EZR6HUFH049HQO3
 |- Actor Path: /Game/FirstPerson/Maps/FirstPersonMap.FirstPersonMap:PersistentLevel.StaticMeshActor_UAID_98EECBDFBE275E5B02_1326273158
 |- Actor Package: /Game/__ExternalActors__/FirstPerson/Maps/FirstPersonMap/E/GO/N554J1P0CBM4YXPV8MV654
 |- Actor Path: /Game/FirstPerson/Maps/FirstPersonMap.FirstPersonMap:PersistentLevel.StaticMeshActor_UAID_98EECBDFBE275E5B02_1546419160
 |- Actor Package: /Game/__ExternalActors__/FirstPerson/Maps/FirstPersonMap/3/WW/P2POUQ9AWIULJY83TTBZ5K
 |- Actor Path: /Game/FirstPerson/Maps/FirstPersonMap.FirstPersonMap:PersistentLevel.StaticMeshActor_UAID_98EECBDFBE275E5B02_1586637161
 |- Actor Package: /Game/__ExternalActors__/FirstPerson/Maps/FirstPersonMap/4/6H/ZCYUY2Z5UOLAWUNIGA3SEJ
 |- Actor Path: /Game/FirstPerson/Maps/FirstPersonMap.FirstPersonMap:PersistentLevel.StaticMeshActor_UAID_98EECBDFBE275E5B02_1605128162
 |- Actor Package: /Game/__ExternalActors__/FirstPerson/Maps/FirstPersonMap/8/I3/D3SNW94UGLH955ZFC008OZ
 |- Actor Path: /Game/FirstPerson/Maps/FirstPersonMap.FirstPersonMap:PersistentLevel.StaticMeshActor_UAID_98EECBDFBE275E5B02_1612825163
 |- Actor Package: /Game/__ExternalActors__/FirstPerson/Maps/FirstPersonMap/4/BN/BXN58XVIIKAHOLVUVTNR92
 |- Actor Path: /Game/FirstPerson/Maps/FirstPersonMap.FirstPersonMap:PersistentLevel.StaticMeshActor_UAID_98EECBDFBE275F5B02_1172536340
 |- Actor Package: /Game/__ExternalActors__/FirstPerson/Maps/FirstPersonMap/6/YS/L93F4AAN6TADBDSFSSO8FU
 |- Actor Path: /Game/FirstPerson/Maps/FirstPersonMap.FirstPersonMap:PersistentLevel.StaticMeshActor_UAID_98EECBDFBE275F5B02_1257248343
 |- Actor Package: /Game/__ExternalActors__/FirstPerson/Maps/FirstPersonMap/0/DE/8L4QZCVV09LITLQFQSR6RH
 |- Actor Path: /Game/FirstPerson/Maps/FirstPersonMap.FirstPersonMap:PersistentLevel.StaticMeshActor_UAID_98EECBDFBE275F5B02_1778104344
 |- Actor Package: /Game/__ExternalActors__/FirstPerson/Maps/FirstPersonMap/A/5V/78YZDERB6N9WV28461942Q
 |- Actor Path: /Game/FirstPerson/Maps/FirstPersonMap.FirstPersonMap:PersistentLevel.StaticMeshActor_UAID_98EECBDFBE275F5B02_1814674345
 |- Actor Package: /Game/__ExternalActors__/FirstPerson/Maps/FirstPersonMap/5/OO/F0B2TOH17L0O9G1EC4SY6J
 |- Actor Path: /Game/FirstPerson/Maps/FirstPersonMap.FirstPersonMap:PersistentLevel.StaticMeshActor_UAID_98EECBDFBE275F5B02_1826452346
 |- Actor Package: /Game/__ExternalActors__/FirstPerson/Maps/FirstPersonMap/4/QJ/EITUCNCWZTE2AGPE9SLVZD
 |- Actor Path: /Game/FirstPerson/Maps/FirstPersonMap.FirstPersonMap:PersistentLevel.StaticMeshActor_UAID_98EECBDFBE275F5B02_1838134348
 |- Actor Package: /Game/__ExternalActors__/FirstPerson/Maps/FirstPersonMap/B/GJ/ROXEBHO7RZL1F0LNX4ZAX8
 |- Actor Path: /Game/FirstPerson/Maps/FirstPersonMap.FirstPersonMap:PersistentLevel.StaticMeshActor_UAID_98EECBDFBE275F5B02_1868475349
 |- Actor Package: /Game/__ExternalActors__/FirstPerson/Maps/FirstPersonMap/7/CM/I43SCGZOH23CCQIG56J0JX
 |- Actor Path: /Game/FirstPerson/Maps/FirstPersonMap.FirstPersonMap:PersistentLevel.StaticMeshActor_UAID_98EECBDFBE275F5B02_1884160350
 |- Actor Package: /Game/__ExternalActors__/FirstPerson/Maps/FirstPersonMap/6/NL/0B8CG6UF0CD2PFRMNCGUF4
 |- Actor Path: /Game/FirstPerson/Maps/FirstPersonMap.FirstPersonMap:PersistentLevel.StaticMeshActor_UAID_98EECBDFBE275F5B02_1920933351
 |- Actor Package: /Game/__ExternalActors__/FirstPerson/Maps/FirstPersonMap/0/CI/RMEHNQLA53IAYPITFCWHJW
 |- Actor Path: /Game/FirstPerson/Maps/FirstPersonMap.FirstPersonMap:PersistentLevel.StaticMeshActor_UAID_98EECBDFBE275F5B02_1940040352
 |- Actor Package: /Game/__ExternalActors__/FirstPerson/Maps/FirstPersonMap/D/8O/AL5FRCQTWTFYCUAFXEKKUX
 |- Actor Path: /Game/FirstPerson/Maps/FirstPersonMap.FirstPersonMap:PersistentLevel.StaticMeshActor_UAID_98EECBDFBE275F5B02_2001957354
 |- Actor Package: /Game/__ExternalActors__/FirstPerson/Maps/FirstPersonMap/C/D9/MIVINTLIADUYHN5CUIGTS4
 |- Actor Path: /Game/FirstPerson/Maps/FirstPersonMap.FirstPersonMap:PersistentLevel.StaticMeshActor_UAID_98EECBDFBE275F5B02_2041125355
 |- Actor Package: /Game/__ExternalActors__/FirstPerson/Maps/FirstPersonMap/8/8G/YNMRJQUNEDNEZFXT92C0TR
 |- Actor Path: /Game/FirstPerson/Maps/FirstPersonMap.FirstPersonMap:PersistentLevel.StaticMeshActor_UAID_98EECBDFBE275F5B02_2049651356
 |- Actor Package: /Game/__ExternalActors__/FirstPerson/Maps/FirstPersonMap/B/LZ/6IH564OFNMLHYT5SHABPIT
 |- Actor Path: /Game/FirstPerson/Maps/FirstPersonMap.FirstPersonMap:PersistentLevel.StaticMeshActor_UAID_98EECBDFBE275F5B02_2061981357
 |- Actor Package: /Game/__ExternalActors__/FirstPerson/Maps/FirstPersonMap/9/7T/9SZO8TTUFHJ0SEMYD9DXB7
 |- Actor Path: /Game/FirstPerson/Maps/FirstPersonMap.FirstPersonMap:PersistentLevel.StaticMeshActor_UAID_98EECBDFBE275F5B02_2072648358
 |- Actor Package: /Game/__ExternalActors__/FirstPerson/Maps/FirstPersonMap/2/6N/NFX8CAFLC2VT4XG5AFJJT3
 |- Actor Path: /Game/FirstPerson/Maps/FirstPersonMap.FirstPersonMap:PersistentLevel.StaticMeshActor_UAID_98EECBDFBE275F5B02_2104035360
 |- Actor Package: /Game/__ExternalActors__/FirstPerson/Maps/FirstPersonMap/3/YU/E1KO4CEDC7TLAAU5FQK8PW
 |- Actor Path: /Game/FirstPerson/Maps/FirstPersonMap.FirstPersonMap:PersistentLevel.StaticMeshActor_UAID_98EECBDFBE27605B02_1083223539
 |- Actor Package: /Game/__ExternalActors__/FirstPerson/Maps/FirstPersonMap/D/SZ/CI4Y2X5I7I0ZBUW5XI5ESG
 |- Actor Path: /Game/FirstPerson/Maps/FirstPersonMap.FirstPersonMap:PersistentLevel.StaticMeshActor_UAID_98EECBDFBE27605B02_1095844540
 |- Actor Package: /Game/__ExternalActors__/FirstPerson/Maps/FirstPersonMap/4/G6/FQ132MAUHTIFIU94HSVHQH
 |- Actor Path: /Game/FirstPerson/Maps/FirstPersonMap.FirstPersonMap:PersistentLevel.StaticMeshActor_UAID_98EECBDFBE27BD5A02_1794904799
 |- Actor Package: /Game/__ExternalActors__/FirstPerson/Maps/FirstPersonMap/0/2S/MMQH53YVW6Z78UV5TAKVTK
 |- Actor Path: /Game/FirstPerson/Maps/FirstPersonMap.FirstPersonMap:PersistentLevel.StaticMeshActor_UAID_98EECBDFBE27BD5A02_1822650800
 |- Actor Package: /Game/__ExternalActors__/FirstPerson/Maps/FirstPersonMap/6/XQ/PIND6IYJZ4ZL7RDPFS342Z
 |- Actor Path: /Game/FirstPerson/Maps/FirstPersonMap.FirstPersonMap:PersistentLevel.StaticMeshActor_UAID_98EECBDFBE27BD5A02_1918560801
 |- Actor Package: /Game/__ExternalActors__/FirstPerson/Maps/FirstPersonMap/B/OL/SN7ZCY1A6OQA8YXR5UOBTE
 |- Actor Path: /Game/FirstPerson/Maps/FirstPersonMap.FirstPersonMap:PersistentLevel.StaticMeshActor_UAID_98EECBDFBE27BD5A02_1945647802
 |- Actor Package: /Game/__ExternalActors__/FirstPerson/Maps/FirstPersonMap/3/YW/APNVPC1VPW2Y51J5OS84ZQ
 |- Actor Path: /Game/FirstPerson/Maps/FirstPersonMap.FirstPersonMap:PersistentLevel.StaticMeshActor_UAID_98EECBDFBE27BD5A02_2046207803
 |- Actor Package: /Game/__ExternalActors__/FirstPerson/Maps/FirstPersonMap/5/B7/T7PEQN6DLKH9PPQICO1WMU
 |- Actor Path: /Game/FirstPerson/Maps/FirstPersonMap.FirstPersonMap:PersistentLevel.StaticMeshActor_UAID_98EECBDFBE27BF5A02_1152594160
 |- Actor Package: /Game/__ExternalActors__/FirstPerson/Maps/FirstPersonMap/8/HP/5YA48GEUAOE916RYX7HAE4
 |- Actor Path: /Game/FirstPerson/Maps/FirstPersonMap.FirstPersonMap:PersistentLevel.StaticMeshActor_UAID_A4AE111137DC5EFB00_2001720423
 |- Actor Package: /Game/__ExternalActors__/FirstPerson/Maps/FirstPersonMap/C/ZU/PDQ0AB8RLNMVID876FD49G
 |- Actor Path: /Game/FirstPerson/Maps/FirstPersonMap.FirstPersonMap:PersistentLevel.TextRenderActor_UAID_98EECBDFBE27BF5A02_1293099161
 |- Actor Package: /Game/__ExternalActors__/FirstPerson/Maps/FirstPersonMap/D/ML/54W5OBCRXGKJ2QWF9ZGMBI
 |- Actor Path: /Game/FirstPerson/Maps/FirstPersonMap.FirstPersonMap:PersistentLevel.VolumetricCloud_0
 |- Actor Package: /Game/__ExternalActors__/FirstPerson/Maps/FirstPersonMap/0/GO/I8WEFD3RY9V3NVQLSU6QM4
 |- Actor Path: /Game/FirstPerson/Maps/FirstPersonMap.FirstPersonMap:PersistentLevel.WorldDataLayers
 |- Actor Package: /Game/__ExternalActors__/FirstPerson/Maps/FirstPersonMap/D/0W/E1FKEGVKGOLM7HGLQPCIPO
 |- Actor Path: /Game/FirstPerson/Maps/FirstPersonMap.FirstPersonMap:PersistentLevel.WorldInfo_0
 |- Actor Package: /Game/FirstPerson/Maps/FirstPersonMap
 |- Actor Path: /Game/FirstPerson/Maps/FirstPersonMap.FirstPersonMap:PersistentLevel.WorldPartitionMiniMap_0
 |- Actor Package: /Game/__ExternalActors__/FirstPerson/Maps/FirstPersonMap/4/CR/SRVPLA8UNZ8XIIP0E036DI

----------------------------------------------------------------------------------------------------------------
FirstPersonMap - Runtime Spatial Hash - Streaming Grid - MainGrid
----------------------------------------------------------------------------------------------------------------
            Origin: X=0.000 Y=0.000 Z=0.000
         Cell Size: 12800
      World Bounds: IsValid=false, Min=(X=0.000 Y=0.000 Z=0.000), Max=(X=0.000 Y=0.000 Z=0.000)
     Loading Range: 25600.00
Block Slow Loading: No
 ClientOnlyVisible: No
            Origin: X=0.000 Y=0.000 Z=0.000

[+] Grid Levels: 1
 |- Level  0: Cell Count    0 | Cell Size   12800 | Actor Count    0 (0.0%)

[+] Content of Grid Level 0

