[+] Containers:
 |- [+] Container: /Game/TutorialLevel
 |   |- [+] ActorDescs:
 |   |   |- Guid:069915F34AF24A08DD3654BEBD5D7613 BaseClass: NativeClass:/Script/Engine.StaticMeshActor Name:StaticMeshActor_UAID_98EECBDFBE27845D02_1734213935 Label:Wall_400x400 SpatiallyLoaded:1 Bounds:IsValid=true, Min=(X=960.000 Y=80.000 Z=0.000), Max=(X=980.000 Y=680.000 Z=400.000) RuntimeGrid:None EditorOnly:0 RuntimeOnly:0 HLODRelevant:1 ListedInSceneOutliner:1 IsMainWorldOnly:0
 |   |   |- Guid:07F61138498678B32E1174B9DB9506C6 BaseClass: NativeClass:/Script/Engine.StaticMeshActor Name:StaticMeshActor_UAID_98EECBDFBE27845D02_2113904949 Label:Wall_400x408 SpatiallyLoaded:1 Bounds:IsValid=true, Min=(X=2367.500 Y=510.000 Z=0.000), Max=(X=2392.500 Y=1460.000 Z=400.000) RuntimeGrid:None EditorOnly:0 RuntimeOnly:0 HLODRelevant:1 ListedInSceneOutliner:1 IsMainWorldOnly:0
 |   |   |- Guid:0F72406449B999C6624A2595574F80C0 BaseClass: NativeClass:/Script/Engine.StaticMeshActor Name:StaticMeshActor_UAID_98EECBDFBE27865D02_1655814317 Label:Wall_400x416 SpatiallyLoaded:1 Bounds:IsValid=true, Min=(X=480.000 Y=1840.000 Z=0.000), Max=(X=2080.000 Y=1860.000 Z=400.000) RuntimeGrid:None EditorOnly:0 RuntimeOnly:0 HLODRelevant:1 ListedInSceneOutliner:1 IsMainWorldOnly:0
 |   |   |- Guid:12ECB9044054DE9E306D689B634EF00A BaseClass: NativeClass:/Script/Engine.StaticMeshActor Name:StaticMeshActor_UAID_98EECBDFBE27845D02_1904280945 Label:Wall_400x406 SpatiallyLoaded:1 Bounds:IsValid=true, Min=(X=460.000 Y=360.000 Z=0.000), Max=(X=480.000 Y=1460.000 Z=400.000) RuntimeGrid:None EditorOnly:0 RuntimeOnly:0 HLODRelevant:1 ListedInSceneOutliner:1 IsMainWorldOnly:0
 |   |   |- Guid:170B96CE46E4B20A4981C1A82DE3DDBC BaseClass: NativeClass:/Script/Engine.StaticMeshActor Name:StaticMeshActor_UAID_98EECBDFBE27855D02_1191092127 Label:Wall_400x409 SpatiallyLoaded:1 Bounds:IsValid=true, Min=(X=880.000 Y=1450.000 Z=0.000), Max=(X=1580.000 Y=1470.000 Z=400.000) RuntimeGrid:None EditorOnly:0 RuntimeOnly:0 HLODRelevant:1 ListedInSceneOutliner:1 IsMainWorldOnly:0
 |   |   |- Guid:17C7FD304B739D667CCFADBCD54C206C BaseClass: NativeClass:/Script/Engine.StaticMeshActor Name:StaticMeshActor_UAID_98EECBDFBE27845D02_1799417939 Label:Wall_400x403 SpatiallyLoaded:1 Bounds:IsValid=true, Min=(X=960.000 Y=660.000 Z=0.000), Max=(X=1360.000 Y=680.000 Z=400.000) RuntimeGrid:None EditorOnly:0 RuntimeOnly:0 HLODRelevant:1 ListedInSceneOutliner:1 IsMainWorldOnly:0
 |   |   |- Guid:1C3CE11145DA9415585DDE959F79D16C BaseClass: NativeClass:/Script/Engine.StaticMeshActor Name:StaticMeshActor_UAID_98EECBDFBE27845D02_2003309947 Label:Wall_400x407 SpatiallyLoaded:1 Bounds:IsValid=true, Min=(X=470.000 Y=1050.000 Z=0.000), Max=(X=570.000 Y=1070.000 Z=400.000) RuntimeGrid:None EditorOnly:0 RuntimeOnly:0 HLODRelevant:1 ListedInSceneOutliner:1 IsMainWorldOnly:0
 |   |   |- Guid:214050414B22EB24D9DA989D130673DB BaseClass: NativeClass:/Script/Engine.WorldDataLayers Name:WorldDataLayers Label:WorldDataLayers-1 SpatiallyLoaded:0 Bounds:Invalid RuntimeGrid:None EditorOnly:0 RuntimeOnly:0 HLODRelevant:0 ListedInSceneOutliner:1 IsMainWorldOnly:1
 |   |   |- Guid:2289743E4E3B7A8A99085FB7BEE081B3 BaseClass: NativeClass:/Script/Engine.StaticMeshActor Name:StaticMeshActor_UAID_98EECBDFBE27865D02_1443879315 Label:Wall_Door_400x410 SpatiallyLoaded:1 Bounds:IsValid=true, Min=(X=730.000 Y=1900.000 Z=0.000), Max=(X=750.000 Y=2300.000 Z=400.000) RuntimeGrid:None EditorOnly:0 RuntimeOnly:0 HLODRelevant:1 ListedInSceneOutliner:1 IsMainWorldOnly:0
 |   |   |- Guid:2619E86D42B71EBA04666CA2835CB4AE BaseClass: NativeClass:/Script/Engine.StaticMeshActor Name:StaticMeshActor_UAID_98EECBDFBE27845D02_1768997937 Label:Wall_Door_400x400 SpatiallyLoaded:1 Bounds:IsValid=true, Min=(X=1300.000 Y=660.000 Z=0.000), Max=(X=1700.000 Y=680.000 Z=400.000) RuntimeGrid:None EditorOnly:0 RuntimeOnly:0 HLODRelevant:1 ListedInSceneOutliner:1 IsMainWorldOnly:0
 |   |   |- Guid:2D5C044441A15B39604DD49474DA9887 BaseClass: NativeClass:/Script/Engine.SkyAtmosphere Name:SkyAtmosphere_0 Label:SkyAtmosphere SpatiallyLoaded:0 Bounds:IsValid=true, Min=(X=0.000 Y=0.000 Z=1020.000), Max=(X=0.000 Y=0.000 Z=1020.000) RuntimeGrid:None EditorOnly:0 RuntimeOnly:0 HLODRelevant:0 ListedInSceneOutliner:1 IsMainWorldOnly:0 FolderPath:Lighting FolderGuid:D9E1224C415FCB205E4105B3245ADAAB
 |   |   |- Guid:32841590439298686364999C66CC9EF6 BaseClass: NativeClass:/Script/Engine.StaticMeshActor Name:StaticMeshActor_UAID_98EECBDFBE27855D02_1594236134 Label:Wall_Door_400x407 SpatiallyLoaded:1 Bounds:IsValid=true, Min=(X=2380.000 Y=1450.000 Z=0.000), Max=(X=2780.000 Y=1470.000 Z=400.000) RuntimeGrid:None EditorOnly:0 RuntimeOnly:0 HLODRelevant:1 ListedInSceneOutliner:1 IsMainWorldOnly:0
 |   |   |- Guid:44AF08E3405B39588D246AA0E1752292 BaseClass: NativeClass:/Script/Engine.StaticMeshActor Name:StaticMeshActor_UAID_98EECBDFBE27865D02_2106842331 Label:Wall_Door_400x414 SpatiallyLoaded:1 Bounds:IsValid=true, Min=(X=460.000 Y=1460.000 Z=0.000), Max=(X=480.000 Y=1860.000 Z=400.000) RuntimeGrid:None EditorOnly:0 RuntimeOnly:0 HLODRelevant:1 ListedInSceneOutliner:1 IsMainWorldOnly:0
 |   |   |- Guid:48FA854240CA8087144F3A88E150AA76 BaseClass: NativeClass:/Script/Engine.StaticMeshActor Name:StaticMeshActor_UAID_98EECBDFBE27865D02_1774786322 Label:Wall_Door_400x412 SpatiallyLoaded:1 Bounds:IsValid=true, Min=(X=2060.000 Y=1850.000 Z=0.000), Max=(X=2080.000 Y=2250.000 Z=400.000) RuntimeGrid:None EditorOnly:0 RuntimeOnly:0 HLODRelevant:1 ListedInSceneOutliner:1 IsMainWorldOnly:0
 |   |   |- Guid:49E59D8541357575364966A479BE8CA5 BaseClass: NativeClass:/Script/Engine.StaticMeshActor Name:StaticMeshActor_UAID_98EECBDFBE27855D02_1092864126 Label:Wall_Door_400x405 SpatiallyLoaded:1 Bounds:IsValid=true, Min=(X=1980.000 Y=510.000 Z=0.000), Max=(X=2380.000 Y=530.000 Z=400.000) RuntimeGrid:None EditorOnly:0 RuntimeOnly:0 HLODRelevant:1 ListedInSceneOutliner:1 IsMainWorldOnly:0
 |   |   |- Guid:4E68F80B4627DECAB03535984652399F BaseClass: NativeClass:/Script/Engine.StaticMeshActor Name:StaticMeshActor_UAID_98EECBDFBE27855D02_1209658128 Label:Wall_400x410 SpatiallyLoaded:1 Bounds:IsValid=true, Min=(X=1320.000 Y=1050.000 Z=0.000), Max=(X=1340.000 Y=1450.000 Z=400.000) RuntimeGrid:None EditorOnly:0 RuntimeOnly:0 HLODRelevant:1 ListedInSceneOutliner:1 IsMainWorldOnly:0
 |   |   |- Guid:4F1668034691BCA80F32819208357572 BaseClass: NativeClass:/Script/Engine.StaticMeshActor Name:StaticMeshActor_UAID_A4AE111137DC5FFB00_1159438599 Label:SM_SkySphere SpatiallyLoaded:0 Bounds:IsValid=true, Min=(X=-1638400.000 Y=-1638400.000 Z=-1638400.000), Max=(X=1638400.000 Y=1638400.000 Z=1638400.000) RuntimeGrid:None EditorOnly:0 RuntimeOnly:0 HLODRelevant:1 ListedInSceneOutliner:1 IsMainWorldOnly:0 FolderPath:Lighting FolderGuid:D9E1224C415FCB205E4105B3245ADAAB
 |   |   |- Guid:5051FCEF40A5341D68ACF4B6AD0EE15B BaseClass: NativeClass:/Script/Engine.StaticMeshActor Name:StaticMeshActor_UAID_98EECBDFBE27845D02_1760924936 Label:Wall_400x401 SpatiallyLoaded:1 Bounds:IsValid=true, Min=(X=1970.000 Y=80.000 Z=0.000), Max=(X=1990.000 Y=680.000 Z=400.000) RuntimeGrid:None EditorOnly:0 RuntimeOnly:0 HLODRelevant:1 ListedInSceneOutliner:1 IsMainWorldOnly:0
 |   |   |- Guid:5A84DFE14AFF357D5B84DB817E5B8AC0 BaseClass: NativeClass:/Script/Engine.StaticMeshActor Name:StaticMeshActor_UAID_98EECBDFBE27845D02_1783195938 Label:Wall_400x402 SpatiallyLoaded:1 Bounds:IsValid=true, Min=(X=1690.000 Y=660.000 Z=0.000), Max=(X=1990.000 Y=680.000 Z=400.000) RuntimeGrid:None EditorOnly:0 RuntimeOnly:0 HLODRelevant:1 ListedInSceneOutliner:1 IsMainWorldOnly:0
 |   |   |- Guid:5A8D52854D930AA5C9222F9A312E4C09 BaseClass: NativeClass:/Script/Engine.StaticMeshActor Name:StaticMeshActor_UAID_98EECBDFBE27855D02_1604027135 Label:Wall_400x411 SpatiallyLoaded:1 Bounds:IsValid=true, Min=(X=2740.000 Y=1450.000 Z=0.000), Max=(X=2940.000 Y=1470.000 Z=400.000) RuntimeGrid:None EditorOnly:0 RuntimeOnly:0 HLODRelevant:1 ListedInSceneOutliner:1 IsMainWorldOnly:0
 |   |   |- Guid:5C4CE2324D19A68C41CFE5AE9E371A35 BaseClass: NativeClass:/Script/Engine.StaticMeshActor Name:StaticMeshActor_3 Label:SM_Cube3 SpatiallyLoaded:1 Bounds:IsValid=true, Min=(X=0.000 Y=2610.000 Z=0.000), Max=(X=3000.000 Y=2710.000 Z=400.000) RuntimeGrid:None EditorOnly:0 RuntimeOnly:0 HLODRelevant:1 ListedInSceneOutliner:1 IsMainWorldOnly:0 FolderPath:Playground FolderGuid:CDC3EA2D424DF73175D386948543BF31
 |   |   |- Guid:63CC77184F3CBCC426B6638FA786B4D7 BaseClass: NativeClass:/Script/Engine.StaticMeshActor Name:StaticMeshActor_UAID_98EECBDFBE27865D02_2085421330 Label:Wall_Door_400x413 SpatiallyLoaded:1 Bounds:IsValid=true, Min=(X=2090.000 Y=2280.000 Z=0.000), Max=(X=2490.000 Y=2300.000 Z=400.000) RuntimeGrid:None EditorOnly:0 RuntimeOnly:0 HLODRelevant:1 ListedInSceneOutliner:1 IsMainWorldOnly:0
 |   |   |- Guid:671DB19847A39C4D811AD69EA825AC17 BaseClass: NativeClass:/Script/Engine.StaticMeshActor Name:StaticMeshActor_UAID_98EECBDFBE27855D02_1419193132 Label:Wall_Door_400x408 SpatiallyLoaded:1 Bounds:IsValid=true, Min=(X=2390.000 Y=510.000 Z=0.000), Max=(X=2790.000 Y=530.000 Z=400.000) RuntimeGrid:None EditorOnly:0 RuntimeOnly:0 HLODRelevant:1 ListedInSceneOutliner:1 IsMainWorldOnly:0
 |   |   |- Guid:6994C21C4C874139F11F0983688F711E BaseClass: NativeClass:/Script/Engine.StaticMeshActor Name:StaticMeshActor_UAID_98EECBDFBE27865D02_1725815321 Label:Wall_400x419 SpatiallyLoaded:1 Bounds:IsValid=true, Min=(X=2060.000 Y=1450.000 Z=0.000), Max=(X=2080.000 Y=1850.000 Z=400.000) RuntimeGrid:None EditorOnly:0 RuntimeOnly:0 HLODRelevant:1 ListedInSceneOutliner:1 IsMainWorldOnly:0
 |   |   |- Guid:6A55E6C64E6549E4C587C08D24159539 BaseClass: NativeClass:/Script/Engine.StaticMeshActor Name:StaticMeshActor_UAID_98EECBDFBE27845D02_1995424946 Label:Wall_Door_400x404 SpatiallyLoaded:1 Bounds:IsValid=true, Min=(X=560.000 Y=1050.000 Z=0.000), Max=(X=960.000 Y=1070.000 Z=400.000) RuntimeGrid:None EditorOnly:0 RuntimeOnly:0 HLODRelevant:1 ListedInSceneOutliner:1 IsMainWorldOnly:0
 |   |   |- Guid:7A8345D643A36213DDB41D8DBE08F402 BaseClass: NativeClass:/Script/Engine.StaticMeshActor Name:StaticMeshActor_UAID_98EECBDFBE27855D02_1721913137 Label:Wall_Door_400x409 SpatiallyLoaded:1 Bounds:IsValid=true, Min=(X=480.000 Y=1450.000 Z=0.000), Max=(X=880.000 Y=1470.000 Z=400.000) RuntimeGrid:None EditorOnly:0 RuntimeOnly:0 HLODRelevant:1 ListedInSceneOutliner:1 IsMainWorldOnly:0
 |   |   |- Guid:8567FE2548C1684BCE295FB795DD3ACE BaseClass: NativeClass:/Script/Engine.SkyLight Name:SkyLight_0 Label:SkyLight SpatiallyLoaded:0 Bounds:IsValid=true, Min=(X=0.000 Y=0.000 Z=690.000), Max=(X=0.000 Y=0.000 Z=690.000) RuntimeGrid:None EditorOnly:0 RuntimeOnly:0 HLODRelevant:0 ListedInSceneOutliner:1 IsMainWorldOnly:0 FolderPath:Lighting FolderGuid:D9E1224C415FCB205E4105B3245ADAAB
 |   |   |- Guid:8779C9E945036B108522888A4DD039B8 BaseClass: NativeClass:/Script/Engine.StaticMeshActor Name:StaticMeshActor_UAID_98EECBDFBE27865D02_1878695326 Label:Wall_400x421 SpatiallyLoaded:1 Bounds:IsValid=true, Min=(X=2470.000 Y=1460.000 Z=0.000), Max=(X=2490.000 Y=2300.000 Z=400.000) RuntimeGrid:None EditorOnly:0 RuntimeOnly:0 HLODRelevant:1 ListedInSceneOutliner:1 IsMainWorldOnly:0
 |   |   |- Guid:8FFC21EA42A4FA3EF94B89B5FD66EB9F BaseClass: NativeClass:/Script/Engine.StaticMeshActor Name:StaticMeshActor_UAID_98EECBDFBE27845D02_1887744944 Label:Wall_400x405 SpatiallyLoaded:1 Bounds:IsValid=true, Min=(X=460.000 Y=390.000 Z=0.000), Max=(X=560.000 Y=410.000 Z=400.000) RuntimeGrid:None EditorOnly:0 RuntimeOnly:0 HLODRelevant:1 ListedInSceneOutliner:1 IsMainWorldOnly:0
 |   |   |- Guid:A9F92075464B49FAB11AE6AC57384CFC BaseClass: NativeClass:/Script/Engine.StaticMeshActor Name:StaticMeshActor_7 Label:SM_Cube5 SpatiallyLoaded:1 Bounds:IsValid=true, Min=(X=-0.000 Y=100.000 Z=0.000), Max=(X=100.000 Y=2675.000 Z=400.000) RuntimeGrid:None EditorOnly:0 RuntimeOnly:0 HLODRelevant:1 ListedInSceneOutliner:1 IsMainWorldOnly:0 FolderPath:Playground FolderGuid:CDC3EA2D424DF73175D386948543BF31
 |   |   |- Guid:B239B8C8496844F6CEE342B342484E7E BaseClass: NativeClass:/Script/Engine.StaticMeshActor Name:StaticMeshActor_UAID_98EECBDFBE27845D02_1810644940 Label:Wall_400x404 SpatiallyLoaded:1 Bounds:IsValid=true, Min=(X=970.000 Y=1050.000 Z=0.000), Max=(X=1970.000 Y=1070.000 Z=400.000) RuntimeGrid:None EditorOnly:0 RuntimeOnly:0 HLODRelevant:1 ListedInSceneOutliner:1 IsMainWorldOnly:0
 |   |   |- Guid:B72ED65243C0BAC38A4E18852DE1DF64 BaseClass: NativeClass:/Script/Engine.ExponentialHeightFog Name:ExponentialHeightFog_0 Label:ExponentialHeightFog SpatiallyLoaded:0 Bounds:IsValid=true, Min=(X=-5600.000 Y=-50.000 Z=-6850.000), Max=(X=-5600.000 Y=-50.000 Z=-6850.000) RuntimeGrid:None EditorOnly:0 RuntimeOnly:0 HLODRelevant:0 ListedInSceneOutliner:1 IsMainWorldOnly:0 FolderPath:Lighting FolderGuid:D9E1224C415FCB205E4105B3245ADAAB
 |   |   |- Guid:B822ABBE4BD74F9F8F7CF1986FA636D9 BaseClass: NativeClass:/Script/Engine.StaticMeshActor Name:StaticMeshActor_UAID_98EECBDFBE27845D02_1834113942 Label:Wall_Door_400x402 SpatiallyLoaded:1 Bounds:IsValid=true, Min=(X=1970.000 Y=670.000 Z=0.000), Max=(X=1990.000 Y=1070.000 Z=400.000) RuntimeGrid:None EditorOnly:0 RuntimeOnly:0 HLODRelevant:1 ListedInSceneOutliner:1 IsMainWorldOnly:0
 |   |   |- Guid:BAEFC0954418B189AB5ABE87222FD4FC BaseClass: NativeClass:/Script/Engine.StaticMeshActor Name:StaticMeshActor_UAID_98EECBDFBE27865D02_1986417328 Label:Wall_400x423 SpatiallyLoaded:1 Bounds:IsValid=true, Min=(X=460.000 Y=1800.000 Z=0.000), Max=(X=480.000 Y=2300.000 Z=400.000) RuntimeGrid:None EditorOnly:0 RuntimeOnly:0 HLODRelevant:1 ListedInSceneOutliner:1 IsMainWorldOnly:0
 |   |   |- Guid:BE5A0DA141CC5C099C640D905521328B BaseClass: NativeClass:/Script/Engine.StaticMeshActor Name:StaticMeshActor_UAID_98EECBDFBE27855D02_1295077129 Label:Wall_Door_400x406 SpatiallyLoaded:1 Bounds:IsValid=true, Min=(X=460.000 Y=30.000 Z=0.000), Max=(X=480.000 Y=430.000 Z=400.000) RuntimeGrid:None EditorOnly:0 RuntimeOnly:0 HLODRelevant:1 ListedInSceneOutliner:1 IsMainWorldOnly:0
 |   |   |- Guid:C290C4354096C6E33A1DF585BBA3398C BaseClass: NativeClass:/Script/Engine.StaticMeshActor Name:StaticMeshActor_UAID_98EECBDFBE27865D02_1702555320 Label:Wall_400x418 SpatiallyLoaded:1 Bounds:IsValid=true, Min=(X=1980.000 Y=1450.000 Z=0.000), Max=(X=2380.000 Y=1470.000 Z=400.000) RuntimeGrid:None EditorOnly:0 RuntimeOnly:0 HLODRelevant:1 ListedInSceneOutliner:1 IsMainWorldOnly:0
 |   |   |- Guid:C466679942186108CCEA1CA2A918930D BaseClass: NativeClass:/Script/Engine.StaticMeshActor Name:StaticMeshActor_UAID_98EECBDFBE27845D02_1813999941 Label:Wall_Door_400x401 SpatiallyLoaded:1 Bounds:IsValid=true, Min=(X=960.000 Y=670.000 Z=0.000), Max=(X=980.000 Y=1070.000 Z=400.000) RuntimeGrid:None EditorOnly:0 RuntimeOnly:0 HLODRelevant:1 ListedInSceneOutliner:1 IsMainWorldOnly:0
 |   |   |- Guid:C88747F1455336031A06F6B76E332DB8 BaseClass: NativeClass:/Script/Engine.VolumetricCloud Name:VolumetricCloud_0 Label:VolumetricCloud SpatiallyLoaded:0 Bounds:IsValid=true, Min=(X=0.000 Y=0.000 Z=820.000), Max=(X=0.000 Y=0.000 Z=820.000) RuntimeGrid:None EditorOnly:0 RuntimeOnly:0 HLODRelevant:0 ListedInSceneOutliner:1 IsMainWorldOnly:0 FolderPath:Lighting FolderGuid:D9E1224C415FCB205E4105B3245ADAAB
 |   |   |- Guid:CF03D576435042E338BC4EB979BC2FA2 BaseClass: NativeClass:/Script/Engine.StaticMeshActor Name:StaticMeshActor_UAID_98EECBDFBE27875D02_1234316509 Label:Wall_400x200 SpatiallyLoaded:1 Bounds:IsValid=true, Min=(X=1622.000 Y=650.000 Z=120.000), Max=(X=1822.000 Y=670.000 Z=220.000) RuntimeGrid:None EditorOnly:0 RuntimeOnly:0 HLODRelevant:1 ListedInSceneOutliner:1 IsMainWorldOnly:0
 |   |   |- Guid:D06224BF412467B83EE20F8C7F780524 BaseClass: NativeClass:/Script/Engine.StaticMeshActor Name:StaticMeshActor_UAID_98EECBDFBE27865D02_1689777319 Label:Wall_Door_400x411 SpatiallyLoaded:1 Bounds:IsValid=true, Min=(X=1580.000 Y=1450.000 Z=0.000), Max=(X=1980.000 Y=1470.000 Z=400.000) RuntimeGrid:None EditorOnly:0 RuntimeOnly:0 HLODRelevant:1 ListedInSceneOutliner:1 IsMainWorldOnly:0
 |   |   |- Guid:DBA0AB88434B162A609FD3903FDF860E BaseClass: NativeClass:/Script/Engine.StaticMeshActor Name:StaticMeshActor_UAID_98EECBDFBE27865D02_1965726327 Label:Wall_400x422 SpatiallyLoaded:1 Bounds:IsValid=true, Min=(X=730.000 Y=1860.000 Z=0.000), Max=(X=750.000 Y=1960.000 Z=400.000) RuntimeGrid:None EditorOnly:0 RuntimeOnly:0 HLODRelevant:1 ListedInSceneOutliner:1 IsMainWorldOnly:0
 |   |   |- Guid:DD9C7D6F4829BE5BB72DBEB3F6934A69 BaseClass: NativeClass:/Script/Engine.StaticMeshActor Name:StaticMeshActor_UAID_98EECBDFBE27865D02_1808462323 Label:Wall_400x415 SpatiallyLoaded:1 Bounds:IsValid=true, Min=(X=2060.000 Y=2200.000 Z=0.000), Max=(X=2080.000 Y=2300.000 Z=400.000) RuntimeGrid:None EditorOnly:0 RuntimeOnly:0 HLODRelevant:1 ListedInSceneOutliner:1 IsMainWorldOnly:0
 |   |   |- Guid:E3B5A630465A34F80EDFC0BB2737498A BaseClass: NativeClass:/Script/Engine.StaticMeshActor Name:StaticMeshActor_UAID_98EECBDFBE27855D02_1425366133 Label:Wall_400x412 SpatiallyLoaded:1 Bounds:IsValid=true, Min=(X=2775.000 Y=510.000 Z=0.000), Max=(X=2975.000 Y=530.000 Z=400.000) RuntimeGrid:None EditorOnly:0 RuntimeOnly:0 HLODRelevant:1 ListedInSceneOutliner:1 IsMainWorldOnly:0
 |   |   |- Guid:EAA03702424F05E6F04DB9BD68213762 BaseClass: NativeClass:/Script/Engine.StaticMeshActor Name:StaticMeshActor_UAID_98EECBDFBE27855D02_1626450136 Label:Wall_400x413 SpatiallyLoaded:1 Bounds:IsValid=true, Min=(X=70.000 Y=1230.000 Z=0.000), Max=(X=470.000 Y=1250.000 Z=400.000) RuntimeGrid:None EditorOnly:0 RuntimeOnly:0 HLODRelevant:1 ListedInSceneOutliner:1 IsMainWorldOnly:0
 |   |   |- Guid:EE959C944701E2A4191261B10628B667 BaseClass: NativeClass:/Script/Engine.TextRenderActor Name:TextRenderActor_UAID_98EECBDFBE27875D02_1158428508 Label:TextRenderActor SpatiallyLoaded:1 Bounds:IsValid=true, Min=(X=1628.000 Y=649.500 Z=160.000), Max=(X=1820.000 Y=649.500 Z=186.000) RuntimeGrid:None EditorOnly:0 RuntimeOnly:0 HLODRelevant:0 ListedInSceneOutliner:1 IsMainWorldOnly:0
 |   |   |- Guid:F4EAF91243428FD9AE2273A276E08723 BaseClass: NativeClass:/Script/Engine.StaticMeshActor Name:StaticMeshActor_0 Label:SM_Cube SpatiallyLoaded:1 Bounds:IsValid=true, Min=(X=0.000 Y=0.000 Z=-50.000), Max=(X=3000.000 Y=2700.000 Z=0.000) RuntimeGrid:None EditorOnly:0 RuntimeOnly:0 HLODRelevant:1 ListedInSceneOutliner:1 IsMainWorldOnly:0 FolderPath:Playground FolderGuid:CDC3EA2D424DF73175D386948543BF31
 |   |   |- Guid:F71D4DF94B2E9749E6546EA831206C48 BaseClass: NativeClass:/Script/Engine.DirectionalLight Name:DirectionalLight_0 Label:DirectionalLight SpatiallyLoaded:0 Bounds:IsValid=true, Min=(X=-4398046511104.000 Y=-4398046511104.000 Z=-4398046511104.000), Max=(X=4398046511104.000 Y=4398046511104.000 Z=4398046511104.000) RuntimeGrid:None EditorOnly:0 RuntimeOnly:0 HLODRelevant:0 ListedInSceneOutliner:1 IsMainWorldOnly:0 FolderPath:Lighting FolderGuid:D9E1224C415FCB205E4105B3245ADAAB
 |   |   |- Guid:F7E6D6C640DD5E2E484042A53A44D18D BaseClass: NativeClass:/Script/Engine.StaticMeshActor Name:StaticMeshActor_8 Label:SM_Cube6 SpatiallyLoaded:1 Bounds:IsValid=true, Min=(X=2900.000 Y=100.000 Z=0.000), Max=(X=3000.000 Y=2700.000 Z=400.000) RuntimeGrid:None EditorOnly:0 RuntimeOnly:0 HLODRelevant:1 ListedInSceneOutliner:1 IsMainWorldOnly:0 FolderPath:Playground FolderGuid:CDC3EA2D424DF73175D386948543BF31
 |   |   |- Guid:FA45DA014D8661A18CBA48890A8A05C4 BaseClass: NativeClass:/Script/Engine.StaticMeshActor Name:StaticMeshActor_UAID_98EECBDFBE27865D02_1667764318 Label:Wall_400x417 SpatiallyLoaded:1 Bounds:IsValid=true, Min=(X=460.000 Y=2280.000 Z=0.000), Max=(X=2260.000 Y=2300.000 Z=400.000) RuntimeGrid:None EditorOnly:0 RuntimeOnly:0 HLODRelevant:1 ListedInSceneOutliner:1 IsMainWorldOnly:0
 |   |   |- Guid:FEEB05BE49170825D8EAB09E6C8BAB0F BaseClass: NativeClass:/Script/Engine.StaticMeshActor Name:StaticMeshActor_UAID_98EECBDFBE27845D02_1873808943 Label:Wall_Door_400x403 SpatiallyLoaded:1 Bounds:IsValid=true, Min=(X=560.000 Y=390.000 Z=0.000), Max=(X=960.000 Y=410.000 Z=400.000) RuntimeGrid:None EditorOnly:0 RuntimeOnly:0 HLODRelevant:1 ListedInSceneOutliner:1 IsMainWorldOnly:0
 |   |   |- Guid:FF4848D041B1CFF1C1AE3886E578BFFE BaseClass: NativeClass:/Script/Engine.StaticMeshActor Name:StaticMeshActor_2 Label:SM_Cube2 SpatiallyLoaded:1 Bounds:IsValid=true, Min=(X=0.000 Y=0.000 Z=0.000), Max=(X=3000.000 Y=100.000 Z=400.000) RuntimeGrid:None EditorOnly:0 RuntimeOnly:0 HLODRelevant:1 ListedInSceneOutliner:1 IsMainWorldOnly:0 FolderPath:Playground FolderGuid:CDC3EA2D424DF73175D386948543BF31
 |   |- [+] Clusters:
 |   |   |- [+] [  0]
 |   |   |   |- Guid:069915F34AF24A08DD3654BEBD5D7613 BaseClass: NativeClass:/Script/Engine.StaticMeshActor Name:StaticMeshActor_UAID_98EECBDFBE27845D02_1734213935 Label:Wall_400x400 SpatiallyLoaded:1 Bounds:IsValid=true, Min=(X=960.000 Y=80.000 Z=0.000), Max=(X=980.000 Y=680.000 Z=400.000) RuntimeGrid:None EditorOnly:0 RuntimeOnly:0 HLODRelevant:1 ListedInSceneOutliner:1 IsMainWorldOnly:0
 |   |   |- [+] [  1]
 |   |   |   |- Guid:07F61138498678B32E1174B9DB9506C6 BaseClass: NativeClass:/Script/Engine.StaticMeshActor Name:StaticMeshActor_UAID_98EECBDFBE27845D02_2113904949 Label:Wall_400x408 SpatiallyLoaded:1 Bounds:IsValid=true, Min=(X=2367.500 Y=510.000 Z=0.000), Max=(X=2392.500 Y=1460.000 Z=400.000) RuntimeGrid:None EditorOnly:0 RuntimeOnly:0 HLODRelevant:1 ListedInSceneOutliner:1 IsMainWorldOnly:0
 |   |   |- [+] [  2]
 |   |   |   |- Guid:0F72406449B999C6624A2595574F80C0 BaseClass: NativeClass:/Script/Engine.StaticMeshActor Name:StaticMeshActor_UAID_98EECBDFBE27865D02_1655814317 Label:Wall_400x416 SpatiallyLoaded:1 Bounds:IsValid=true, Min=(X=480.000 Y=1840.000 Z=0.000), Max=(X=2080.000 Y=1860.000 Z=400.000) RuntimeGrid:None EditorOnly:0 RuntimeOnly:0 HLODRelevant:1 ListedInSceneOutliner:1 IsMainWorldOnly:0
 |   |   |- [+] [  3]
 |   |   |   |- Guid:12ECB9044054DE9E306D689B634EF00A BaseClass: NativeClass:/Script/Engine.StaticMeshActor Name:StaticMeshActor_UAID_98EECBDFBE27845D02_1904280945 Label:Wall_400x406 SpatiallyLoaded:1 Bounds:IsValid=true, Min=(X=460.000 Y=360.000 Z=0.000), Max=(X=480.000 Y=1460.000 Z=400.000) RuntimeGrid:None EditorOnly:0 RuntimeOnly:0 HLODRelevant:1 ListedInSceneOutliner:1 IsMainWorldOnly:0
 |   |   |- [+] [  4]
 |   |   |   |- Guid:170B96CE46E4B20A4981C1A82DE3DDBC BaseClass: NativeClass:/Script/Engine.StaticMeshActor Name:StaticMeshActor_UAID_98EECBDFBE27855D02_1191092127 Label:Wall_400x409 SpatiallyLoaded:1 Bounds:IsValid=true, Min=(X=880.000 Y=1450.000 Z=0.000), Max=(X=1580.000 Y=1470.000 Z=400.000) RuntimeGrid:None EditorOnly:0 RuntimeOnly:0 HLODRelevant:1 ListedInSceneOutliner:1 IsMainWorldOnly:0
 |   |   |- [+] [  5]
 |   |   |   |- Guid:17C7FD304B739D667CCFADBCD54C206C BaseClass: NativeClass:/Script/Engine.StaticMeshActor Name:StaticMeshActor_UAID_98EECBDFBE27845D02_1799417939 Label:Wall_400x403 SpatiallyLoaded:1 Bounds:IsValid=true, Min=(X=960.000 Y=660.000 Z=0.000), Max=(X=1360.000 Y=680.000 Z=400.000) RuntimeGrid:None EditorOnly:0 RuntimeOnly:0 HLODRelevant:1 ListedInSceneOutliner:1 IsMainWorldOnly:0
 |   |   |- [+] [  6]
 |   |   |   |- Guid:1C3CE11145DA9415585DDE959F79D16C BaseClass: NativeClass:/Script/Engine.StaticMeshActor Name:StaticMeshActor_UAID_98EECBDFBE27845D02_2003309947 Label:Wall_400x407 SpatiallyLoaded:1 Bounds:IsValid=true, Min=(X=470.000 Y=1050.000 Z=0.000), Max=(X=570.000 Y=1070.000 Z=400.000) RuntimeGrid:None EditorOnly:0 RuntimeOnly:0 HLODRelevant:1 ListedInSceneOutliner:1 IsMainWorldOnly:0
 |   |   |- [+] [  7]
 |   |   |   |- Guid:214050414B22EB24D9DA989D130673DB BaseClass: NativeClass:/Script/Engine.WorldDataLayers Name:WorldDataLayers Label:WorldDataLayers-1 SpatiallyLoaded:0 Bounds:Invalid RuntimeGrid:None EditorOnly:0 RuntimeOnly:0 HLODRelevant:0 ListedInSceneOutliner:1 IsMainWorldOnly:1
 |   |   |- [+] [  8]
 |   |   |   |- Guid:2289743E4E3B7A8A99085FB7BEE081B3 BaseClass: NativeClass:/Script/Engine.StaticMeshActor Name:StaticMeshActor_UAID_98EECBDFBE27865D02_1443879315 Label:Wall_Door_400x410 SpatiallyLoaded:1 Bounds:IsValid=true, Min=(X=730.000 Y=1900.000 Z=0.000), Max=(X=750.000 Y=2300.000 Z=400.000) RuntimeGrid:None EditorOnly:0 RuntimeOnly:0 HLODRelevant:1 ListedInSceneOutliner:1 IsMainWorldOnly:0
 |   |   |- [+] [  9]
 |   |   |   |- Guid:2619E86D42B71EBA04666CA2835CB4AE BaseClass: NativeClass:/Script/Engine.StaticMeshActor Name:StaticMeshActor_UAID_98EECBDFBE27845D02_1768997937 Label:Wall_Door_400x400 SpatiallyLoaded:1 Bounds:IsValid=true, Min=(X=1300.000 Y=660.000 Z=0.000), Max=(X=1700.000 Y=680.000 Z=400.000) RuntimeGrid:None EditorOnly:0 RuntimeOnly:0 HLODRelevant:1 ListedInSceneOutliner:1 IsMainWorldOnly:0
 |   |   |- [+] [ 10]
 |   |   |   |- Guid:2D5C044441A15B39604DD49474DA9887 BaseClass: NativeClass:/Script/Engine.SkyAtmosphere Name:SkyAtmosphere_0 Label:SkyAtmosphere SpatiallyLoaded:0 Bounds:IsValid=true, Min=(X=0.000 Y=0.000 Z=1020.000), Max=(X=0.000 Y=0.000 Z=1020.000) RuntimeGrid:None EditorOnly:0 RuntimeOnly:0 HLODRelevant:0 ListedInSceneOutliner:1 IsMainWorldOnly:0 FolderPath:Lighting FolderGuid:D9E1224C415FCB205E4105B3245ADAAB
 |   |   |- [+] [ 11]
 |   |   |   |- Guid:32841590439298686364999C66CC9EF6 BaseClass: NativeClass:/Script/Engine.StaticMeshActor Name:StaticMeshActor_UAID_98EECBDFBE27855D02_1594236134 Label:Wall_Door_400x407 SpatiallyLoaded:1 Bounds:IsValid=true, Min=(X=2380.000 Y=1450.000 Z=0.000), Max=(X=2780.000 Y=1470.000 Z=400.000) RuntimeGrid:None EditorOnly:0 RuntimeOnly:0 HLODRelevant:1 ListedInSceneOutliner:1 IsMainWorldOnly:0
 |   |   |- [+] [ 12]
 |   |   |   |- Guid:44AF08E3405B39588D246AA0E1752292 BaseClass: NativeClass:/Script/Engine.StaticMeshActor Name:StaticMeshActor_UAID_98EECBDFBE27865D02_2106842331 Label:Wall_Door_400x414 SpatiallyLoaded:1 Bounds:IsValid=true, Min=(X=460.000 Y=1460.000 Z=0.000), Max=(X=480.000 Y=1860.000 Z=400.000) RuntimeGrid:None EditorOnly:0 RuntimeOnly:0 HLODRelevant:1 ListedInSceneOutliner:1 IsMainWorldOnly:0
 |   |   |- [+] [ 13]
 |   |   |   |- Guid:48FA854240CA8087144F3A88E150AA76 BaseClass: NativeClass:/Script/Engine.StaticMeshActor Name:StaticMeshActor_UAID_98EECBDFBE27865D02_1774786322 Label:Wall_Door_400x412 SpatiallyLoaded:1 Bounds:IsValid=true, Min=(X=2060.000 Y=1850.000 Z=0.000), Max=(X=2080.000 Y=2250.000 Z=400.000) RuntimeGrid:None EditorOnly:0 RuntimeOnly:0 HLODRelevant:1 ListedInSceneOutliner:1 IsMainWorldOnly:0
 |   |   |- [+] [ 14]
 |   |   |   |- Guid:49E59D8541357575364966A479BE8CA5 BaseClass: NativeClass:/Script/Engine.StaticMeshActor Name:StaticMeshActor_UAID_98EECBDFBE27855D02_1092864126 Label:Wall_Door_400x405 SpatiallyLoaded:1 Bounds:IsValid=true, Min=(X=1980.000 Y=510.000 Z=0.000), Max=(X=2380.000 Y=530.000 Z=400.000) RuntimeGrid:None EditorOnly:0 RuntimeOnly:0 HLODRelevant:1 ListedInSceneOutliner:1 IsMainWorldOnly:0
 |   |   |- [+] [ 15]
 |   |   |   |- Guid:4E68F80B4627DECAB03535984652399F BaseClass: NativeClass:/Script/Engine.StaticMeshActor Name:StaticMeshActor_UAID_98EECBDFBE27855D02_1209658128 Label:Wall_400x410 SpatiallyLoaded:1 Bounds:IsValid=true, Min=(X=1320.000 Y=1050.000 Z=0.000), Max=(X=1340.000 Y=1450.000 Z=400.000) RuntimeGrid:None EditorOnly:0 RuntimeOnly:0 HLODRelevant:1 ListedInSceneOutliner:1 IsMainWorldOnly:0
 |   |   |- [+] [ 16]
 |   |   |   |- Guid:4F1668034691BCA80F32819208357572 BaseClass: NativeClass:/Script/Engine.StaticMeshActor Name:StaticMeshActor_UAID_A4AE111137DC5FFB00_1159438599 Label:SM_SkySphere SpatiallyLoaded:0 Bounds:IsValid=true, Min=(X=-1638400.000 Y=-1638400.000 Z=-1638400.000), Max=(X=1638400.000 Y=1638400.000 Z=1638400.000) RuntimeGrid:None EditorOnly:0 RuntimeOnly:0 HLODRelevant:1 ListedInSceneOutliner:1 IsMainWorldOnly:0 FolderPath:Lighting FolderGuid:D9E1224C415FCB205E4105B3245ADAAB
 |   |   |- [+] [ 17]
 |   |   |   |- Guid:5051FCEF40A5341D68ACF4B6AD0EE15B BaseClass: NativeClass:/Script/Engine.StaticMeshActor Name:StaticMeshActor_UAID_98EECBDFBE27845D02_1760924936 Label:Wall_400x401 SpatiallyLoaded:1 Bounds:IsValid=true, Min=(X=1970.000 Y=80.000 Z=0.000), Max=(X=1990.000 Y=680.000 Z=400.000) RuntimeGrid:None EditorOnly:0 RuntimeOnly:0 HLODRelevant:1 ListedInSceneOutliner:1 IsMainWorldOnly:0
 |   |   |- [+] [ 18]
 |   |   |   |- Guid:5A84DFE14AFF357D5B84DB817E5B8AC0 BaseClass: NativeClass:/Script/Engine.StaticMeshActor Name:StaticMeshActor_UAID_98EECBDFBE27845D02_1783195938 Label:Wall_400x402 SpatiallyLoaded:1 Bounds:IsValid=true, Min=(X=1690.000 Y=660.000 Z=0.000), Max=(X=1990.000 Y=680.000 Z=400.000) RuntimeGrid:None EditorOnly:0 RuntimeOnly:0 HLODRelevant:1 ListedInSceneOutliner:1 IsMainWorldOnly:0
 |   |   |- [+] [ 19]
 |   |   |   |- Guid:5A8D52854D930AA5C9222F9A312E4C09 BaseClass: NativeClass:/Script/Engine.StaticMeshActor Name:StaticMeshActor_UAID_98EECBDFBE27855D02_1604027135 Label:Wall_400x411 SpatiallyLoaded:1 Bounds:IsValid=true, Min=(X=2740.000 Y=1450.000 Z=0.000), Max=(X=2940.000 Y=1470.000 Z=400.000) RuntimeGrid:None EditorOnly:0 RuntimeOnly:0 HLODRelevant:1 ListedInSceneOutliner:1 IsMainWorldOnly:0
 |   |   |- [+] [ 20]
 |   |   |   |- Guid:5C4CE2324D19A68C41CFE5AE9E371A35 BaseClass: NativeClass:/Script/Engine.StaticMeshActor Name:StaticMeshActor_3 Label:SM_Cube3 SpatiallyLoaded:1 Bounds:IsValid=true, Min=(X=0.000 Y=2610.000 Z=0.000), Max=(X=3000.000 Y=2710.000 Z=400.000) RuntimeGrid:None EditorOnly:0 RuntimeOnly:0 HLODRelevant:1 ListedInSceneOutliner:1 IsMainWorldOnly:0 FolderPath:Playground FolderGuid:CDC3EA2D424DF73175D386948543BF31
 |   |   |- [+] [ 21]
 |   |   |   |- Guid:63CC77184F3CBCC426B6638FA786B4D7 BaseClass: NativeClass:/Script/Engine.StaticMeshActor Name:StaticMeshActor_UAID_98EECBDFBE27865D02_2085421330 Label:Wall_Door_400x413 SpatiallyLoaded:1 Bounds:IsValid=true, Min=(X=2090.000 Y=2280.000 Z=0.000), Max=(X=2490.000 Y=2300.000 Z=400.000) RuntimeGrid:None EditorOnly:0 RuntimeOnly:0 HLODRelevant:1 ListedInSceneOutliner:1 IsMainWorldOnly:0
 |   |   |- [+] [ 22]
 |   |   |   |- Guid:671DB19847A39C4D811AD69EA825AC17 BaseClass: NativeClass:/Script/Engine.StaticMeshActor Name:StaticMeshActor_UAID_98EECBDFBE27855D02_1419193132 Label:Wall_Door_400x408 SpatiallyLoaded:1 Bounds:IsValid=true, Min=(X=2390.000 Y=510.000 Z=0.000), Max=(X=2790.000 Y=530.000 Z=400.000) RuntimeGrid:None EditorOnly:0 RuntimeOnly:0 HLODRelevant:1 ListedInSceneOutliner:1 IsMainWorldOnly:0
 |   |   |- [+] [ 23]
 |   |   |   |- Guid:6994C21C4C874139F11F0983688F711E BaseClass: NativeClass:/Script/Engine.StaticMeshActor Name:StaticMeshActor_UAID_98EECBDFBE27865D02_1725815321 Label:Wall_400x419 SpatiallyLoaded:1 Bounds:IsValid=true, Min=(X=2060.000 Y=1450.000 Z=0.000), Max=(X=2080.000 Y=1850.000 Z=400.000) RuntimeGrid:None EditorOnly:0 RuntimeOnly:0 HLODRelevant:1 ListedInSceneOutliner:1 IsMainWorldOnly:0
 |   |   |- [+] [ 24]
 |   |   |   |- Guid:6A55E6C64E6549E4C587C08D24159539 BaseClass: NativeClass:/Script/Engine.StaticMeshActor Name:StaticMeshActor_UAID_98EECBDFBE27845D02_1995424946 Label:Wall_Door_400x404 SpatiallyLoaded:1 Bounds:IsValid=true, Min=(X=560.000 Y=1050.000 Z=0.000), Max=(X=960.000 Y=1070.000 Z=400.000) RuntimeGrid:None EditorOnly:0 RuntimeOnly:0 HLODRelevant:1 ListedInSceneOutliner:1 IsMainWorldOnly:0
 |   |   |- [+] [ 25]
 |   |   |   |- Guid:7A8345D643A36213DDB41D8DBE08F402 BaseClass: NativeClass:/Script/Engine.StaticMeshActor Name:StaticMeshActor_UAID_98EECBDFBE27855D02_1721913137 Label:Wall_Door_400x409 SpatiallyLoaded:1 Bounds:IsValid=true, Min=(X=480.000 Y=1450.000 Z=0.000), Max=(X=880.000 Y=1470.000 Z=400.000) RuntimeGrid:None EditorOnly:0 RuntimeOnly:0 HLODRelevant:1 ListedInSceneOutliner:1 IsMainWorldOnly:0
 |   |   |- [+] [ 26]
 |   |   |   |- Guid:8567FE2548C1684BCE295FB795DD3ACE BaseClass: NativeClass:/Script/Engine.SkyLight Name:SkyLight_0 Label:SkyLight SpatiallyLoaded:0 Bounds:IsValid=true, Min=(X=0.000 Y=0.000 Z=690.000), Max=(X=0.000 Y=0.000 Z=690.000) RuntimeGrid:None EditorOnly:0 RuntimeOnly:0 HLODRelevant:0 ListedInSceneOutliner:1 IsMainWorldOnly:0 FolderPath:Lighting FolderGuid:D9E1224C415FCB205E4105B3245ADAAB
 |   |   |- [+] [ 27]
 |   |   |   |- Guid:8779C9E945036B108522888A4DD039B8 BaseClass: NativeClass:/Script/Engine.StaticMeshActor Name:StaticMeshActor_UAID_98EECBDFBE27865D02_1878695326 Label:Wall_400x421 SpatiallyLoaded:1 Bounds:IsValid=true, Min=(X=2470.000 Y=1460.000 Z=0.000), Max=(X=2490.000 Y=2300.000 Z=400.000) RuntimeGrid:None EditorOnly:0 RuntimeOnly:0 HLODRelevant:1 ListedInSceneOutliner:1 IsMainWorldOnly:0
 |   |   |- [+] [ 28]
 |   |   |   |- Guid:8FFC21EA42A4FA3EF94B89B5FD66EB9F BaseClass: NativeClass:/Script/Engine.StaticMeshActor Name:StaticMeshActor_UAID_98EECBDFBE27845D02_1887744944 Label:Wall_400x405 SpatiallyLoaded:1 Bounds:IsValid=true, Min=(X=460.000 Y=390.000 Z=0.000), Max=(X=560.000 Y=410.000 Z=400.000) RuntimeGrid:None EditorOnly:0 RuntimeOnly:0 HLODRelevant:1 ListedInSceneOutliner:1 IsMainWorldOnly:0
 |   |   |- [+] [ 29]
 |   |   |   |- Guid:A9F92075464B49FAB11AE6AC57384CFC BaseClass: NativeClass:/Script/Engine.StaticMeshActor Name:StaticMeshActor_7 Label:SM_Cube5 SpatiallyLoaded:1 Bounds:IsValid=true, Min=(X=-0.000 Y=100.000 Z=0.000), Max=(X=100.000 Y=2675.000 Z=400.000) RuntimeGrid:None EditorOnly:0 RuntimeOnly:0 HLODRelevant:1 ListedInSceneOutliner:1 IsMainWorldOnly:0 FolderPath:Playground FolderGuid:CDC3EA2D424DF73175D386948543BF31
 |   |   |- [+] [ 30]
 |   |   |   |- Guid:B239B8C8496844F6CEE342B342484E7E BaseClass: NativeClass:/Script/Engine.StaticMeshActor Name:StaticMeshActor_UAID_98EECBDFBE27845D02_1810644940 Label:Wall_400x404 SpatiallyLoaded:1 Bounds:IsValid=true, Min=(X=970.000 Y=1050.000 Z=0.000), Max=(X=1970.000 Y=1070.000 Z=400.000) RuntimeGrid:None EditorOnly:0 RuntimeOnly:0 HLODRelevant:1 ListedInSceneOutliner:1 IsMainWorldOnly:0
 |   |   |- [+] [ 31]
 |   |   |   |- Guid:B72ED65243C0BAC38A4E18852DE1DF64 BaseClass: NativeClass:/Script/Engine.ExponentialHeightFog Name:ExponentialHeightFog_0 Label:ExponentialHeightFog SpatiallyLoaded:0 Bounds:IsValid=true, Min=(X=-5600.000 Y=-50.000 Z=-6850.000), Max=(X=-5600.000 Y=-50.000 Z=-6850.000) RuntimeGrid:None EditorOnly:0 RuntimeOnly:0 HLODRelevant:0 ListedInSceneOutliner:1 IsMainWorldOnly:0 FolderPath:Lighting FolderGuid:D9E1224C415FCB205E4105B3245ADAAB
 |   |   |- [+] [ 32]
 |   |   |   |- Guid:B822ABBE4BD74F9F8F7CF1986FA636D9 BaseClass: NativeClass:/Script/Engine.StaticMeshActor Name:StaticMeshActor_UAID_98EECBDFBE27845D02_1834113942 Label:Wall_Door_400x402 SpatiallyLoaded:1 Bounds:IsValid=true, Min=(X=1970.000 Y=670.000 Z=0.000), Max=(X=1990.000 Y=1070.000 Z=400.000) RuntimeGrid:None EditorOnly:0 RuntimeOnly:0 HLODRelevant:1 ListedInSceneOutliner:1 IsMainWorldOnly:0
 |   |   |- [+] [ 33]
 |   |   |   |- Guid:BAEFC0954418B189AB5ABE87222FD4FC BaseClass: NativeClass:/Script/Engine.StaticMeshActor Name:StaticMeshActor_UAID_98EECBDFBE27865D02_1986417328 Label:Wall_400x423 SpatiallyLoaded:1 Bounds:IsValid=true, Min=(X=460.000 Y=1800.000 Z=0.000), Max=(X=480.000 Y=2300.000 Z=400.000) RuntimeGrid:None EditorOnly:0 RuntimeOnly:0 HLODRelevant:1 ListedInSceneOutliner:1 IsMainWorldOnly:0
 |   |   |- [+] [ 34]
 |   |   |   |- Guid:BE5A0DA141CC5C099C640D905521328B BaseClass: NativeClass:/Script/Engine.StaticMeshActor Name:StaticMeshActor_UAID_98EECBDFBE27855D02_1295077129 Label:Wall_Door_400x406 SpatiallyLoaded:1 Bounds:IsValid=true, Min=(X=460.000 Y=30.000 Z=0.000), Max=(X=480.000 Y=430.000 Z=400.000) RuntimeGrid:None EditorOnly:0 RuntimeOnly:0 HLODRelevant:1 ListedInSceneOutliner:1 IsMainWorldOnly:0
 |   |   |- [+] [ 35]
 |   |   |   |- Guid:C290C4354096C6E33A1DF585BBA3398C BaseClass: NativeClass:/Script/Engine.StaticMeshActor Name:StaticMeshActor_UAID_98EECBDFBE27865D02_1702555320 Label:Wall_400x418 SpatiallyLoaded:1 Bounds:IsValid=true, Min=(X=1980.000 Y=1450.000 Z=0.000), Max=(X=2380.000 Y=1470.000 Z=400.000) RuntimeGrid:None EditorOnly:0 RuntimeOnly:0 HLODRelevant:1 ListedInSceneOutliner:1 IsMainWorldOnly:0
 |   |   |- [+] [ 36]
 |   |   |   |- Guid:C466679942186108CCEA1CA2A918930D BaseClass: NativeClass:/Script/Engine.StaticMeshActor Name:StaticMeshActor_UAID_98EECBDFBE27845D02_1813999941 Label:Wall_Door_400x401 SpatiallyLoaded:1 Bounds:IsValid=true, Min=(X=960.000 Y=670.000 Z=0.000), Max=(X=980.000 Y=1070.000 Z=400.000) RuntimeGrid:None EditorOnly:0 RuntimeOnly:0 HLODRelevant:1 ListedInSceneOutliner:1 IsMainWorldOnly:0
 |   |   |- [+] [ 37]
 |   |   |   |- Guid:C88747F1455336031A06F6B76E332DB8 BaseClass: NativeClass:/Script/Engine.VolumetricCloud Name:VolumetricCloud_0 Label:VolumetricCloud SpatiallyLoaded:0 Bounds:IsValid=true, Min=(X=0.000 Y=0.000 Z=820.000), Max=(X=0.000 Y=0.000 Z=820.000) RuntimeGrid:None EditorOnly:0 RuntimeOnly:0 HLODRelevant:0 ListedInSceneOutliner:1 IsMainWorldOnly:0 FolderPath:Lighting FolderGuid:D9E1224C415FCB205E4105B3245ADAAB
 |   |   |- [+] [ 38]
 |   |   |   |- Guid:CF03D576435042E338BC4EB979BC2FA2 BaseClass: NativeClass:/Script/Engine.StaticMeshActor Name:StaticMeshActor_UAID_98EECBDFBE27875D02_1234316509 Label:Wall_400x200 SpatiallyLoaded:1 Bounds:IsValid=true, Min=(X=1622.000 Y=650.000 Z=120.000), Max=(X=1822.000 Y=670.000 Z=220.000) RuntimeGrid:None EditorOnly:0 RuntimeOnly:0 HLODRelevant:1 ListedInSceneOutliner:1 IsMainWorldOnly:0
 |   |   |- [+] [ 39]
 |   |   |   |- Guid:D06224BF412467B83EE20F8C7F780524 BaseClass: NativeClass:/Script/Engine.StaticMeshActor Name:StaticMeshActor_UAID_98EECBDFBE27865D02_1689777319 Label:Wall_Door_400x411 SpatiallyLoaded:1 Bounds:IsValid=true, Min=(X=1580.000 Y=1450.000 Z=0.000), Max=(X=1980.000 Y=1470.000 Z=400.000) RuntimeGrid:None EditorOnly:0 RuntimeOnly:0 HLODRelevant:1 ListedInSceneOutliner:1 IsMainWorldOnly:0
 |   |   |- [+] [ 40]
 |   |   |   |- Guid:DBA0AB88434B162A609FD3903FDF860E BaseClass: NativeClass:/Script/Engine.StaticMeshActor Name:StaticMeshActor_UAID_98EECBDFBE27865D02_1965726327 Label:Wall_400x422 SpatiallyLoaded:1 Bounds:IsValid=true, Min=(X=730.000 Y=1860.000 Z=0.000), Max=(X=750.000 Y=1960.000 Z=400.000) RuntimeGrid:None EditorOnly:0 RuntimeOnly:0 HLODRelevant:1 ListedInSceneOutliner:1 IsMainWorldOnly:0
 |   |   |- [+] [ 41]
 |   |   |   |- Guid:DD9C7D6F4829BE5BB72DBEB3F6934A69 BaseClass: NativeClass:/Script/Engine.StaticMeshActor Name:StaticMeshActor_UAID_98EECBDFBE27865D02_1808462323 Label:Wall_400x415 SpatiallyLoaded:1 Bounds:IsValid=true, Min=(X=2060.000 Y=2200.000 Z=0.000), Max=(X=2080.000 Y=2300.000 Z=400.000) RuntimeGrid:None EditorOnly:0 RuntimeOnly:0 HLODRelevant:1 ListedInSceneOutliner:1 IsMainWorldOnly:0
 |   |   |- [+] [ 42]
 |   |   |   |- Guid:E3B5A630465A34F80EDFC0BB2737498A BaseClass: NativeClass:/Script/Engine.StaticMeshActor Name:StaticMeshActor_UAID_98EECBDFBE27855D02_1425366133 Label:Wall_400x412 SpatiallyLoaded:1 Bounds:IsValid=true, Min=(X=2775.000 Y=510.000 Z=0.000), Max=(X=2975.000 Y=530.000 Z=400.000) RuntimeGrid:None EditorOnly:0 RuntimeOnly:0 HLODRelevant:1 ListedInSceneOutliner:1 IsMainWorldOnly:0
 |   |   |- [+] [ 43]
 |   |   |   |- Guid:EAA03702424F05E6F04DB9BD68213762 BaseClass: NativeClass:/Script/Engine.StaticMeshActor Name:StaticMeshActor_UAID_98EECBDFBE27855D02_1626450136 Label:Wall_400x413 SpatiallyLoaded:1 Bounds:IsValid=true, Min=(X=70.000 Y=1230.000 Z=0.000), Max=(X=470.000 Y=1250.000 Z=400.000) RuntimeGrid:None EditorOnly:0 RuntimeOnly:0 HLODRelevant:1 ListedInSceneOutliner:1 IsMainWorldOnly:0
 |   |   |- [+] [ 44]
 |   |   |   |- Guid:EE959C944701E2A4191261B10628B667 BaseClass: NativeClass:/Script/Engine.TextRenderActor Name:TextRenderActor_UAID_98EECBDFBE27875D02_1158428508 Label:TextRenderActor SpatiallyLoaded:1 Bounds:IsValid=true, Min=(X=1628.000 Y=649.500 Z=160.000), Max=(X=1820.000 Y=649.500 Z=186.000) RuntimeGrid:None EditorOnly:0 RuntimeOnly:0 HLODRelevant:0 ListedInSceneOutliner:1 IsMainWorldOnly:0
 |   |   |- [+] [ 45]
 |   |   |   |- Guid:F4EAF91243428FD9AE2273A276E08723 BaseClass: NativeClass:/Script/Engine.StaticMeshActor Name:StaticMeshActor_0 Label:SM_Cube SpatiallyLoaded:1 Bounds:IsValid=true, Min=(X=0.000 Y=0.000 Z=-50.000), Max=(X=3000.000 Y=2700.000 Z=0.000) RuntimeGrid:None EditorOnly:0 RuntimeOnly:0 HLODRelevant:1 ListedInSceneOutliner:1 IsMainWorldOnly:0 FolderPath:Playground FolderGuid:CDC3EA2D424DF73175D386948543BF31
 |   |   |- [+] [ 46]
 |   |   |   |- Guid:F71D4DF94B2E9749E6546EA831206C48 BaseClass: NativeClass:/Script/Engine.DirectionalLight Name:DirectionalLight_0 Label:DirectionalLight SpatiallyLoaded:0 Bounds:IsValid=true, Min=(X=-4398046511104.000 Y=-4398046511104.000 Z=-4398046511104.000), Max=(X=4398046511104.000 Y=4398046511104.000 Z=4398046511104.000) RuntimeGrid:None EditorOnly:0 RuntimeOnly:0 HLODRelevant:0 ListedInSceneOutliner:1 IsMainWorldOnly:0 FolderPath:Lighting FolderGuid:D9E1224C415FCB205E4105B3245ADAAB
 |   |   |- [+] [ 47]
 |   |   |   |- Guid:F7E6D6C640DD5E2E484042A53A44D18D BaseClass: NativeClass:/Script/Engine.StaticMeshActor Name:StaticMeshActor_8 Label:SM_Cube6 SpatiallyLoaded:1 Bounds:IsValid=true, Min=(X=2900.000 Y=100.000 Z=0.000), Max=(X=3000.000 Y=2700.000 Z=400.000) RuntimeGrid:None EditorOnly:0 RuntimeOnly:0 HLODRelevant:1 ListedInSceneOutliner:1 IsMainWorldOnly:0 FolderPath:Playground FolderGuid:CDC3EA2D424DF73175D386948543BF31
 |   |   |- [+] [ 48]
 |   |   |   |- Guid:FA45DA014D8661A18CBA48890A8A05C4 BaseClass: NativeClass:/Script/Engine.StaticMeshActor Name:StaticMeshActor_UAID_98EECBDFBE27865D02_1667764318 Label:Wall_400x417 SpatiallyLoaded:1 Bounds:IsValid=true, Min=(X=460.000 Y=2280.000 Z=0.000), Max=(X=2260.000 Y=2300.000 Z=400.000) RuntimeGrid:None EditorOnly:0 RuntimeOnly:0 HLODRelevant:1 ListedInSceneOutliner:1 IsMainWorldOnly:0
 |   |   |- [+] [ 49]
 |   |   |   |- Guid:FEEB05BE49170825D8EAB09E6C8BAB0F BaseClass: NativeClass:/Script/Engine.StaticMeshActor Name:StaticMeshActor_UAID_98EECBDFBE27845D02_1873808943 Label:Wall_Door_400x403 SpatiallyLoaded:1 Bounds:IsValid=true, Min=(X=560.000 Y=390.000 Z=0.000), Max=(X=960.000 Y=410.000 Z=400.000) RuntimeGrid:None EditorOnly:0 RuntimeOnly:0 HLODRelevant:1 ListedInSceneOutliner:1 IsMainWorldOnly:0
 |   |   |- [+] [ 50]
 |   |   |   |- Guid:FF4848D041B1CFF1C1AE3886E578BFFE BaseClass: NativeClass:/Script/Engine.StaticMeshActor Name:StaticMeshActor_2 Label:SM_Cube2 SpatiallyLoaded:1 Bounds:IsValid=true, Min=(X=0.000 Y=0.000 Z=0.000), Max=(X=3000.000 Y=100.000 Z=400.000) RuntimeGrid:None EditorOnly:0 RuntimeOnly:0 HLODRelevant:1 ListedInSceneOutliner:1 IsMainWorldOnly:0 FolderPath:Playground FolderGuid:CDC3EA2D424DF73175D386948543BF31
 |- ContainerInstances:
 |- [+] MainContainer:
 |   |-        ID: 00000000000000000000000000000000
 |   |-  ParentID: 00000000000000000000000000000000
 |   |-    Bounds: IsValid=false, Min=(X=0.000 Y=0.000 Z=0.000), Max=(X=0.000 Y=0.000 Z=0.000)
 |   |- Transform: 0.000000,0.000000,0.000000|0.000000,0.000000,-0.000000|1.000000,1.000000,1.000000
 |   |- Container: /Game/TutorialLevel
----------------------------------------------------------------------------------------------------------------
TutorialLevel - Persistent Level
----------------------------------------------------------------------------------------------------------------
[+] Content of TutorialLevel Persistent Level
 |- Always loaded Actor Count: 58 
 |- Actor Path: /Game/TutorialLevel.TutorialLevel:PersistentLevel.AbstractNavData-Default
 |- Actor Package: /Game/TutorialLevel
 |- Actor Path: /Game/TutorialLevel.TutorialLevel:PersistentLevel.Brush_0
 |- Actor Package: /Game/TutorialLevel
 |- Actor Path: /Game/TutorialLevel.TutorialLevel:PersistentLevel.DefaultPhysicsVolume_0
 |- Actor Package: /Game/TutorialLevel
 |- Actor Path: /Game/TutorialLevel.TutorialLevel:PersistentLevel.DirectionalLight_0
 |- Actor Package: /Game/__ExternalActors__/TutorialLevel/D/EZ/HS5LN7IP47A8CDFQ8W600M
 |- Actor Path: /Game/TutorialLevel.TutorialLevel:PersistentLevel.ExponentialHeightFog_0
 |- Actor Package: /Game/__ExternalActors__/TutorialLevel/1/Y8/4MTZVIIQ0XG6TL2Z2JBEQ1
 |- Actor Path: /Game/TutorialLevel.TutorialLevel:PersistentLevel.GameplayDebuggerPlayerManager_0
 |- Actor Package: /Game/TutorialLevel
 |- Actor Path: /Game/TutorialLevel.TutorialLevel:PersistentLevel.SkyAtmosphere_0
 |- Actor Package: /Game/__ExternalActors__/TutorialLevel/2/GV/Y6T7ESOGA5XQ3KDQ9KW4XE
 |- Actor Path: /Game/TutorialLevel.TutorialLevel:PersistentLevel.SkyLight_0
 |- Actor Package: /Game/__ExternalActors__/TutorialLevel/5/P3/6MVD86VSVHR2KS40PTACQR
 |- Actor Path: /Game/TutorialLevel.TutorialLevel:PersistentLevel.StaticMeshActor_0
 |- Actor Package: /Game/__ExternalActors__/TutorialLevel/7/DA/6HFD60HSLK1HQNEEH0PO6D
 |- Actor Path: /Game/TutorialLevel.TutorialLevel:PersistentLevel.StaticMeshActor_2
 |- Actor Package: /Game/__ExternalActors__/TutorialLevel/A/KF/U5O86LF1JGO4FANJ4AF2OM
 |- Actor Path: /Game/TutorialLevel.TutorialLevel:PersistentLevel.StaticMeshActor_3
 |- Actor Package: /Game/__ExternalActors__/TutorialLevel/2/IH/USH8S0F6UKKUYS8WLCC1AU
 |- Actor Path: /Game/TutorialLevel.TutorialLevel:PersistentLevel.StaticMeshActor_7
 |- Actor Package: /Game/__ExternalActors__/TutorialLevel/1/KZ/VQ51BWZR3YCQI4RZCMD6JJ
 |- Actor Path: /Game/TutorialLevel.TutorialLevel:PersistentLevel.StaticMeshActor_8
 |- Actor Package: /Game/__ExternalActors__/TutorialLevel/6/3R/S76OYH9DK578UB221YKY0A
 |- Actor Path: /Game/TutorialLevel.TutorialLevel:PersistentLevel.StaticMeshActor_UAID_98EECBDFBE27845D02_1734213935
 |- Actor Package: /Game/__ExternalActors__/TutorialLevel/5/1O/3RDENKBBIGF6E4445TO54O
 |- Actor Path: /Game/TutorialLevel.TutorialLevel:PersistentLevel.StaticMeshActor_UAID_98EECBDFBE27845D02_1760924936
 |- Actor Package: /Game/__ExternalActors__/TutorialLevel/7/9V/0GY0Q8E53CVMOFYTQCOM52
 |- Actor Path: /Game/TutorialLevel.TutorialLevel:PersistentLevel.StaticMeshActor_UAID_98EECBDFBE27845D02_1768997937
 |- Actor Package: /Game/__ExternalActors__/TutorialLevel/5/X4/R5G9NQW5ZWGKPQV1W1PQ59
 |- Actor Path: /Game/TutorialLevel.TutorialLevel:PersistentLevel.StaticMeshActor_UAID_98EECBDFBE27845D02_1783195938
 |- Actor Package: /Game/__ExternalActors__/TutorialLevel/A/7V/RWG28GU3DK7ONWHA370395
 |- Actor Path: /Game/TutorialLevel.TutorialLevel:PersistentLevel.StaticMeshActor_UAID_98EECBDFBE27845D02_1799417939
 |- Actor Package: /Game/__ExternalActors__/TutorialLevel/8/2Z/QMYWO9O6AL2WKAWG6YJFXV
 |- Actor Path: /Game/TutorialLevel.TutorialLevel:PersistentLevel.StaticMeshActor_UAID_98EECBDFBE27845D02_1810644940
 |- Actor Package: /Game/__ExternalActors__/TutorialLevel/E/54/YDKUE23V63ZGGRPIUUX7UZ
 |- Actor Path: /Game/TutorialLevel.TutorialLevel:PersistentLevel.StaticMeshActor_UAID_98EECBDFBE27845D02_1813999941
 |- Actor Package: /Game/__ExternalActors__/TutorialLevel/2/3E/GA6IPJB2CHQNKCR1W8G806
 |- Actor Path: /Game/TutorialLevel.TutorialLevel:PersistentLevel.StaticMeshActor_UAID_98EECBDFBE27845D02_1834113942
 |- Actor Package: /Game/__ExternalActors__/TutorialLevel/B/KQ/THDOFJUD129VJXGD14KON2
 |- Actor Path: /Game/TutorialLevel.TutorialLevel:PersistentLevel.StaticMeshActor_UAID_98EECBDFBE27845D02_1873808943
 |- Actor Package: /Game/__ExternalActors__/TutorialLevel/0/U0/NAVGZBIR917R7AZXMV5LRM
 |- Actor Path: /Game/TutorialLevel.TutorialLevel:PersistentLevel.StaticMeshActor_UAID_98EECBDFBE27845D02_1887744944
 |- Actor Package: /Game/__ExternalActors__/TutorialLevel/4/5Z/HD79RN9J94OK170S7T121V
 |- Actor Path: /Game/TutorialLevel.TutorialLevel:PersistentLevel.StaticMeshActor_UAID_98EECBDFBE27845D02_1904280945
 |- Actor Package: /Game/__ExternalActors__/TutorialLevel/2/UD/4VIUJ155906WLI49SAN40B
 |- Actor Path: /Game/TutorialLevel.TutorialLevel:PersistentLevel.StaticMeshActor_UAID_98EECBDFBE27845D02_1995424946
 |- Actor Package: /Game/__ExternalActors__/TutorialLevel/A/ZL/SKYIUXFW4JYRTH6J4M4SFN
 |- Actor Path: /Game/TutorialLevel.TutorialLevel:PersistentLevel.StaticMeshActor_UAID_98EECBDFBE27845D02_2003309947
 |- Actor Package: /Game/__ExternalActors__/TutorialLevel/6/MM/TLS64G2JIS3YAHL318LKLA
 |- Actor Path: /Game/TutorialLevel.TutorialLevel:PersistentLevel.StaticMeshActor_UAID_98EECBDFBE27845D02_2113904949
 |- Actor Package: /Game/__ExternalActors__/TutorialLevel/D/Q2/QRYXOSOKYKBYOMN6641Y6B
 |- Actor Path: /Game/TutorialLevel.TutorialLevel:PersistentLevel.StaticMeshActor_UAID_98EECBDFBE27855D02_1092864126
 |- Actor Package: /Game/__ExternalActors__/TutorialLevel/9/4A/TILNOUUM3EZ2KUK3AJJW6P
 |- Actor Path: /Game/TutorialLevel.TutorialLevel:PersistentLevel.StaticMeshActor_UAID_98EECBDFBE27855D02_1191092127
 |- Actor Package: /Game/__ExternalActors__/TutorialLevel/A/RI/RFPEN91PD9RJH4EYA5M7HD
 |- Actor Path: /Game/TutorialLevel.TutorialLevel:PersistentLevel.StaticMeshActor_UAID_98EECBDFBE27855D02_1209658128
 |- Actor Package: /Game/__ExternalActors__/TutorialLevel/C/JN/MO8XVFJG3GBRWDK0LFLCU2
 |- Actor Path: /Game/TutorialLevel.TutorialLevel:PersistentLevel.StaticMeshActor_UAID_98EECBDFBE27855D02_1295077129
 |- Actor Package: /Game/__ExternalActors__/TutorialLevel/4/GL/6WAWG7ROUSQ6JUQUVIY3E8
 |- Actor Path: /Game/TutorialLevel.TutorialLevel:PersistentLevel.StaticMeshActor_UAID_98EECBDFBE27855D02_1419193132
 |- Actor Package: /Game/__ExternalActors__/TutorialLevel/C/ME/2IW750LJTOWW6OM3YNG562
 |- Actor Path: /Game/TutorialLevel.TutorialLevel:PersistentLevel.StaticMeshActor_UAID_98EECBDFBE27855D02_1425366133
 |- Actor Package: /Game/__ExternalActors__/TutorialLevel/3/A8/7O5GTWHMBF435XUK2KQZWW
 |- Actor Path: /Game/TutorialLevel.TutorialLevel:PersistentLevel.StaticMeshActor_UAID_98EECBDFBE27855D02_1594236134
 |- Actor Package: /Game/__ExternalActors__/TutorialLevel/5/6T/3KFCK6CVRH717X87LLDQSK
 |- Actor Path: /Game/TutorialLevel.TutorialLevel:PersistentLevel.StaticMeshActor_UAID_98EECBDFBE27855D02_1604027135
 |- Actor Package: /Game/__ExternalActors__/TutorialLevel/2/7E/TW1SBG5798G47SI3WVC7ZZ
 |- Actor Path: /Game/TutorialLevel.TutorialLevel:PersistentLevel.StaticMeshActor_UAID_98EECBDFBE27855D02_1626450136
 |- Actor Package: /Game/__ExternalActors__/TutorialLevel/B/5L/ZFNMYYV1ECT6ORMN51NEUK
 |- Actor Path: /Game/TutorialLevel.TutorialLevel:PersistentLevel.StaticMeshActor_UAID_98EECBDFBE27855D02_1721913137
 |- Actor Package: /Game/__ExternalActors__/TutorialLevel/7/2S/38HIIMX7TY5JA96F28HGKZ
 |- Actor Path: /Game/TutorialLevel.TutorialLevel:PersistentLevel.StaticMeshActor_UAID_98EECBDFBE27865D02_1443879315
 |- Actor Package: /Game/__ExternalActors__/TutorialLevel/6/AT/77V2UWNGTISMJCKO7RQNRJ
 |- Actor Path: /Game/TutorialLevel.TutorialLevel:PersistentLevel.StaticMeshActor_UAID_98EECBDFBE27865D02_1655814317
 |- Actor Package: /Game/__ExternalActors__/TutorialLevel/C/WB/O5NWRVA0PDIWJNZ3D7GFEX
 |- Actor Path: /Game/TutorialLevel.TutorialLevel:PersistentLevel.StaticMeshActor_UAID_98EECBDFBE27865D02_1667764318
 |- Actor Package: /Game/__ExternalActors__/TutorialLevel/9/Q9/P4YPNQ892B3O531WGH6EM9
 |- Actor Path: /Game/TutorialLevel.TutorialLevel:PersistentLevel.StaticMeshActor_UAID_98EECBDFBE27865D02_1689777319
 |- Actor Package: /Game/__ExternalActors__/TutorialLevel/6/GI/05FUR733SUPPJ15NFZ3E2Z
 |- Actor Path: /Game/TutorialLevel.TutorialLevel:PersistentLevel.StaticMeshActor_UAID_98EECBDFBE27865D02_1702555320
 |- Actor Package: /Game/__ExternalActors__/TutorialLevel/7/FL/9AT81ZOMIYPFH66Z5QN38I
 |- Actor Path: /Game/TutorialLevel.TutorialLevel:PersistentLevel.StaticMeshActor_UAID_98EECBDFBE27865D02_1725815321
 |- Actor Package: /Game/__ExternalActors__/TutorialLevel/D/GP/FKAIYBEJ32KIHEHAT6ER5R
 |- Actor Path: /Game/TutorialLevel.TutorialLevel:PersistentLevel.StaticMeshActor_UAID_98EECBDFBE27865D02_1774786322
 |- Actor Package: /Game/__ExternalActors__/TutorialLevel/3/XZ/Q7Y0HN3OFJCBQ7YVGVBZB5
 |- Actor Path: /Game/TutorialLevel.TutorialLevel:PersistentLevel.StaticMeshActor_UAID_98EECBDFBE27865D02_1808462323
 |- Actor Package: /Game/__ExternalActors__/TutorialLevel/0/PD/51NNAW5UFVOJWQQACRLZZH
 |- Actor Path: /Game/TutorialLevel.TutorialLevel:PersistentLevel.StaticMeshActor_UAID_98EECBDFBE27865D02_1878695326
 |- Actor Package: /Game/__ExternalActors__/TutorialLevel/D/MQ/JPN74RKJ4CACOWSKUXO1AQ
 |- Actor Path: /Game/TutorialLevel.TutorialLevel:PersistentLevel.StaticMeshActor_UAID_98EECBDFBE27865D02_1965726327
 |- Actor Package: /Game/__ExternalActors__/TutorialLevel/A/WA/H9Y39CT43VEH7WD4ONGYFE
 |- Actor Path: /Game/TutorialLevel.TutorialLevel:PersistentLevel.StaticMeshActor_UAID_98EECBDFBE27865D02_1986417328
 |- Actor Package: /Game/__ExternalActors__/TutorialLevel/0/GT/5KG7GLBQOK0EANV6ZP1YF4
 |- Actor Path: /Game/TutorialLevel.TutorialLevel:PersistentLevel.StaticMeshActor_UAID_98EECBDFBE27865D02_2085421330
 |- Actor Package: /Game/__ExternalActors__/TutorialLevel/2/IN/KU91K302HWPLNAFV3TYOS7
 |- Actor Path: /Game/TutorialLevel.TutorialLevel:PersistentLevel.StaticMeshActor_UAID_98EECBDFBE27865D02_2106842331
 |- Actor Package: /Game/__ExternalActors__/TutorialLevel/6/0V/5IMYM5GTYDIIWUT003UJ2Y
 |- Actor Path: /Game/TutorialLevel.TutorialLevel:PersistentLevel.StaticMeshActor_UAID_98EECBDFBE27875D02_1234316509
 |- Actor Package: /Game/__ExternalActors__/TutorialLevel/B/TV/33OCIGK9P0M58EJZKWX4B8
 |- Actor Path: /Game/TutorialLevel.TutorialLevel:PersistentLevel.StaticMeshActor_UAID_A4AE111137DC5FFB00_1159438599
 |- Actor Package: /Game/__ExternalActors__/TutorialLevel/B/T5/SVPCSU9X22N5CG0NYDKQPC
 |- Actor Path: /Game/TutorialLevel.TutorialLevel:PersistentLevel.TextRenderActor_UAID_98EECBDFBE27875D02_1158428508
 |- Actor Package: /Game/__ExternalActors__/TutorialLevel/0/VX/RWXXJB7Q3CGG3JBMHSTWSY
 |- Actor Path: /Game/TutorialLevel.TutorialLevel:PersistentLevel.TutorialLevel_C_1
 |- Actor Package: /Game/TutorialLevel
 |- Actor Path: /Game/TutorialLevel.TutorialLevel:PersistentLevel.VolumetricCloud_0
 |- Actor Package: /Game/__ExternalActors__/TutorialLevel/C/XI/XNEI4IGVYEG5A1TRDW1CMM
 |- Actor Path: /Game/TutorialLevel.TutorialLevel:PersistentLevel.WorldDataLayers
 |- Actor Package: /Game/__ExternalActors__/TutorialLevel/9/DI/BV3CTZLEXUNNLNMWEG8DYD
 |- Actor Path: /Game/TutorialLevel.TutorialLevel:PersistentLevel.WorldInfo_0
 |- Actor Package: /Game/TutorialLevel
 |- Actor Path: /Game/TutorialLevel.TutorialLevel:PersistentLevel.WorldPartitionMiniMap_0
 |- Actor Package: /Game/__ExternalActors__/TutorialLevel/7/DZ/259MBDPKJHT9BX718WXQ24

----------------------------------------------------------------------------------------------------------------
TutorialLevel - Runtime Spatial Hash - Streaming Grid - MainGrid
----------------------------------------------------------------------------------------------------------------
            Origin: X=0.000 Y=0.000 Z=0.000
         Cell Size: 12800
      World Bounds: IsValid=false, Min=(X=0.000 Y=0.000 Z=0.000), Max=(X=0.000 Y=0.000 Z=0.000)
     Loading Range: 25600.00
Block Slow Loading: No
 ClientOnlyVisible: No
            Origin: X=0.000 Y=0.000 Z=0.000

[+] Grid Levels: 1
 |- Level  0: Cell Count    0 | Cell Size   12800 | Actor Count    0 (0.0%)

[+] Content of Grid Level 0

