[+] Containers:
 |- [+] Container: /Game/FirstPerson/Maps/FirstPersonMap
 |   |- [+] ActorDescs:
 |   |   |- Guid:13F40C7241F9A80D3E971DBC21FCAFB0 BaseClass: NativeClass:/Script/Engine.SkyAtmosphere Name:SkyAtmosphere_0 Label:SkyAtmosphere SpatiallyLoaded:0 Bounds:IsValid=true, Min=(X=0.000 Y=0.000 Z=1020.000), Max=(X=0.000 Y=0.000 Z=1020.000) RuntimeGrid:None EditorOnly:0 RuntimeOnly:0 HLODRelevant:0 ListedInSceneOutliner:1 IsMainWorldOnly:0 FolderPath:Lighting FolderGuid:D9E1224C415FCB205E4105B3245ADAAB
 |   |   |- Guid:141621554D48EF0D982694914A09EDEC BaseClass:/Game/BP_GhostEnemy.BP_GhostEnemy_C NativeClass:/Script/PacMan3D.GhostEnemy Name:BP_GhostEnemy_C_UAID_2CF05DDBDAF13E5E02_1517229671 Label:BP_GhostEnemy SpatiallyLoaded:1 Bounds:IsValid=true, Min=(X=550.000 Y=2420.000 Z=70.000), Max=(X=650.000 Y=2520.000 Z=266.745) RuntimeGrid:None EditorOnly:0 RuntimeOnly:0 HLODRelevant:0 ListedInSceneOutliner:1 IsMainWorldOnly:0
 |   |   |- Guid:1453D0EB4CF865708198EE96C08A3803 BaseClass: NativeClass:/Script/Engine.StaticMeshActor Name:StaticMeshActor_UAID_98EECBDFBE27865D02_1878695326 Label:Wall_400x421 SpatiallyLoaded:1 Bounds:IsValid=true, Min=(X=2470.000 Y=1460.000 Z=0.000), Max=(X=2490.000 Y=2300.000 Z=400.000) RuntimeGrid:None EditorOnly:0 RuntimeOnly:0 HLODRelevant:1 ListedInSceneOutliner:1 IsMainWorldOnly:0
 |   |   |- Guid:1AF9DF314ABACD58137451AD900AFD56 BaseClass: NativeClass:/Script/Engine.StaticMeshActor Name:StaticMeshActor_UAID_98EECBDFBE27845D02_1734213935 Label:Wall_400x400 SpatiallyLoaded:1 Bounds:IsValid=true, Min=(X=960.000 Y=80.000 Z=0.000), Max=(X=980.000 Y=680.000 Z=400.000) RuntimeGrid:None EditorOnly:0 RuntimeOnly:0 HLODRelevant:1 ListedInSceneOutliner:1 IsMainWorldOnly:0
 |   |   |- Guid:1E26EA8D459B130352CD058FC062E2A0 BaseClass: NativeClass:/Script/Engine.StaticMeshActor Name:StaticMeshActor_UAID_98EECBDFBE27855D02_1191092127 Label:Wall_400x409 SpatiallyLoaded:1 Bounds:IsValid=true, Min=(X=880.000 Y=1450.000 Z=0.000), Max=(X=1580.000 Y=1470.000 Z=400.000) RuntimeGrid:None EditorOnly:0 RuntimeOnly:0 HLODRelevant:1 ListedInSceneOutliner:1 IsMainWorldOnly:0
 |   |   |- Guid:22C4F1724348A3818BBA0A939CA01B63 BaseClass: NativeClass:/Script/Engine.WorldDataLayers Name:WorldDataLayers Label:WorldDataLayers-1 SpatiallyLoaded:0 Bounds:IsValid=true, Min=(X=0.000 Y=0.000 Z=0.000), Max=(X=0.000 Y=0.000 Z=0.000) RuntimeGrid:None EditorOnly:0 RuntimeOnly:0 HLODRelevant:0 ListedInSceneOutliner:1 IsMainWorldOnly:1
 |   |   |- Guid:266836F144FA2767EA2991A084FC7C51 BaseClass: NativeClass:/Script/Engine.StaticMeshActor Name:StaticMeshActor_8 Label:SM_Cube6 SpatiallyLoaded:1 Bounds:IsValid=true, Min=(X=2900.000 Y=100.000 Z=0.000), Max=(X=3000.000 Y=2700.000 Z=400.000) RuntimeGrid:None EditorOnly:0 RuntimeOnly:0 HLODRelevant:1 ListedInSceneOutliner:1 IsMainWorldOnly:0 FolderPath:Playground FolderGuid:CDC3EA2D424DF73175D386948543BF31
 |   |   |- Guid:26EED73448655BE80594DB93EA0FC61F BaseClass: NativeClass:/Script/Engine.TextRenderActor Name:TextRenderActor_UAID_98EECBDFBE27875D02_1158428508 Label:TextRenderActor SpatiallyLoaded:1 Bounds:IsValid=true, Min=(X=1628.000 Y=649.500 Z=160.000), Max=(X=1820.000 Y=649.500 Z=186.000) RuntimeGrid:None EditorOnly:0 RuntimeOnly:0 HLODRelevant:0 ListedInSceneOutliner:1 IsMainWorldOnly:0
 |   |   |- Guid:27241BB7466E3C758439AB852075C757 BaseClass: NativeClass:/Script/Engine.StaticMeshActor Name:StaticMeshActor_UAID_98EECBDFBE27845D02_1810644940 Label:Wall_400x404 SpatiallyLoaded:1 Bounds:IsValid=true, Min=(X=970.000 Y=1050.000 Z=0.000), Max=(X=1970.000 Y=1070.000 Z=400.000) RuntimeGrid:None EditorOnly:0 RuntimeOnly:0 HLODRelevant:1 ListedInSceneOutliner:1 IsMainWorldOnly:0
 |   |   |- Guid:2A7EF21D400A4EDCFBEF559DD0E90F7F BaseClass: NativeClass:/Script/Engine.StaticMeshActor Name:StaticMeshActor_UAID_98EECBDFBE27845D02_2113904949 Label:Wall_400x408 SpatiallyLoaded:1 Bounds:IsValid=true, Min=(X=2367.500 Y=510.000 Z=0.000), Max=(X=2392.500 Y=1460.000 Z=400.000) RuntimeGrid:None EditorOnly:0 RuntimeOnly:0 HLODRelevant:1 ListedInSceneOutliner:1 IsMainWorldOnly:0
 |   |   |- Guid:2B6E3D624C3963B647930297C9EB74C9 BaseClass:/Game/BP_SpikeTrap.BP_SpikeTrap_C NativeClass:/Script/PacMan3D.MovingSpikeTrap Name:BP_SpikeTrap_C_UAID_2CF05DDBDAF1875E02_1402928519 Label:BP_SpikeTrap SpatiallyLoaded:1 Bounds:IsValid=true, Min=(X=2649.656 Y=931.619 Z=61.665), Max=(X=2910.344 Y=1148.330 Z=278.446) RuntimeGrid:None EditorOnly:0 RuntimeOnly:0 HLODRelevant:0 ListedInSceneOutliner:1 IsMainWorldOnly:0
 |   |   |- Guid:2EAE9E944144EC278FFDF4A1C546FCD5 BaseClass: NativeClass:/Script/PacMan3D.Portal Name:Portal_UAID_CC96E53760348D5E02_1918983577 Label:Portal2 SpatiallyLoaded:1 Bounds:IsValid=true, Min=(X=101.493 Y=2443.343 Z=14.000), Max=(X=172.000 Y=2576.439 Z=164.698) RuntimeGrid:None EditorOnly:0 RuntimeOnly:0 HLODRelevant:0 ListedInSceneOutliner:1 IsMainWorldOnly:0
 |   |   |- Guid:344092E7470D31984EE0B5B39EEB361D BaseClass: NativeClass:/Script/Engine.StaticMeshActor Name:StaticMeshActor_UAID_98EECBDFBE27845D02_1873808943 Label:Wall_Door_400x403 SpatiallyLoaded:1 Bounds:IsValid=true, Min=(X=560.000 Y=390.000 Z=0.000), Max=(X=960.000 Y=410.000 Z=400.000) RuntimeGrid:None EditorOnly:0 RuntimeOnly:0 HLODRelevant:1 ListedInSceneOutliner:1 IsMainWorldOnly:0
 |   |   |- Guid:378AF2F04A36C037DD231AAC6EC67867 BaseClass: NativeClass:/Script/Engine.StaticMeshActor Name:StaticMeshActor_UAID_98EECBDFBE27865D02_1774786322 Label:Wall_Door_400x412 SpatiallyLoaded:1 Bounds:IsValid=true, Min=(X=2060.000 Y=1850.000 Z=0.000), Max=(X=2080.000 Y=2250.000 Z=400.000) RuntimeGrid:None EditorOnly:0 RuntimeOnly:0 HLODRelevant:1 ListedInSceneOutliner:1 IsMainWorldOnly:0
 |   |   |- Guid:3CEBF8184F7E0589EC3F1189DC62D56D BaseClass: NativeClass:/Script/Engine.StaticMeshActor Name:StaticMeshActor_UAID_98EECBDFBE27865D02_1702555320 Label:Wall_400x418 SpatiallyLoaded:1 Bounds:IsValid=true, Min=(X=1980.000 Y=1450.000 Z=0.000), Max=(X=2380.000 Y=1470.000 Z=400.000) RuntimeGrid:None EditorOnly:0 RuntimeOnly:0 HLODRelevant:1 ListedInSceneOutliner:1 IsMainWorldOnly:0
 |   |   |- Guid:43D7D87A48AE681C480A2380BEECB0EF BaseClass: NativeClass:/Script/Engine.StaticMeshActor Name:StaticMeshActor_UAID_98EECBDFBE27845D02_1995424946 Label:Wall_Door_400x404 SpatiallyLoaded:1 Bounds:IsValid=true, Min=(X=560.000 Y=1050.000 Z=0.000), Max=(X=960.000 Y=1070.000 Z=400.000) RuntimeGrid:None EditorOnly:0 RuntimeOnly:0 HLODRelevant:1 ListedInSceneOutliner:1 IsMainWorldOnly:0
 |   |   |- Guid:44F4D2EF48FF5CF1C88FFB94BC06275E BaseClass: NativeClass:/Script/Engine.StaticMeshActor Name:StaticMeshActor_UAID_98EECBDFBE27845D02_2003309947 Label:Wall_400x407 SpatiallyLoaded:1 Bounds:IsValid=true, Min=(X=470.000 Y=1050.000 Z=0.000), Max=(X=570.000 Y=1070.000 Z=400.000) RuntimeGrid:None EditorOnly:0 RuntimeOnly:0 HLODRelevant:1 ListedInSceneOutliner:1 IsMainWorldOnly:0
 |   |   |- Guid:45750EE24C596C76394EB6B4CC10FE3E BaseClass:/Game/BP_CollectibleCherry.BP_CollectibleCherry_C NativeClass:/Script/PacMan3D.CollectibleCherry Name:BP_CollectibleCherry_C_UAID_2CF05DDBDAF1385E02_1514126616 Label:BP_CollectibleCherry SpatiallyLoaded:1 Bounds:IsValid=true, Min=(X=1039.886 Y=797.562 Z=-10.000), Max=(X=1224.183 Y=929.078 Z=212.193) RuntimeGrid:None EditorOnly:0 RuntimeOnly:0 HLODRelevant:0 ListedInSceneOutliner:1 IsMainWorldOnly:0
 |   |   |- Guid:52E74DF94E9EECAF9464C1BCB5227CCC BaseClass: NativeClass:/Script/Engine.StaticMeshActor Name:StaticMeshActor_3 Label:SM_Cube3 SpatiallyLoaded:1 Bounds:IsValid=true, Min=(X=0.000 Y=2610.000 Z=0.000), Max=(X=3000.000 Y=2710.000 Z=400.000) RuntimeGrid:None EditorOnly:0 RuntimeOnly:0 HLODRelevant:1 ListedInSceneOutliner:1 IsMainWorldOnly:0 FolderPath:Playground FolderGuid:CDC3EA2D424DF73175D386948543BF31
 |   |   |- Guid:57F9B6724AAE188D371B05874ABBF27A BaseClass: NativeClass:/Script/Engine.StaticMeshActor Name:StaticMeshActor_UAID_98EECBDFBE27845D02_1760924936 Label:Wall_400x401 SpatiallyLoaded:1 Bounds:IsValid=true, Min=(X=1970.000 Y=80.000 Z=0.000), Max=(X=1990.000 Y=680.000 Z=400.000) RuntimeGrid:None EditorOnly:0 RuntimeOnly:0 HLODRelevant:1 ListedInSceneOutliner:1 IsMainWorldOnly:0
 |   |   |- Guid:5B6A748B4DA385C80DCEE994D7F67157 BaseClass: NativeClass:/Script/Engine.StaticMeshActor Name:StaticMeshActor_UAID_98EECBDFBE27855D02_1594236134 Label:Wall_Door_400x407 SpatiallyLoaded:1 Bounds:IsValid=true, Min=(X=2380.000 Y=1450.000 Z=0.000), Max=(X=2780.000 Y=1470.000 Z=400.000) RuntimeGrid:None EditorOnly:0 RuntimeOnly:0 HLODRelevant:1 ListedInSceneOutliner:1 IsMainWorldOnly:0
 |   |   |- Guid:5ECF94B4401A42819D47CFA796F8F799 BaseClass: NativeClass:/Script/Engine.StaticMeshActor Name:StaticMeshActor_UAID_98EECBDFBE27855D02_1425366133 Label:Wall_400x412 SpatiallyLoaded:1 Bounds:IsValid=true, Min=(X=2775.000 Y=510.000 Z=0.000), Max=(X=2975.000 Y=530.000 Z=400.000) RuntimeGrid:None EditorOnly:0 RuntimeOnly:0 HLODRelevant:1 ListedInSceneOutliner:1 IsMainWorldOnly:0
 |   |   |- Guid:616554B84D9AF28DF69ABD8837FD26D7 BaseClass: NativeClass:/Script/Engine.ExponentialHeightFog Name:ExponentialHeightFog_0 Label:ExponentialHeightFog SpatiallyLoaded:0 Bounds:IsValid=true, Min=(X=-5600.000 Y=-50.000 Z=-6850.000), Max=(X=-5600.000 Y=-50.000 Z=-6850.000) RuntimeGrid:None EditorOnly:0 RuntimeOnly:0 HLODRelevant:0 ListedInSceneOutliner:1 IsMainWorldOnly:0 FolderPath:Lighting FolderGuid:D9E1224C415FCB205E4105B3245ADAAB
 |   |   |- Guid:62B5933E44AFFE637712AA8AACB44A8C BaseClass: NativeClass:/Script/NavigationSystem.NavMeshBoundsVolume Name:NavMeshBoundsVolume_UAID_2CF05DDBDAF13F5E02_1755452848 Label:NavMeshBoundsVolume SpatiallyLoaded:0 Bounds:IsValid=true, Min=(X=-520.000 Y=2270.000 Z=-100.000), Max=(X=3480.000 Y=2570.000 Z=100.000) RuntimeGrid:None EditorOnly:0 RuntimeOnly:0 HLODRelevant:0 ListedInSceneOutliner:1 IsMainWorldOnly:0
 |   |   |- Guid:75854521468783C291995A8EFCB63F1B BaseClass: NativeClass:/Script/Engine.StaticMeshActor Name:StaticMeshActor_7 Label:SM_Cube5 SpatiallyLoaded:1 Bounds:IsValid=true, Min=(X=-0.000 Y=100.000 Z=0.000), Max=(X=100.000 Y=2675.000 Z=400.000) RuntimeGrid:None EditorOnly:0 RuntimeOnly:0 HLODRelevant:1 ListedInSceneOutliner:1 IsMainWorldOnly:0 FolderPath:Playground FolderGuid:CDC3EA2D424DF73175D386948543BF31
 |   |   |- Guid:7643FBEC4B2B4A18A8D40999A9C99968 BaseClass: NativeClass:/Script/Engine.StaticMeshActor Name:StaticMeshActor_UAID_98EECBDFBE27845D02_1904280945 Label:Wall_400x406 SpatiallyLoaded:1 Bounds:IsValid=true, Min=(X=460.000 Y=360.000 Z=0.000), Max=(X=480.000 Y=1460.000 Z=400.000) RuntimeGrid:None EditorOnly:0 RuntimeOnly:0 HLODRelevant:1 ListedInSceneOutliner:1 IsMainWorldOnly:0
 |   |   |- Guid:7A699BF944F9DAC273FB4FAD2236D7F8 BaseClass: NativeClass:/Script/Engine.SkyLight Name:SkyLight_0 Label:SkyLight SpatiallyLoaded:0 Bounds:IsValid=true, Min=(X=0.000 Y=0.000 Z=690.000), Max=(X=0.000 Y=0.000 Z=690.000) RuntimeGrid:None EditorOnly:0 RuntimeOnly:0 HLODRelevant:0 ListedInSceneOutliner:1 IsMainWorldOnly:0 FolderPath:Lighting FolderGuid:D9E1224C415FCB205E4105B3245ADAAB
 |   |   |- Guid:7BFE92D446D1F74F49D968840376D30B BaseClass: NativeClass:/Script/Engine.StaticMeshActor Name:StaticMeshActor_UAID_98EECBDFBE27855D02_1626450136 Label:Wall_400x413 SpatiallyLoaded:1 Bounds:IsValid=true, Min=(X=70.000 Y=1230.000 Z=0.000), Max=(X=470.000 Y=1250.000 Z=400.000) RuntimeGrid:None EditorOnly:0 RuntimeOnly:0 HLODRelevant:1 ListedInSceneOutliner:1 IsMainWorldOnly:0
 |   |   |- Guid:7C493C5A4990850CA6785781C67AF97B BaseClass: NativeClass:/Script/Engine.StaticMeshActor Name:StaticMeshActor_UAID_98EECBDFBE27865D02_1689777319 Label:Wall_Door_400x411 SpatiallyLoaded:1 Bounds:IsValid=true, Min=(X=1580.000 Y=1450.000 Z=0.000), Max=(X=1980.000 Y=1470.000 Z=400.000) RuntimeGrid:None EditorOnly:0 RuntimeOnly:0 HLODRelevant:1 ListedInSceneOutliner:1 IsMainWorldOnly:0
 |   |   |- Guid:9025E0A541F3351584B5CABA1F076EC7 BaseClass: NativeClass:/Script/Engine.StaticMeshActor Name:StaticMeshActor_UAID_98EECBDFBE27845D02_1768997937 Label:Wall_Door_400x400 SpatiallyLoaded:1 Bounds:IsValid=true, Min=(X=1300.000 Y=660.000 Z=0.000), Max=(X=1700.000 Y=680.000 Z=400.000) RuntimeGrid:None EditorOnly:0 RuntimeOnly:0 HLODRelevant:1 ListedInSceneOutliner:1 IsMainWorldOnly:0
 |   |   |- Guid:93C31E8A440127967263BDBF9AF16EC6 BaseClass: NativeClass:/Script/Engine.StaticMeshActor Name:StaticMeshActor_UAID_98EECBDFBE27865D02_1667764318 Label:Wall_400x417 SpatiallyLoaded:1 Bounds:IsValid=true, Min=(X=460.000 Y=2280.000 Z=0.000), Max=(X=2260.000 Y=2300.000 Z=400.000) RuntimeGrid:None EditorOnly:0 RuntimeOnly:0 HLODRelevant:1 ListedInSceneOutliner:1 IsMainWorldOnly:0
 |   |   |- Guid:97FF78FB4EC8F13EF6751DB180B1CE46 BaseClass: NativeClass:/Script/Engine.DirectionalLight Name:DirectionalLight_0 Label:DirectionalLight SpatiallyLoaded:0 Bounds:IsValid=true, Min=(X=-1048576.000 Y=-1048576.000 Z=-1048576.000), Max=(X=1048576.000 Y=1048576.000 Z=1048576.000) RuntimeGrid:None EditorOnly:0 RuntimeOnly:0 HLODRelevant:0 ListedInSceneOutliner:1 IsMainWorldOnly:0 FolderPath:Lighting FolderGuid:D9E1224C415FCB205E4105B3245ADAAB
 |   |   |- Guid:9831643B4873388B06184F8F03EC84F7 BaseClass: NativeClass:/Script/Engine.StaticMeshActor Name:StaticMeshActor_UAID_98EECBDFBE27845D02_1834113942 Label:Wall_Door_400x402 SpatiallyLoaded:1 Bounds:IsValid=true, Min=(X=1970.000 Y=670.000 Z=0.000), Max=(X=1990.000 Y=1070.000 Z=400.000) RuntimeGrid:None EditorOnly:0 RuntimeOnly:0 HLODRelevant:1 ListedInSceneOutliner:1 IsMainWorldOnly:0
 |   |   |- Guid:9F0A9D7E4C387959A5292BA2E62AF379 BaseClass: NativeClass:/Script/Engine.StaticMeshActor Name:StaticMeshActor_UAID_98EECBDFBE27845D02_1799417939 Label:Wall_400x403 SpatiallyLoaded:1 Bounds:IsValid=true, Min=(X=960.000 Y=660.000 Z=0.000), Max=(X=1360.000 Y=680.000 Z=400.000) RuntimeGrid:None EditorOnly:0 RuntimeOnly:0 HLODRelevant:1 ListedInSceneOutliner:1 IsMainWorldOnly:0
 |   |   |- Guid:9FC0E5A04B5C426BD8398396952183D3 BaseClass: NativeClass:/Script/Engine.StaticMeshActor Name:StaticMeshActor_0 Label:SM_Cube SpatiallyLoaded:1 Bounds:IsValid=true, Min=(X=0.000 Y=0.000 Z=-50.000), Max=(X=3000.000 Y=2700.000 Z=0.000) RuntimeGrid:None EditorOnly:0 RuntimeOnly:0 HLODRelevant:1 ListedInSceneOutliner:1 IsMainWorldOnly:0 FolderPath:Playground FolderGuid:CDC3EA2D424DF73175D386948543BF31
 |   |   |- Guid:A193674B480A39A47551D39FB4DFCD99 BaseClass: NativeClass:/Script/Engine.StaticMeshActor Name:StaticMeshActor_UAID_A4AE111137DC5FFB00_1159438599 Label:SM_SkySphere SpatiallyLoaded:0 Bounds:IsValid=true, Min=(X=-1638400.000 Y=-1638400.000 Z=-1638400.000), Max=(X=1638400.000 Y=1638400.000 Z=1638400.000) RuntimeGrid:None EditorOnly:0 RuntimeOnly:0 HLODRelevant:1 ListedInSceneOutliner:1 IsMainWorldOnly:0 FolderPath:Lighting FolderGuid:D9E1224C415FCB205E4105B3245ADAAB
 |   |   |- Guid:A4A91F784939C1CEE22978BDE9E338F8 BaseClass: NativeClass:/Script/Engine.StaticMeshActor Name:StaticMeshActor_UAID_98EECBDFBE27865D02_1443879315 Label:Wall_Door_400x410 SpatiallyLoaded:1 Bounds:IsValid=true, Min=(X=730.000 Y=1900.000 Z=0.000), Max=(X=750.000 Y=2300.000 Z=400.000) RuntimeGrid:None EditorOnly:0 RuntimeOnly:0 HLODRelevant:1 ListedInSceneOutliner:1 IsMainWorldOnly:0
 |   |   |- Guid:A5847C7745D0B5FBA3FC90A78F220FA3 BaseClass: NativeClass:/Script/Engine.StaticMeshActor Name:StaticMeshActor_UAID_98EECBDFBE27855D02_1419193132 Label:Wall_Door_400x408 SpatiallyLoaded:1 Bounds:IsValid=true, Min=(X=2390.000 Y=510.000 Z=0.000), Max=(X=2790.000 Y=530.000 Z=400.000) RuntimeGrid:None EditorOnly:0 RuntimeOnly:0 HLODRelevant:1 ListedInSceneOutliner:1 IsMainWorldOnly:0
 |   |   |- Guid:AA931BDF4E1B5D2B0C4B5D9E9155AAE3 BaseClass: NativeClass:/Script/Engine.StaticMeshActor Name:StaticMeshActor_UAID_98EECBDFBE27855D02_1721913137 Label:Wall_Door_400x409 SpatiallyLoaded:1 Bounds:IsValid=true, Min=(X=480.000 Y=1450.000 Z=0.000), Max=(X=880.000 Y=1470.000 Z=400.000) RuntimeGrid:None EditorOnly:0 RuntimeOnly:0 HLODRelevant:1 ListedInSceneOutliner:1 IsMainWorldOnly:0
 |   |   |- Guid:AFA870F0427F97723931578C54855821 BaseClass: NativeClass:/Script/Engine.StaticMeshActor Name:StaticMeshActor_UAID_98EECBDFBE27845D02_1813999941 Label:Wall_Door_400x401 SpatiallyLoaded:1 Bounds:IsValid=true, Min=(X=960.000 Y=670.000 Z=0.000), Max=(X=980.000 Y=1070.000 Z=400.000) RuntimeGrid:None EditorOnly:0 RuntimeOnly:0 HLODRelevant:1 ListedInSceneOutliner:1 IsMainWorldOnly:0
 |   |   |- Guid:B2F723D547560BE2F734299868329B09 BaseClass: NativeClass:/Script/Engine.StaticMeshActor Name:StaticMeshActor_UAID_98EECBDFBE27865D02_1725815321 Label:Wall_400x419 SpatiallyLoaded:1 Bounds:IsValid=true, Min=(X=2060.000 Y=1450.000 Z=0.000), Max=(X=2080.000 Y=1850.000 Z=400.000) RuntimeGrid:None EditorOnly:0 RuntimeOnly:0 HLODRelevant:1 ListedInSceneOutliner:1 IsMainWorldOnly:0
 |   |   |- Guid:B326783D46A6A43F55CCC9AB2A4C1863 BaseClass: NativeClass:/Script/Engine.VolumetricCloud Name:VolumetricCloud_0 Label:VolumetricCloud SpatiallyLoaded:0 Bounds:IsValid=true, Min=(X=0.000 Y=0.000 Z=820.000), Max=(X=0.000 Y=0.000 Z=820.000) RuntimeGrid:None EditorOnly:0 RuntimeOnly:0 HLODRelevant:0 ListedInSceneOutliner:1 IsMainWorldOnly:0 FolderPath:Lighting FolderGuid:D9E1224C415FCB205E4105B3245ADAAB
 |   |   |- Guid:B66DB3A648E9E9538B83459789EBAFE8 BaseClass: NativeClass:/Script/NavigationSystem.RecastNavMesh Name:RecastNavMesh_UAID_2CF05DDBDAF13F5E02-Default Label:RecastNavMesh-Default SpatiallyLoaded:0 Bounds:IsValid=true, Min=(X=0.000 Y=0.000 Z=0.000), Max=(X=0.000 Y=0.000 Z=0.000) RuntimeGrid:None EditorOnly:0 RuntimeOnly:0 HLODRelevant:0 ListedInSceneOutliner:1 IsMainWorldOnly:0
 |   |   |- Guid:C4FCB59F48C5B161F0BFF7A180CFDE06 BaseClass: NativeClass:/Script/Engine.StaticMeshActor Name:StaticMeshActor_UAID_98EECBDFBE27865D02_2106842331 Label:Wall_Door_400x414 SpatiallyLoaded:1 Bounds:IsValid=true, Min=(X=460.000 Y=1460.000 Z=0.000), Max=(X=480.000 Y=1860.000 Z=400.000) RuntimeGrid:None EditorOnly:0 RuntimeOnly:0 HLODRelevant:1 ListedInSceneOutliner:1 IsMainWorldOnly:0
 |   |   |- Guid:C5412DB94EE2B5E630BBB68CD23D43AA BaseClass: NativeClass:/Script/PacMan3D.Portal Name:Portal_UAID_CC96E53760348D5E02_1939650579 Label:Portal4 SpatiallyLoaded:1 Bounds:IsValid=true, Min=(X=2663.561 Y=101.120 Z=-16.000), Max=(X=2796.657 Y=154.000 Z=134.698) RuntimeGrid:None EditorOnly:0 RuntimeOnly:0 HLODRelevant:0 ListedInSceneOutliner:1 IsMainWorldOnly:0
 |   |   |- Guid:C5C6256B4ECD8AE69BE9AC97B1958F98 BaseClass: NativeClass:/Script/Engine.StaticMeshActor Name:StaticMeshActor_UAID_98EECBDFBE27845D02_1783195938 Label:Wall_400x402 SpatiallyLoaded:1 Bounds:IsValid=true, Min=(X=1690.000 Y=660.000 Z=0.000), Max=(X=1990.000 Y=680.000 Z=400.000) RuntimeGrid:None EditorOnly:0 RuntimeOnly:0 HLODRelevant:1 ListedInSceneOutliner:1 IsMainWorldOnly:0
 |   |   |- Guid:C5F3EEF243E9D74AB0D759ACA2449326 BaseClass: NativeClass:/Script/Engine.StaticMeshActor Name:StaticMeshActor_UAID_98EECBDFBE27875D02_1234316509 Label:Wall_400x200 SpatiallyLoaded:1 Bounds:IsValid=true, Min=(X=1622.000 Y=650.000 Z=120.000), Max=(X=1822.000 Y=670.000 Z=220.000) RuntimeGrid:None EditorOnly:0 RuntimeOnly:0 HLODRelevant:1 ListedInSceneOutliner:1 IsMainWorldOnly:0
 |   |   |- Guid:C63888D34B22204C9442E2B2AF2634C6 BaseClass:/Game/BP_CollectiblePellet.BP_CollectiblePellet_C NativeClass:/Script/PacMan3D.CollectiblePellet Name:BP_CollectiblePellet_C_UAID_2CF05DDBDAF1EC5D02_2084254239 Label:BP_CollectiblePellet SpatiallyLoaded:1 Bounds:IsValid=true, Min=(X=1610.000 Y=810.000 Z=90.000), Max=(X=1710.000 Y=910.000 Z=190.000) RuntimeGrid:None EditorOnly:0 RuntimeOnly:0 HLODRelevant:0 ListedInSceneOutliner:1 IsMainWorldOnly:0
 |   |   |- Guid:CC7E607B4BFCACB6D86BF0AE5C9E4091 BaseClass: NativeClass:/Script/PacMan3D.Portal Name:Portal_UAID_CC96E53760348D5E02_1927519578 Label:Portal3 SpatiallyLoaded:1 Bounds:IsValid=true, Min=(X=193.561 Y=101.493 Z=4.000), Max=(X=326.657 Y=172.000 Z=154.698) RuntimeGrid:None EditorOnly:0 RuntimeOnly:0 HLODRelevant:0 ListedInSceneOutliner:1 IsMainWorldOnly:0
 |   |   |- Guid:CCB8CB15446A8FBE724074822599CA28 BaseClass: NativeClass:/Script/Engine.StaticMeshActor Name:StaticMeshActor_UAID_98EECBDFBE27855D02_1295077129 Label:Wall_Door_400x406 SpatiallyLoaded:1 Bounds:IsValid=true, Min=(X=460.000 Y=30.000 Z=0.000), Max=(X=480.000 Y=430.000 Z=400.000) RuntimeGrid:None EditorOnly:0 RuntimeOnly:0 HLODRelevant:1 ListedInSceneOutliner:1 IsMainWorldOnly:0
 |   |   |- Guid:CDC290334FAA2557343A1181CA8C7F4B BaseClass: NativeClass:/Script/Engine.StaticMeshActor Name:StaticMeshActor_2 Label:SM_Cube2 SpatiallyLoaded:1 Bounds:IsValid=true, Min=(X=0.000 Y=0.000 Z=0.000), Max=(X=3000.000 Y=100.000 Z=400.000) RuntimeGrid:None EditorOnly:0 RuntimeOnly:0 HLODRelevant:1 ListedInSceneOutliner:1 IsMainWorldOnly:0 FolderPath:Playground FolderGuid:CDC3EA2D424DF73175D386948543BF31
 |   |   |- Guid:D4A656E94E11A127691948BFE5F48B0B BaseClass: NativeClass:/Script/Engine.StaticMeshActor Name:StaticMeshActor_UAID_98EECBDFBE27865D02_1655814317 Label:Wall_400x416 SpatiallyLoaded:1 Bounds:IsValid=true, Min=(X=480.000 Y=1840.000 Z=0.000), Max=(X=2080.000 Y=1860.000 Z=400.000) RuntimeGrid:None EditorOnly:0 RuntimeOnly:0 HLODRelevant:1 ListedInSceneOutliner:1 IsMainWorldOnly:0
 |   |   |- Guid:D8FBB97D4E73F3B6C848C8B34E4966CE BaseClass: NativeClass:/Script/Engine.StaticMeshActor Name:StaticMeshActor_UAID_98EECBDFBE27865D02_1965726327 Label:Wall_400x422 SpatiallyLoaded:1 Bounds:IsValid=true, Min=(X=730.000 Y=1860.000 Z=0.000), Max=(X=750.000 Y=1960.000 Z=400.000) RuntimeGrid:None EditorOnly:0 RuntimeOnly:0 HLODRelevant:1 ListedInSceneOutliner:1 IsMainWorldOnly:0
 |   |   |- Guid:DFC655AB42DC39EA0B0DB8BDD326CEC2 BaseClass: NativeClass:/Script/Engine.StaticMeshActor Name:StaticMeshActor_UAID_98EECBDFBE27865D02_1986417328 Label:Wall_400x423 SpatiallyLoaded:1 Bounds:IsValid=true, Min=(X=460.000 Y=1800.000 Z=0.000), Max=(X=480.000 Y=2300.000 Z=400.000) RuntimeGrid:None EditorOnly:0 RuntimeOnly:0 HLODRelevant:1 ListedInSceneOutliner:1 IsMainWorldOnly:0
 |   |   |- Guid:E0FC1A414CE846166D7063BA6AA7A337 BaseClass: NativeClass:/Script/Engine.StaticMeshActor Name:StaticMeshActor_UAID_98EECBDFBE27855D02_1092864126 Label:Wall_Door_400x405 SpatiallyLoaded:1 Bounds:IsValid=true, Min=(X=1980.000 Y=510.000 Z=0.000), Max=(X=2380.000 Y=530.000 Z=400.000) RuntimeGrid:None EditorOnly:0 RuntimeOnly:0 HLODRelevant:1 ListedInSceneOutliner:1 IsMainWorldOnly:0
 |   |   |- Guid:E5D2E15542B8BB5E520316852E25163B BaseClass: NativeClass:/Script/Engine.StaticMeshActor Name:StaticMeshActor_UAID_98EECBDFBE27855D02_1604027135 Label:Wall_400x411 SpatiallyLoaded:1 Bounds:IsValid=true, Min=(X=2740.000 Y=1450.000 Z=0.000), Max=(X=2940.000 Y=1470.000 Z=400.000) RuntimeGrid:None EditorOnly:0 RuntimeOnly:0 HLODRelevant:1 ListedInSceneOutliner:1 IsMainWorldOnly:0
 |   |   |- Guid:ED6FA18F41848BFAA16EBCB71237E4B0 BaseClass: NativeClass:/Script/Engine.StaticMeshActor Name:StaticMeshActor_UAID_98EECBDFBE27865D02_1808462323 Label:Wall_400x415 SpatiallyLoaded:1 Bounds:IsValid=true, Min=(X=2060.000 Y=2200.000 Z=0.000), Max=(X=2080.000 Y=2300.000 Z=400.000) RuntimeGrid:None EditorOnly:0 RuntimeOnly:0 HLODRelevant:1 ListedInSceneOutliner:1 IsMainWorldOnly:0
 |   |   |- Guid:EEAF3C034D433E2AEC62D4B1FA86E3B1 BaseClass: NativeClass:/Script/PacMan3D.Portal Name:Portal_UAID_CC96E53760348D5E02_1903697576 Label:Portal SpatiallyLoaded:1 Bounds:IsValid=true, Min=(X=2828.000 Y=2423.561 Z=-6.000), Max=(X=2898.507 Y=2556.657 Z=144.698) RuntimeGrid:None EditorOnly:0 RuntimeOnly:0 HLODRelevant:0 ListedInSceneOutliner:1 IsMainWorldOnly:0
 |   |   |- Guid:F0807E8E4D34612AB1A58DB6AB37AF66 BaseClass: NativeClass:/Script/Engine.StaticMeshActor Name:StaticMeshActor_UAID_98EECBDFBE27855D02_1209658128 Label:Wall_400x410 SpatiallyLoaded:1 Bounds:IsValid=true, Min=(X=1320.000 Y=1050.000 Z=0.000), Max=(X=1340.000 Y=1450.000 Z=400.000) RuntimeGrid:None EditorOnly:0 RuntimeOnly:0 HLODRelevant:1 ListedInSceneOutliner:1 IsMainWorldOnly:0
 |   |   |- Guid:FEA7D14C41FC8E24FA3F57836FCB63A9 BaseClass: NativeClass:/Script/Engine.StaticMeshActor Name:StaticMeshActor_UAID_98EECBDFBE27865D02_2085421330 Label:Wall_Door_400x413 SpatiallyLoaded:1 Bounds:IsValid=true, Min=(X=2090.000 Y=2280.000 Z=0.000), Max=(X=2490.000 Y=2300.000 Z=400.000) RuntimeGrid:None EditorOnly:0 RuntimeOnly:0 HLODRelevant:1 ListedInSceneOutliner:1 IsMainWorldOnly:0
 |   |   |- Guid:FEA8E4EC42765A3AEB476FB653C3015F BaseClass: NativeClass:/Script/Engine.StaticMeshActor Name:StaticMeshActor_UAID_98EECBDFBE27845D02_1887744944 Label:Wall_400x405 SpatiallyLoaded:1 Bounds:IsValid=true, Min=(X=460.000 Y=390.000 Z=0.000), Max=(X=560.000 Y=410.000 Z=400.000) RuntimeGrid:None EditorOnly:0 RuntimeOnly:0 HLODRelevant:1 ListedInSceneOutliner:1 IsMainWorldOnly:0
 |   |- [+] Clusters:
 |   |   |- [+] [  0]
 |   |   |   |- Guid:13F40C7241F9A80D3E971DBC21FCAFB0 BaseClass: NativeClass:/Script/Engine.SkyAtmosphere Name:SkyAtmosphere_0 Label:SkyAtmosphere SpatiallyLoaded:0 Bounds:IsValid=true, Min=(X=0.000 Y=0.000 Z=1020.000), Max=(X=0.000 Y=0.000 Z=1020.000) RuntimeGrid:None EditorOnly:0 RuntimeOnly:0 HLODRelevant:0 ListedInSceneOutliner:1 IsMainWorldOnly:0 FolderPath:Lighting FolderGuid:D9E1224C415FCB205E4105B3245ADAAB
 |   |   |- [+] [  1]
 |   |   |   |- Guid:141621554D48EF0D982694914A09EDEC BaseClass:/Game/BP_GhostEnemy.BP_GhostEnemy_C NativeClass:/Script/PacMan3D.GhostEnemy Name:BP_GhostEnemy_C_UAID_2CF05DDBDAF13E5E02_1517229671 Label:BP_GhostEnemy SpatiallyLoaded:1 Bounds:IsValid=true, Min=(X=550.000 Y=2420.000 Z=70.000), Max=(X=650.000 Y=2520.000 Z=266.745) RuntimeGrid:None EditorOnly:0 RuntimeOnly:0 HLODRelevant:0 ListedInSceneOutliner:1 IsMainWorldOnly:0
 |   |   |- [+] [  2]
 |   |   |   |- Guid:1453D0EB4CF865708198EE96C08A3803 BaseClass: NativeClass:/Script/Engine.StaticMeshActor Name:StaticMeshActor_UAID_98EECBDFBE27865D02_1878695326 Label:Wall_400x421 SpatiallyLoaded:1 Bounds:IsValid=true, Min=(X=2470.000 Y=1460.000 Z=0.000), Max=(X=2490.000 Y=2300.000 Z=400.000) RuntimeGrid:None EditorOnly:0 RuntimeOnly:0 HLODRelevant:1 ListedInSceneOutliner:1 IsMainWorldOnly:0
 |   |   |- [+] [  3]
 |   |   |   |- Guid:1AF9DF314ABACD58137451AD900AFD56 BaseClass: NativeClass:/Script/Engine.StaticMeshActor Name:StaticMeshActor_UAID_98EECBDFBE27845D02_1734213935 Label:Wall_400x400 SpatiallyLoaded:1 Bounds:IsValid=true, Min=(X=960.000 Y=80.000 Z=0.000), Max=(X=980.000 Y=680.000 Z=400.000) RuntimeGrid:None EditorOnly:0 RuntimeOnly:0 HLODRelevant:1 ListedInSceneOutliner:1 IsMainWorldOnly:0
 |   |   |- [+] [  4]
 |   |   |   |- Guid:1E26EA8D459B130352CD058FC062E2A0 BaseClass: NativeClass:/Script/Engine.StaticMeshActor Name:StaticMeshActor_UAID_98EECBDFBE27855D02_1191092127 Label:Wall_400x409 SpatiallyLoaded:1 Bounds:IsValid=true, Min=(X=880.000 Y=1450.000 Z=0.000), Max=(X=1580.000 Y=1470.000 Z=400.000) RuntimeGrid:None EditorOnly:0 RuntimeOnly:0 HLODRelevant:1 ListedInSceneOutliner:1 IsMainWorldOnly:0
 |   |   |- [+] [  5]
 |   |   |   |- Guid:22C4F1724348A3818BBA0A939CA01B63 BaseClass: NativeClass:/Script/Engine.WorldDataLayers Name:WorldDataLayers Label:WorldDataLayers-1 SpatiallyLoaded:0 Bounds:IsValid=true, Min=(X=0.000 Y=0.000 Z=0.000), Max=(X=0.000 Y=0.000 Z=0.000) RuntimeGrid:None EditorOnly:0 RuntimeOnly:0 HLODRelevant:0 ListedInSceneOutliner:1 IsMainWorldOnly:1
 |   |   |- [+] [  6]
 |   |   |   |- Guid:266836F144FA2767EA2991A084FC7C51 BaseClass: NativeClass:/Script/Engine.StaticMeshActor Name:StaticMeshActor_8 Label:SM_Cube6 SpatiallyLoaded:1 Bounds:IsValid=true, Min=(X=2900.000 Y=100.000 Z=0.000), Max=(X=3000.000 Y=2700.000 Z=400.000) RuntimeGrid:None EditorOnly:0 RuntimeOnly:0 HLODRelevant:1 ListedInSceneOutliner:1 IsMainWorldOnly:0 FolderPath:Playground FolderGuid:CDC3EA2D424DF73175D386948543BF31
 |   |   |- [+] [  7]
 |   |   |   |- Guid:26EED73448655BE80594DB93EA0FC61F BaseClass: NativeClass:/Script/Engine.TextRenderActor Name:TextRenderActor_UAID_98EECBDFBE27875D02_1158428508 Label:TextRenderActor SpatiallyLoaded:1 Bounds:IsValid=true, Min=(X=1628.000 Y=649.500 Z=160.000), Max=(X=1820.000 Y=649.500 Z=186.000) RuntimeGrid:None EditorOnly:0 RuntimeOnly:0 HLODRelevant:0 ListedInSceneOutliner:1 IsMainWorldOnly:0
 |   |   |- [+] [  8]
 |   |   |   |- Guid:27241BB7466E3C758439AB852075C757 BaseClass: NativeClass:/Script/Engine.StaticMeshActor Name:StaticMeshActor_UAID_98EECBDFBE27845D02_1810644940 Label:Wall_400x404 SpatiallyLoaded:1 Bounds:IsValid=true, Min=(X=970.000 Y=1050.000 Z=0.000), Max=(X=1970.000 Y=1070.000 Z=400.000) RuntimeGrid:None EditorOnly:0 RuntimeOnly:0 HLODRelevant:1 ListedInSceneOutliner:1 IsMainWorldOnly:0
 |   |   |- [+] [  9]
 |   |   |   |- Guid:2A7EF21D400A4EDCFBEF559DD0E90F7F BaseClass: NativeClass:/Script/Engine.StaticMeshActor Name:StaticMeshActor_UAID_98EECBDFBE27845D02_2113904949 Label:Wall_400x408 SpatiallyLoaded:1 Bounds:IsValid=true, Min=(X=2367.500 Y=510.000 Z=0.000), Max=(X=2392.500 Y=1460.000 Z=400.000) RuntimeGrid:None EditorOnly:0 RuntimeOnly:0 HLODRelevant:1 ListedInSceneOutliner:1 IsMainWorldOnly:0
 |   |   |- [+] [ 10]
 |   |   |   |- Guid:2B6E3D624C3963B647930297C9EB74C9 BaseClass:/Game/BP_SpikeTrap.BP_SpikeTrap_C NativeClass:/Script/PacMan3D.MovingSpikeTrap Name:BP_SpikeTrap_C_UAID_2CF05DDBDAF1875E02_1402928519 Label:BP_SpikeTrap SpatiallyLoaded:1 Bounds:IsValid=true, Min=(X=2649.656 Y=931.619 Z=61.665), Max=(X=2910.344 Y=1148.330 Z=278.446) RuntimeGrid:None EditorOnly:0 RuntimeOnly:0 HLODRelevant:0 ListedInSceneOutliner:1 IsMainWorldOnly:0
 |   |   |- [+] [ 11]
 |   |   |   |- Guid:2EAE9E944144EC278FFDF4A1C546FCD5 BaseClass: NativeClass:/Script/PacMan3D.Portal Name:Portal_UAID_CC96E53760348D5E02_1918983577 Label:Portal2 SpatiallyLoaded:1 Bounds:IsValid=true, Min=(X=101.493 Y=2443.343 Z=14.000), Max=(X=172.000 Y=2576.439 Z=164.698) RuntimeGrid:None EditorOnly:0 RuntimeOnly:0 HLODRelevant:0 ListedInSceneOutliner:1 IsMainWorldOnly:0
 |   |   |   |- Guid:EEAF3C034D433E2AEC62D4B1FA86E3B1 BaseClass: NativeClass:/Script/PacMan3D.Portal Name:Portal_UAID_CC96E53760348D5E02_1903697576 Label:Portal SpatiallyLoaded:1 Bounds:IsValid=true, Min=(X=2828.000 Y=2423.561 Z=-6.000), Max=(X=2898.507 Y=2556.657 Z=144.698) RuntimeGrid:None EditorOnly:0 RuntimeOnly:0 HLODRelevant:0 ListedInSceneOutliner:1 IsMainWorldOnly:0
 |   |   |- [+] [ 12]
 |   |   |   |- Guid:344092E7470D31984EE0B5B39EEB361D BaseClass: NativeClass:/Script/Engine.StaticMeshActor Name:StaticMeshActor_UAID_98EECBDFBE27845D02_1873808943 Label:Wall_Door_400x403 SpatiallyLoaded:1 Bounds:IsValid=true, Min=(X=560.000 Y=390.000 Z=0.000), Max=(X=960.000 Y=410.000 Z=400.000) RuntimeGrid:None EditorOnly:0 RuntimeOnly:0 HLODRelevant:1 ListedInSceneOutliner:1 IsMainWorldOnly:0
 |   |   |- [+] [ 13]
 |   |   |   |- Guid:378AF2F04A36C037DD231AAC6EC67867 BaseClass: NativeClass:/Script/Engine.StaticMeshActor Name:StaticMeshActor_UAID_98EECBDFBE27865D02_1774786322 Label:Wall_Door_400x412 SpatiallyLoaded:1 Bounds:IsValid=true, Min=(X=2060.000 Y=1850.000 Z=0.000), Max=(X=2080.000 Y=2250.000 Z=400.000) RuntimeGrid:None EditorOnly:0 RuntimeOnly:0 HLODRelevant:1 ListedInSceneOutliner:1 IsMainWorldOnly:0
 |   |   |- [+] [ 14]
 |   |   |   |- Guid:3CEBF8184F7E0589EC3F1189DC62D56D BaseClass: NativeClass:/Script/Engine.StaticMeshActor Name:StaticMeshActor_UAID_98EECBDFBE27865D02_1702555320 Label:Wall_400x418 SpatiallyLoaded:1 Bounds:IsValid=true, Min=(X=1980.000 Y=1450.000 Z=0.000), Max=(X=2380.000 Y=1470.000 Z=400.000) RuntimeGrid:None EditorOnly:0 RuntimeOnly:0 HLODRelevant:1 ListedInSceneOutliner:1 IsMainWorldOnly:0
 |   |   |- [+] [ 15]
 |   |   |   |- Guid:43D7D87A48AE681C480A2380BEECB0EF BaseClass: NativeClass:/Script/Engine.StaticMeshActor Name:StaticMeshActor_UAID_98EECBDFBE27845D02_1995424946 Label:Wall_Door_400x404 SpatiallyLoaded:1 Bounds:IsValid=true, Min=(X=560.000 Y=1050.000 Z=0.000), Max=(X=960.000 Y=1070.000 Z=400.000) RuntimeGrid:None EditorOnly:0 RuntimeOnly:0 HLODRelevant:1 ListedInSceneOutliner:1 IsMainWorldOnly:0
 |   |   |- [+] [ 16]
 |   |   |   |- Guid:44F4D2EF48FF5CF1C88FFB94BC06275E BaseClass: NativeClass:/Script/Engine.StaticMeshActor Name:StaticMeshActor_UAID_98EECBDFBE27845D02_2003309947 Label:Wall_400x407 SpatiallyLoaded:1 Bounds:IsValid=true, Min=(X=470.000 Y=1050.000 Z=0.000), Max=(X=570.000 Y=1070.000 Z=400.000) RuntimeGrid:None EditorOnly:0 RuntimeOnly:0 HLODRelevant:1 ListedInSceneOutliner:1 IsMainWorldOnly:0
 |   |   |- [+] [ 17]
 |   |   |   |- Guid:45750EE24C596C76394EB6B4CC10FE3E BaseClass:/Game/BP_CollectibleCherry.BP_CollectibleCherry_C NativeClass:/Script/PacMan3D.CollectibleCherry Name:BP_CollectibleCherry_C_UAID_2CF05DDBDAF1385E02_1514126616 Label:BP_CollectibleCherry SpatiallyLoaded:1 Bounds:IsValid=true, Min=(X=1039.886 Y=797.562 Z=-10.000), Max=(X=1224.183 Y=929.078 Z=212.193) RuntimeGrid:None EditorOnly:0 RuntimeOnly:0 HLODRelevant:0 ListedInSceneOutliner:1 IsMainWorldOnly:0
 |   |   |- [+] [ 18]
 |   |   |   |- Guid:52E74DF94E9EECAF9464C1BCB5227CCC BaseClass: NativeClass:/Script/Engine.StaticMeshActor Name:StaticMeshActor_3 Label:SM_Cube3 SpatiallyLoaded:1 Bounds:IsValid=true, Min=(X=0.000 Y=2610.000 Z=0.000), Max=(X=3000.000 Y=2710.000 Z=400.000) RuntimeGrid:None EditorOnly:0 RuntimeOnly:0 HLODRelevant:1 ListedInSceneOutliner:1 IsMainWorldOnly:0 FolderPath:Playground FolderGuid:CDC3EA2D424DF73175D386948543BF31
 |   |   |- [+] [ 19]
 |   |   |   |- Guid:57F9B6724AAE188D371B05874ABBF27A BaseClass: NativeClass:/Script/Engine.StaticMeshActor Name:StaticMeshActor_UAID_98EECBDFBE27845D02_1760924936 Label:Wall_400x401 SpatiallyLoaded:1 Bounds:IsValid=true, Min=(X=1970.000 Y=80.000 Z=0.000), Max=(X=1990.000 Y=680.000 Z=400.000) RuntimeGrid:None EditorOnly:0 RuntimeOnly:0 HLODRelevant:1 ListedInSceneOutliner:1 IsMainWorldOnly:0
 |   |   |- [+] [ 20]
 |   |   |   |- Guid:5B6A748B4DA385C80DCEE994D7F67157 BaseClass: NativeClass:/Script/Engine.StaticMeshActor Name:StaticMeshActor_UAID_98EECBDFBE27855D02_1594236134 Label:Wall_Door_400x407 SpatiallyLoaded:1 Bounds:IsValid=true, Min=(X=2380.000 Y=1450.000 Z=0.000), Max=(X=2780.000 Y=1470.000 Z=400.000) RuntimeGrid:None EditorOnly:0 RuntimeOnly:0 HLODRelevant:1 ListedInSceneOutliner:1 IsMainWorldOnly:0
 |   |   |- [+] [ 21]
 |   |   |   |- Guid:5ECF94B4401A42819D47CFA796F8F799 BaseClass: NativeClass:/Script/Engine.StaticMeshActor Name:StaticMeshActor_UAID_98EECBDFBE27855D02_1425366133 Label:Wall_400x412 SpatiallyLoaded:1 Bounds:IsValid=true, Min=(X=2775.000 Y=510.000 Z=0.000), Max=(X=2975.000 Y=530.000 Z=400.000) RuntimeGrid:None EditorOnly:0 RuntimeOnly:0 HLODRelevant:1 ListedInSceneOutliner:1 IsMainWorldOnly:0
 |   |   |- [+] [ 22]
 |   |   |   |- Guid:616554B84D9AF28DF69ABD8837FD26D7 BaseClass: NativeClass:/Script/Engine.ExponentialHeightFog Name:ExponentialHeightFog_0 Label:ExponentialHeightFog SpatiallyLoaded:0 Bounds:IsValid=true, Min=(X=-5600.000 Y=-50.000 Z=-6850.000), Max=(X=-5600.000 Y=-50.000 Z=-6850.000) RuntimeGrid:None EditorOnly:0 RuntimeOnly:0 HLODRelevant:0 ListedInSceneOutliner:1 IsMainWorldOnly:0 FolderPath:Lighting FolderGuid:D9E1224C415FCB205E4105B3245ADAAB
 |   |   |- [+] [ 23]
 |   |   |   |- Guid:62B5933E44AFFE637712AA8AACB44A8C BaseClass: NativeClass:/Script/NavigationSystem.NavMeshBoundsVolume Name:NavMeshBoundsVolume_UAID_2CF05DDBDAF13F5E02_1755452848 Label:NavMeshBoundsVolume SpatiallyLoaded:0 Bounds:IsValid=true, Min=(X=-520.000 Y=2270.000 Z=-100.000), Max=(X=3480.000 Y=2570.000 Z=100.000) RuntimeGrid:None EditorOnly:0 RuntimeOnly:0 HLODRelevant:0 ListedInSceneOutliner:1 IsMainWorldOnly:0
 |   |   |- [+] [ 24]
 |   |   |   |- Guid:75854521468783C291995A8EFCB63F1B BaseClass: NativeClass:/Script/Engine.StaticMeshActor Name:StaticMeshActor_7 Label:SM_Cube5 SpatiallyLoaded:1 Bounds:IsValid=true, Min=(X=-0.000 Y=100.000 Z=0.000), Max=(X=100.000 Y=2675.000 Z=400.000) RuntimeGrid:None EditorOnly:0 RuntimeOnly:0 HLODRelevant:1 ListedInSceneOutliner:1 IsMainWorldOnly:0 FolderPath:Playground FolderGuid:CDC3EA2D424DF73175D386948543BF31
 |   |   |- [+] [ 25]
 |   |   |   |- Guid:7643FBEC4B2B4A18A8D40999A9C99968 BaseClass: NativeClass:/Script/Engine.StaticMeshActor Name:StaticMeshActor_UAID_98EECBDFBE27845D02_1904280945 Label:Wall_400x406 SpatiallyLoaded:1 Bounds:IsValid=true, Min=(X=460.000 Y=360.000 Z=0.000), Max=(X=480.000 Y=1460.000 Z=400.000) RuntimeGrid:None EditorOnly:0 RuntimeOnly:0 HLODRelevant:1 ListedInSceneOutliner:1 IsMainWorldOnly:0
 |   |   |- [+] [ 26]
 |   |   |   |- Guid:7A699BF944F9DAC273FB4FAD2236D7F8 BaseClass: NativeClass:/Script/Engine.SkyLight Name:SkyLight_0 Label:SkyLight SpatiallyLoaded:0 Bounds:IsValid=true, Min=(X=0.000 Y=0.000 Z=690.000), Max=(X=0.000 Y=0.000 Z=690.000) RuntimeGrid:None EditorOnly:0 RuntimeOnly:0 HLODRelevant:0 ListedInSceneOutliner:1 IsMainWorldOnly:0 FolderPath:Lighting FolderGuid:D9E1224C415FCB205E4105B3245ADAAB
 |   |   |- [+] [ 27]
 |   |   |   |- Guid:7BFE92D446D1F74F49D968840376D30B BaseClass: NativeClass:/Script/Engine.StaticMeshActor Name:StaticMeshActor_UAID_98EECBDFBE27855D02_1626450136 Label:Wall_400x413 SpatiallyLoaded:1 Bounds:IsValid=true, Min=(X=70.000 Y=1230.000 Z=0.000), Max=(X=470.000 Y=1250.000 Z=400.000) RuntimeGrid:None EditorOnly:0 RuntimeOnly:0 HLODRelevant:1 ListedInSceneOutliner:1 IsMainWorldOnly:0
 |   |   |- [+] [ 28]
 |   |   |   |- Guid:7C493C5A4990850CA6785781C67AF97B BaseClass: NativeClass:/Script/Engine.StaticMeshActor Name:StaticMeshActor_UAID_98EECBDFBE27865D02_1689777319 Label:Wall_Door_400x411 SpatiallyLoaded:1 Bounds:IsValid=true, Min=(X=1580.000 Y=1450.000 Z=0.000), Max=(X=1980.000 Y=1470.000 Z=400.000) RuntimeGrid:None EditorOnly:0 RuntimeOnly:0 HLODRelevant:1 ListedInSceneOutliner:1 IsMainWorldOnly:0
 |   |   |- [+] [ 29]
 |   |   |   |- Guid:9025E0A541F3351584B5CABA1F076EC7 BaseClass: NativeClass:/Script/Engine.StaticMeshActor Name:StaticMeshActor_UAID_98EECBDFBE27845D02_1768997937 Label:Wall_Door_400x400 SpatiallyLoaded:1 Bounds:IsValid=true, Min=(X=1300.000 Y=660.000 Z=0.000), Max=(X=1700.000 Y=680.000 Z=400.000) RuntimeGrid:None EditorOnly:0 RuntimeOnly:0 HLODRelevant:1 ListedInSceneOutliner:1 IsMainWorldOnly:0
 |   |   |- [+] [ 30]
 |   |   |   |- Guid:93C31E8A440127967263BDBF9AF16EC6 BaseClass: NativeClass:/Script/Engine.StaticMeshActor Name:StaticMeshActor_UAID_98EECBDFBE27865D02_1667764318 Label:Wall_400x417 SpatiallyLoaded:1 Bounds:IsValid=true, Min=(X=460.000 Y=2280.000 Z=0.000), Max=(X=2260.000 Y=2300.000 Z=400.000) RuntimeGrid:None EditorOnly:0 RuntimeOnly:0 HLODRelevant:1 ListedInSceneOutliner:1 IsMainWorldOnly:0
 |   |   |- [+] [ 31]
 |   |   |   |- Guid:97FF78FB4EC8F13EF6751DB180B1CE46 BaseClass: NativeClass:/Script/Engine.DirectionalLight Name:DirectionalLight_0 Label:DirectionalLight SpatiallyLoaded:0 Bounds:IsValid=true, Min=(X=-1048576.000 Y=-1048576.000 Z=-1048576.000), Max=(X=1048576.000 Y=1048576.000 Z=1048576.000) RuntimeGrid:None EditorOnly:0 RuntimeOnly:0 HLODRelevant:0 ListedInSceneOutliner:1 IsMainWorldOnly:0 FolderPath:Lighting FolderGuid:D9E1224C415FCB205E4105B3245ADAAB
 |   |   |- [+] [ 32]
 |   |   |   |- Guid:9831643B4873388B06184F8F03EC84F7 BaseClass: NativeClass:/Script/Engine.StaticMeshActor Name:StaticMeshActor_UAID_98EECBDFBE27845D02_1834113942 Label:Wall_Door_400x402 SpatiallyLoaded:1 Bounds:IsValid=true, Min=(X=1970.000 Y=670.000 Z=0.000), Max=(X=1990.000 Y=1070.000 Z=400.000) RuntimeGrid:None EditorOnly:0 RuntimeOnly:0 HLODRelevant:1 ListedInSceneOutliner:1 IsMainWorldOnly:0
 |   |   |- [+] [ 33]
 |   |   |   |- Guid:9F0A9D7E4C387959A5292BA2E62AF379 BaseClass: NativeClass:/Script/Engine.StaticMeshActor Name:StaticMeshActor_UAID_98EECBDFBE27845D02_1799417939 Label:Wall_400x403 SpatiallyLoaded:1 Bounds:IsValid=true, Min=(X=960.000 Y=660.000 Z=0.000), Max=(X=1360.000 Y=680.000 Z=400.000) RuntimeGrid:None EditorOnly:0 RuntimeOnly:0 HLODRelevant:1 ListedInSceneOutliner:1 IsMainWorldOnly:0
 |   |   |- [+] [ 34]
 |   |   |   |- Guid:9FC0E5A04B5C426BD8398396952183D3 BaseClass: NativeClass:/Script/Engine.StaticMeshActor Name:StaticMeshActor_0 Label:SM_Cube SpatiallyLoaded:1 Bounds:IsValid=true, Min=(X=0.000 Y=0.000 Z=-50.000), Max=(X=3000.000 Y=2700.000 Z=0.000) RuntimeGrid:None EditorOnly:0 RuntimeOnly:0 HLODRelevant:1 ListedInSceneOutliner:1 IsMainWorldOnly:0 FolderPath:Playground FolderGuid:CDC3EA2D424DF73175D386948543BF31
 |   |   |- [+] [ 35]
 |   |   |   |- Guid:A193674B480A39A47551D39FB4DFCD99 BaseClass: NativeClass:/Script/Engine.StaticMeshActor Name:StaticMeshActor_UAID_A4AE111137DC5FFB00_1159438599 Label:SM_SkySphere SpatiallyLoaded:0 Bounds:IsValid=true, Min=(X=-1638400.000 Y=-1638400.000 Z=-1638400.000), Max=(X=1638400.000 Y=1638400.000 Z=1638400.000) RuntimeGrid:None EditorOnly:0 RuntimeOnly:0 HLODRelevant:1 ListedInSceneOutliner:1 IsMainWorldOnly:0 FolderPath:Lighting FolderGuid:D9E1224C415FCB205E4105B3245ADAAB
 |   |   |- [+] [ 36]
 |   |   |   |- Guid:A4A91F784939C1CEE22978BDE9E338F8 BaseClass: NativeClass:/Script/Engine.StaticMeshActor Name:StaticMeshActor_UAID_98EECBDFBE27865D02_1443879315 Label:Wall_Door_400x410 SpatiallyLoaded:1 Bounds:IsValid=true, Min=(X=730.000 Y=1900.000 Z=0.000), Max=(X=750.000 Y=2300.000 Z=400.000) RuntimeGrid:None EditorOnly:0 RuntimeOnly:0 HLODRelevant:1 ListedInSceneOutliner:1 IsMainWorldOnly:0
 |   |   |- [+] [ 37]
 |   |   |   |- Guid:A5847C7745D0B5FBA3FC90A78F220FA3 BaseClass: NativeClass:/Script/Engine.StaticMeshActor Name:StaticMeshActor_UAID_98EECBDFBE27855D02_1419193132 Label:Wall_Door_400x408 SpatiallyLoaded:1 Bounds:IsValid=true, Min=(X=2390.000 Y=510.000 Z=0.000), Max=(X=2790.000 Y=530.000 Z=400.000) RuntimeGrid:None EditorOnly:0 RuntimeOnly:0 HLODRelevant:1 ListedInSceneOutliner:1 IsMainWorldOnly:0
 |   |   |- [+] [ 38]
 |   |   |   |- Guid:AA931BDF4E1B5D2B0C4B5D9E9155AAE3 BaseClass: NativeClass:/Script/Engine.StaticMeshActor Name:StaticMeshActor_UAID_98EECBDFBE27855D02_1721913137 Label:Wall_Door_400x409 SpatiallyLoaded:1 Bounds:IsValid=true, Min=(X=480.000 Y=1450.000 Z=0.000), Max=(X=880.000 Y=1470.000 Z=400.000) RuntimeGrid:None EditorOnly:0 RuntimeOnly:0 HLODRelevant:1 ListedInSceneOutliner:1 IsMainWorldOnly:0
 |   |   |- [+] [ 39]
 |   |   |   |- Guid:AFA870F0427F97723931578C54855821 BaseClass: NativeClass:/Script/Engine.StaticMeshActor Name:StaticMeshActor_UAID_98EECBDFBE27845D02_1813999941 Label:Wall_Door_400x401 SpatiallyLoaded:1 Bounds:IsValid=true, Min=(X=960.000 Y=670.000 Z=0.000), Max=(X=980.000 Y=1070.000 Z=400.000) RuntimeGrid:None EditorOnly:0 RuntimeOnly:0 HLODRelevant:1 ListedInSceneOutliner:1 IsMainWorldOnly:0
 |   |   |- [+] [ 40]
 |   |   |   |- Guid:B2F723D547560BE2F734299868329B09 BaseClass: NativeClass:/Script/Engine.StaticMeshActor Name:StaticMeshActor_UAID_98EECBDFBE27865D02_1725815321 Label:Wall_400x419 SpatiallyLoaded:1 Bounds:IsValid=true, Min=(X=2060.000 Y=1450.000 Z=0.000), Max=(X=2080.000 Y=1850.000 Z=400.000) RuntimeGrid:None EditorOnly:0 RuntimeOnly:0 HLODRelevant:1 ListedInSceneOutliner:1 IsMainWorldOnly:0
 |   |   |- [+] [ 41]
 |   |   |   |- Guid:B326783D46A6A43F55CCC9AB2A4C1863 BaseClass: NativeClass:/Script/Engine.VolumetricCloud Name:VolumetricCloud_0 Label:VolumetricCloud SpatiallyLoaded:0 Bounds:IsValid=true, Min=(X=0.000 Y=0.000 Z=820.000), Max=(X=0.000 Y=0.000 Z=820.000) RuntimeGrid:None EditorOnly:0 RuntimeOnly:0 HLODRelevant:0 ListedInSceneOutliner:1 IsMainWorldOnly:0 FolderPath:Lighting FolderGuid:D9E1224C415FCB205E4105B3245ADAAB
 |   |   |- [+] [ 42]
 |   |   |   |- Guid:B66DB3A648E9E9538B83459789EBAFE8 BaseClass: NativeClass:/Script/NavigationSystem.RecastNavMesh Name:RecastNavMesh_UAID_2CF05DDBDAF13F5E02-Default Label:RecastNavMesh-Default SpatiallyLoaded:0 Bounds:IsValid=true, Min=(X=0.000 Y=0.000 Z=0.000), Max=(X=0.000 Y=0.000 Z=0.000) RuntimeGrid:None EditorOnly:0 RuntimeOnly:0 HLODRelevant:0 ListedInSceneOutliner:1 IsMainWorldOnly:0
 |   |   |- [+] [ 43]
 |   |   |   |- Guid:C4FCB59F48C5B161F0BFF7A180CFDE06 BaseClass: NativeClass:/Script/Engine.StaticMeshActor Name:StaticMeshActor_UAID_98EECBDFBE27865D02_2106842331 Label:Wall_Door_400x414 SpatiallyLoaded:1 Bounds:IsValid=true, Min=(X=460.000 Y=1460.000 Z=0.000), Max=(X=480.000 Y=1860.000 Z=400.000) RuntimeGrid:None EditorOnly:0 RuntimeOnly:0 HLODRelevant:1 ListedInSceneOutliner:1 IsMainWorldOnly:0
 |   |   |- [+] [ 44]
 |   |   |   |- Guid:C5412DB94EE2B5E630BBB68CD23D43AA BaseClass: NativeClass:/Script/PacMan3D.Portal Name:Portal_UAID_CC96E53760348D5E02_1939650579 Label:Portal4 SpatiallyLoaded:1 Bounds:IsValid=true, Min=(X=2663.561 Y=101.120 Z=-16.000), Max=(X=2796.657 Y=154.000 Z=134.698) RuntimeGrid:None EditorOnly:0 RuntimeOnly:0 HLODRelevant:0 ListedInSceneOutliner:1 IsMainWorldOnly:0
 |   |   |   |- Guid:CC7E607B4BFCACB6D86BF0AE5C9E4091 BaseClass: NativeClass:/Script/PacMan3D.Portal Name:Portal_UAID_CC96E53760348D5E02_1927519578 Label:Portal3 SpatiallyLoaded:1 Bounds:IsValid=true, Min=(X=193.561 Y=101.493 Z=4.000), Max=(X=326.657 Y=172.000 Z=154.698) RuntimeGrid:None EditorOnly:0 RuntimeOnly:0 HLODRelevant:0 ListedInSceneOutliner:1 IsMainWorldOnly:0
 |   |   |- [+] [ 45]
 |   |   |   |- Guid:C5C6256B4ECD8AE69BE9AC97B1958F98 BaseClass: NativeClass:/Script/Engine.StaticMeshActor Name:StaticMeshActor_UAID_98EECBDFBE27845D02_1783195938 Label:Wall_400x402 SpatiallyLoaded:1 Bounds:IsValid=true, Min=(X=1690.000 Y=660.000 Z=0.000), Max=(X=1990.000 Y=680.000 Z=400.000) RuntimeGrid:None EditorOnly:0 RuntimeOnly:0 HLODRelevant:1 ListedInSceneOutliner:1 IsMainWorldOnly:0
 |   |   |- [+] [ 46]
 |   |   |   |- Guid:C5F3EEF243E9D74AB0D759ACA2449326 BaseClass: NativeClass:/Script/Engine.StaticMeshActor Name:StaticMeshActor_UAID_98EECBDFBE27875D02_1234316509 Label:Wall_400x200 SpatiallyLoaded:1 Bounds:IsValid=true, Min=(X=1622.000 Y=650.000 Z=120.000), Max=(X=1822.000 Y=670.000 Z=220.000) RuntimeGrid:None EditorOnly:0 RuntimeOnly:0 HLODRelevant:1 ListedInSceneOutliner:1 IsMainWorldOnly:0
 |   |   |- [+] [ 47]
 |   |   |   |- Guid:C63888D34B22204C9442E2B2AF2634C6 BaseClass:/Game/BP_CollectiblePellet.BP_CollectiblePellet_C NativeClass:/Script/PacMan3D.CollectiblePellet Name:BP_CollectiblePellet_C_UAID_2CF05DDBDAF1EC5D02_2084254239 Label:BP_CollectiblePellet SpatiallyLoaded:1 Bounds:IsValid=true, Min=(X=1610.000 Y=810.000 Z=90.000), Max=(X=1710.000 Y=910.000 Z=190.000) RuntimeGrid:None EditorOnly:0 RuntimeOnly:0 HLODRelevant:0 ListedInSceneOutliner:1 IsMainWorldOnly:0
 |   |   |- [+] [ 48]
 |   |   |   |- Guid:CCB8CB15446A8FBE724074822599CA28 BaseClass: NativeClass:/Script/Engine.StaticMeshActor Name:StaticMeshActor_UAID_98EECBDFBE27855D02_1295077129 Label:Wall_Door_400x406 SpatiallyLoaded:1 Bounds:IsValid=true, Min=(X=460.000 Y=30.000 Z=0.000), Max=(X=480.000 Y=430.000 Z=400.000) RuntimeGrid:None EditorOnly:0 RuntimeOnly:0 HLODRelevant:1 ListedInSceneOutliner:1 IsMainWorldOnly:0
 |   |   |- [+] [ 49]
 |   |   |   |- Guid:CDC290334FAA2557343A1181CA8C7F4B BaseClass: NativeClass:/Script/Engine.StaticMeshActor Name:StaticMeshActor_2 Label:SM_Cube2 SpatiallyLoaded:1 Bounds:IsValid=true, Min=(X=0.000 Y=0.000 Z=0.000), Max=(X=3000.000 Y=100.000 Z=400.000) RuntimeGrid:None EditorOnly:0 RuntimeOnly:0 HLODRelevant:1 ListedInSceneOutliner:1 IsMainWorldOnly:0 FolderPath:Playground FolderGuid:CDC3EA2D424DF73175D386948543BF31
 |   |   |- [+] [ 50]
 |   |   |   |- Guid:D4A656E94E11A127691948BFE5F48B0B BaseClass: NativeClass:/Script/Engine.StaticMeshActor Name:StaticMeshActor_UAID_98EECBDFBE27865D02_1655814317 Label:Wall_400x416 SpatiallyLoaded:1 Bounds:IsValid=true, Min=(X=480.000 Y=1840.000 Z=0.000), Max=(X=2080.000 Y=1860.000 Z=400.000) RuntimeGrid:None EditorOnly:0 RuntimeOnly:0 HLODRelevant:1 ListedInSceneOutliner:1 IsMainWorldOnly:0
 |   |   |- [+] [ 51]
 |   |   |   |- Guid:D8FBB97D4E73F3B6C848C8B34E4966CE BaseClass: NativeClass:/Script/Engine.StaticMeshActor Name:StaticMeshActor_UAID_98EECBDFBE27865D02_1965726327 Label:Wall_400x422 SpatiallyLoaded:1 Bounds:IsValid=true, Min=(X=730.000 Y=1860.000 Z=0.000), Max=(X=750.000 Y=1960.000 Z=400.000) RuntimeGrid:None EditorOnly:0 RuntimeOnly:0 HLODRelevant:1 ListedInSceneOutliner:1 IsMainWorldOnly:0
 |   |   |- [+] [ 52]
 |   |   |   |- Guid:DFC655AB42DC39EA0B0DB8BDD326CEC2 BaseClass: NativeClass:/Script/Engine.StaticMeshActor Name:StaticMeshActor_UAID_98EECBDFBE27865D02_1986417328 Label:Wall_400x423 SpatiallyLoaded:1 Bounds:IsValid=true, Min=(X=460.000 Y=1800.000 Z=0.000), Max=(X=480.000 Y=2300.000 Z=400.000) RuntimeGrid:None EditorOnly:0 RuntimeOnly:0 HLODRelevant:1 ListedInSceneOutliner:1 IsMainWorldOnly:0
 |   |   |- [+] [ 53]
 |   |   |   |- Guid:E0FC1A414CE846166D7063BA6AA7A337 BaseClass: NativeClass:/Script/Engine.StaticMeshActor Name:StaticMeshActor_UAID_98EECBDFBE27855D02_1092864126 Label:Wall_Door_400x405 SpatiallyLoaded:1 Bounds:IsValid=true, Min=(X=1980.000 Y=510.000 Z=0.000), Max=(X=2380.000 Y=530.000 Z=400.000) RuntimeGrid:None EditorOnly:0 RuntimeOnly:0 HLODRelevant:1 ListedInSceneOutliner:1 IsMainWorldOnly:0
 |   |   |- [+] [ 54]
 |   |   |   |- Guid:E5D2E15542B8BB5E520316852E25163B BaseClass: NativeClass:/Script/Engine.StaticMeshActor Name:StaticMeshActor_UAID_98EECBDFBE27855D02_1604027135 Label:Wall_400x411 SpatiallyLoaded:1 Bounds:IsValid=true, Min=(X=2740.000 Y=1450.000 Z=0.000), Max=(X=2940.000 Y=1470.000 Z=400.000) RuntimeGrid:None EditorOnly:0 RuntimeOnly:0 HLODRelevant:1 ListedInSceneOutliner:1 IsMainWorldOnly:0
 |   |   |- [+] [ 55]
 |   |   |   |- Guid:ED6FA18F41848BFAA16EBCB71237E4B0 BaseClass: NativeClass:/Script/Engine.StaticMeshActor Name:StaticMeshActor_UAID_98EECBDFBE27865D02_1808462323 Label:Wall_400x415 SpatiallyLoaded:1 Bounds:IsValid=true, Min=(X=2060.000 Y=2200.000 Z=0.000), Max=(X=2080.000 Y=2300.000 Z=400.000) RuntimeGrid:None EditorOnly:0 RuntimeOnly:0 HLODRelevant:1 ListedInSceneOutliner:1 IsMainWorldOnly:0
 |   |   |- [+] [ 56]
 |   |   |   |- Guid:F0807E8E4D34612AB1A58DB6AB37AF66 BaseClass: NativeClass:/Script/Engine.StaticMeshActor Name:StaticMeshActor_UAID_98EECBDFBE27855D02_1209658128 Label:Wall_400x410 SpatiallyLoaded:1 Bounds:IsValid=true, Min=(X=1320.000 Y=1050.000 Z=0.000), Max=(X=1340.000 Y=1450.000 Z=400.000) RuntimeGrid:None EditorOnly:0 RuntimeOnly:0 HLODRelevant:1 ListedInSceneOutliner:1 IsMainWorldOnly:0
 |   |   |- [+] [ 57]
 |   |   |   |- Guid:FEA7D14C41FC8E24FA3F57836FCB63A9 BaseClass: NativeClass:/Script/Engine.StaticMeshActor Name:StaticMeshActor_UAID_98EECBDFBE27865D02_2085421330 Label:Wall_Door_400x413 SpatiallyLoaded:1 Bounds:IsValid=true, Min=(X=2090.000 Y=2280.000 Z=0.000), Max=(X=2490.000 Y=2300.000 Z=400.000) RuntimeGrid:None EditorOnly:0 RuntimeOnly:0 HLODRelevant:1 ListedInSceneOutliner:1 IsMainWorldOnly:0
 |   |   |- [+] [ 58]
 |   |   |   |- Guid:FEA8E4EC42765A3AEB476FB653C3015F BaseClass: NativeClass:/Script/Engine.StaticMeshActor Name:StaticMeshActor_UAID_98EECBDFBE27845D02_1887744944 Label:Wall_400x405 SpatiallyLoaded:1 Bounds:IsValid=true, Min=(X=460.000 Y=390.000 Z=0.000), Max=(X=560.000 Y=410.000 Z=400.000) RuntimeGrid:None EditorOnly:0 RuntimeOnly:0 HLODRelevant:1 ListedInSceneOutliner:1 IsMainWorldOnly:0
 |- ContainerInstances:
 |- [+] MainContainer:
 |   |-        ID: 00000000000000000000000000000000
 |   |-  ParentID: 00000000000000000000000000000000
 |   |-    Bounds: IsValid=false, Min=(X=0.000 Y=0.000 Z=0.000), Max=(X=0.000 Y=0.000 Z=0.000)
 |   |- Transform: 0.000000,0.000000,0.000000|0.000000,0.000000,-0.000000|1.000000,1.000000,1.000000
 |   |- Container: /Game/FirstPerson/Maps/FirstPersonMap
----------------------------------------------------------------------------------------------------------------
FirstPersonMap - Persistent Level
----------------------------------------------------------------------------------------------------------------
[+] Content of FirstPersonMap Persistent Level
 |- Always loaded Actor Count: 68 
 |- Actor Path: /Game/FirstPerson/Maps/FirstPersonMap.FirstPersonMap:PersistentLevel.AbstractNavData-Default
 |- Actor Package: /Game/FirstPerson/Maps/FirstPersonMap
 |- Actor Path: /Game/FirstPerson/Maps/FirstPersonMap.FirstPersonMap:PersistentLevel.BP_CollectibleCherry_C_UAID_2CF05DDBDAF1385E02_1514126616
 |- Actor Package: /Game/__ExternalActors__/FirstPerson/Maps/FirstPersonMap/4/8U/VI9DZKNP2LVEU7DX7GPJH0
 |- Actor Path: /Game/FirstPerson/Maps/FirstPersonMap.FirstPersonMap:PersistentLevel.BP_CollectiblePellet_C_UAID_2CF05DDBDAF1EC5D02_2084254239
 |- Actor Package: /Game/__ExternalActors__/FirstPerson/Maps/FirstPersonMap/6/R0/RVIDXWTYZDH0LL9ZX2SS19
 |- Actor Path: /Game/FirstPerson/Maps/FirstPersonMap.FirstPersonMap:PersistentLevel.BP_GhostEnemy_C_UAID_2CF05DDBDAF13E5E02_1517229671
 |- Actor Package: /Game/__ExternalActors__/FirstPerson/Maps/FirstPersonMap/1/IY/I4TNWO9SVHL48SLQAMEG11
 |- Actor Path: /Game/FirstPerson/Maps/FirstPersonMap.FirstPersonMap:PersistentLevel.BP_SpikeTrap_C_UAID_2CF05DDBDAF1875E02_1402928519
 |- Actor Package: /Game/__ExternalActors__/FirstPerson/Maps/FirstPersonMap/B/YB/A0N93MVTHLLN34MCX17YZ5
 |- Actor Path: /Game/FirstPerson/Maps/FirstPersonMap.FirstPersonMap:PersistentLevel.Brush_0
 |- Actor Package: /Game/FirstPerson/Maps/FirstPersonMap
 |- Actor Path: /Game/FirstPerson/Maps/FirstPersonMap.FirstPersonMap:PersistentLevel.DefaultPhysicsVolume_0
 |- Actor Package: /Game/FirstPerson/Maps/FirstPersonMap
 |- Actor Path: /Game/FirstPerson/Maps/FirstPersonMap.FirstPersonMap:PersistentLevel.DirectionalLight_0
 |- Actor Package: /Game/__ExternalActors__/FirstPerson/Maps/FirstPersonMap/A/KU/12YG9I1QW2GU72MG8QQX1K
 |- Actor Path: /Game/FirstPerson/Maps/FirstPersonMap.FirstPersonMap:PersistentLevel.ExponentialHeightFog_0
 |- Actor Package: /Game/__ExternalActors__/FirstPerson/Maps/FirstPersonMap/0/CL/381LM03PFI8AF9NED1SEV2
 |- Actor Path: /Game/FirstPerson/Maps/FirstPersonMap.FirstPersonMap:PersistentLevel.FirstPersonExampleMap_C_0
 |- Actor Package: /Game/FirstPerson/Maps/FirstPersonMap
 |- Actor Path: /Game/FirstPerson/Maps/FirstPersonMap.FirstPersonMap:PersistentLevel.GameplayDebuggerPlayerManager_0
 |- Actor Package: /Game/FirstPerson/Maps/FirstPersonMap
 |- Actor Path: /Game/FirstPerson/Maps/FirstPersonMap.FirstPersonMap:PersistentLevel.NavMeshBoundsVolume_UAID_2CF05DDBDAF13F5E02_1755452848
 |- Actor Package: /Game/__ExternalActors__/FirstPerson/Maps/FirstPersonMap/A/PZ/C48AI99M10W2B65BZDU4M2
 |- Actor Path: /Game/FirstPerson/Maps/FirstPersonMap.FirstPersonMap:PersistentLevel.Portal_UAID_CC96E53760348D5E02_1903697576
 |- Actor Package: /Game/__ExternalActors__/FirstPerson/Maps/FirstPersonMap/D/EG/OT4I40ZN2EVV3A9HC59YGZ
 |- Actor Path: /Game/FirstPerson/Maps/FirstPersonMap.FirstPersonMap:PersistentLevel.Portal_UAID_CC96E53760348D5E02_1918983577
 |- Actor Package: /Game/__ExternalActors__/FirstPerson/Maps/FirstPersonMap/A/R9/Z4KWJXYMUHJ1HWE05CI0RN
 |- Actor Path: /Game/FirstPerson/Maps/FirstPersonMap.FirstPersonMap:PersistentLevel.Portal_UAID_CC96E53760348D5E02_1927519578
 |- Actor Package: /Game/__ExternalActors__/FirstPerson/Maps/FirstPersonMap/7/H8/LPAJZD4MERA2L5MOCC2D77
 |- Actor Path: /Game/FirstPerson/Maps/FirstPersonMap.FirstPersonMap:PersistentLevel.Portal_UAID_CC96E53760348D5E02_1939650579
 |- Actor Package: /Game/__ExternalActors__/FirstPerson/Maps/FirstPersonMap/7/A9/G9C2YNLM7H03Y9RAF7SGPO
 |- Actor Path: /Game/FirstPerson/Maps/FirstPersonMap.FirstPersonMap:PersistentLevel.RecastNavMesh_UAID_2CF05DDBDAF13F5E02-Default
 |- Actor Package: /Game/__ExternalActors__/FirstPerson/Maps/FirstPersonMap/7/BU/VZY4IAHJNIU16FY2OBDHQ8
 |- Actor Path: /Game/FirstPerson/Maps/FirstPersonMap.FirstPersonMap:PersistentLevel.SkyAtmosphere_0
 |- Actor Package: /Game/__ExternalActors__/FirstPerson/Maps/FirstPersonMap/C/VO/VMN4G7K3NKKV6F8HTPHHDB
 |- Actor Path: /Game/FirstPerson/Maps/FirstPersonMap.FirstPersonMap:PersistentLevel.SkyLight_0
 |- Actor Package: /Game/__ExternalActors__/FirstPerson/Maps/FirstPersonMap/6/0Z/5RQIHCZ9W3UXRGL4LTLQAK
 |- Actor Path: /Game/FirstPerson/Maps/FirstPersonMap.FirstPersonMap:PersistentLevel.StaticMeshActor_0
 |- Actor Package: /Game/__ExternalActors__/FirstPerson/Maps/FirstPersonMap/7/L5/1ZJ54FMA0DAL3I2Q8RFAIB
 |- Actor Path: /Game/FirstPerson/Maps/FirstPersonMap.FirstPersonMap:PersistentLevel.StaticMeshActor_2
 |- Actor Package: /Game/__ExternalActors__/FirstPerson/Maps/FirstPersonMap/7/I8/LH9T10MU22N3EEPTZ4GAFC
 |- Actor Path: /Game/FirstPerson/Maps/FirstPersonMap.FirstPersonMap:PersistentLevel.StaticMeshActor_3
 |- Actor Package: /Game/__ExternalActors__/FirstPerson/Maps/FirstPersonMap/3/AI/0XWE3RNM2XQC0ST1KXG02O
 |- Actor Path: /Game/FirstPerson/Maps/FirstPersonMap.FirstPersonMap:PersistentLevel.StaticMeshActor_7
 |- Actor Package: /Game/__ExternalActors__/FirstPerson/Maps/FirstPersonMap/0/XV/VTAF5COFGLO9YT51MQCVTR
 |- Actor Path: /Game/FirstPerson/Maps/FirstPersonMap.FirstPersonMap:PersistentLevel.StaticMeshActor_8
 |- Actor Package: /Game/__ExternalActors__/FirstPerson/Maps/FirstPersonMap/8/SZ/D1AHM62WL9TXSNPYQDXQMZ
 |- Actor Path: /Game/FirstPerson/Maps/FirstPersonMap.FirstPersonMap:PersistentLevel.StaticMeshActor_UAID_98EECBDFBE27845D02_1734213935
 |- Actor Package: /Game/__ExternalActors__/FirstPerson/Maps/FirstPersonMap/B/1N/U573DNOXUMLH8WACV9V5WX
 |- Actor Path: /Game/FirstPerson/Maps/FirstPersonMap.FirstPersonMap:PersistentLevel.StaticMeshActor_UAID_98EECBDFBE27845D02_1760924936
 |- Actor Package: /Game/__ExternalActors__/FirstPerson/Maps/FirstPersonMap/C/2W/RI68S89C28H3TSIT3ETJAF
 |- Actor Path: /Game/FirstPerson/Maps/FirstPersonMap.FirstPersonMap:PersistentLevel.StaticMeshActor_UAID_98EECBDFBE27845D02_1768997937
 |- Actor Package: /Game/__ExternalActors__/FirstPerson/Maps/FirstPersonMap/7/M8/ZWZ1H2U484JWBA2424UH0Q
 |- Actor Path: /Game/FirstPerson/Maps/FirstPersonMap.FirstPersonMap:PersistentLevel.StaticMeshActor_UAID_98EECBDFBE27845D02_1783195938
 |- Actor Package: /Game/__ExternalActors__/FirstPerson/Maps/FirstPersonMap/4/2P/IO6D9ACH0CV1347HOP0B0Q
 |- Actor Path: /Game/FirstPerson/Maps/FirstPersonMap.FirstPersonMap:PersistentLevel.StaticMeshActor_UAID_98EECBDFBE27845D02_1799417939
 |- Actor Package: /Game/__ExternalActors__/FirstPerson/Maps/FirstPersonMap/1/4B/QSJZBPA53BQIVK8M1EPSLW
 |- Actor Path: /Game/FirstPerson/Maps/FirstPersonMap.FirstPersonMap:PersistentLevel.StaticMeshActor_UAID_98EECBDFBE27845D02_1810644940
 |- Actor Package: /Game/__ExternalActors__/FirstPerson/Maps/FirstPersonMap/3/3W/XAIRTDIEF6ONS9M8UUVFLX
 |- Actor Path: /Game/FirstPerson/Maps/FirstPersonMap.FirstPersonMap:PersistentLevel.StaticMeshActor_UAID_98EECBDFBE27845D02_1813999941
 |- Actor Package: /Game/__ExternalActors__/FirstPerson/Maps/FirstPersonMap/9/P2/DPHBMZIIIMJHZPI4SEGFZH
 |- Actor Path: /Game/FirstPerson/Maps/FirstPersonMap.FirstPersonMap:PersistentLevel.StaticMeshActor_UAID_98EECBDFBE27845D02_1834113942
 |- Actor Package: /Game/__ExternalActors__/FirstPerson/Maps/FirstPersonMap/7/KA/QAUQ25RNMR30EMDHRXMUC9
 |- Actor Path: /Game/FirstPerson/Maps/FirstPersonMap.FirstPersonMap:PersistentLevel.StaticMeshActor_UAID_98EECBDFBE27845D02_1873808943
 |- Actor Package: /Game/__ExternalActors__/FirstPerson/Maps/FirstPersonMap/5/NF/AWEKJLKA94L1IEBZFGG6QD
 |- Actor Path: /Game/FirstPerson/Maps/FirstPersonMap.FirstPersonMap:PersistentLevel.StaticMeshActor_UAID_98EECBDFBE27845D02_1887744944
 |- Actor Package: /Game/__ExternalActors__/FirstPerson/Maps/FirstPersonMap/0/EC/NWNL2JHSU8892533YLBJ0V
 |- Actor Path: /Game/FirstPerson/Maps/FirstPersonMap.FirstPersonMap:PersistentLevel.StaticMeshActor_UAID_98EECBDFBE27845D02_1904280945
 |- Actor Package: /Game/__ExternalActors__/FirstPerson/Maps/FirstPersonMap/C/LV/IV3I7J5AFODIHAHJHQZK44
 |- Actor Path: /Game/FirstPerson/Maps/FirstPersonMap.FirstPersonMap:PersistentLevel.StaticMeshActor_UAID_98EECBDFBE27845D02_1995424946
 |- Actor Package: /Game/__ExternalActors__/FirstPerson/Maps/FirstPersonMap/0/9M/S23VLBIM14K43R7INLN8DB
 |- Actor Path: /Game/FirstPerson/Maps/FirstPersonMap.FirstPersonMap:PersistentLevel.StaticMeshActor_UAID_98EECBDFBE27845D02_2003309947
 |- Actor Package: /Game/__ExternalActors__/FirstPerson/Maps/FirstPersonMap/5/Q8/YC257HYW3FG5R2KXUA28WX
 |- Actor Path: /Game/FirstPerson/Maps/FirstPersonMap.FirstPersonMap:PersistentLevel.StaticMeshActor_UAID_98EECBDFBE27845D02_2113904949
 |- Actor Package: /Game/__ExternalActors__/FirstPerson/Maps/FirstPersonMap/4/JA/0LIGQA7MG4X0CP2X8DHG10
 |- Actor Path: /Game/FirstPerson/Maps/FirstPersonMap.FirstPersonMap:PersistentLevel.StaticMeshActor_UAID_98EECBDFBE27855D02_1092864126
 |- Actor Package: /Game/__ExternalActors__/FirstPerson/Maps/FirstPersonMap/6/8F/2FGZMFAV42U5O2VBF3L0IP
 |- Actor Path: /Game/FirstPerson/Maps/FirstPersonMap.FirstPersonMap:PersistentLevel.StaticMeshActor_UAID_98EECBDFBE27855D02_1191092127
 |- Actor Package: /Game/__ExternalActors__/FirstPerson/Maps/FirstPersonMap/7/7F/Z2179IV4WCRSPGCJVUM13Q
 |- Actor Path: /Game/FirstPerson/Maps/FirstPersonMap.FirstPersonMap:PersistentLevel.StaticMeshActor_UAID_98EECBDFBE27855D02_1209658128
 |- Actor Package: /Game/__ExternalActors__/FirstPerson/Maps/FirstPersonMap/3/X1/R03V97Z2Z1NIOSO7P101O8
 |- Actor Path: /Game/FirstPerson/Maps/FirstPersonMap.FirstPersonMap:PersistentLevel.StaticMeshActor_UAID_98EECBDFBE27855D02_1295077129
 |- Actor Package: /Game/__ExternalActors__/FirstPerson/Maps/FirstPersonMap/8/KO/5L7W9WUYYOCQCQNLYECAU6
 |- Actor Path: /Game/FirstPerson/Maps/FirstPersonMap.FirstPersonMap:PersistentLevel.StaticMeshActor_UAID_98EECBDFBE27855D02_1419193132
 |- Actor Package: /Game/__ExternalActors__/FirstPerson/Maps/FirstPersonMap/8/GL/WIH4C6N0K55LAZL491T3JK
 |- Actor Path: /Game/FirstPerson/Maps/FirstPersonMap.FirstPersonMap:PersistentLevel.StaticMeshActor_UAID_98EECBDFBE27855D02_1425366133
 |- Actor Package: /Game/__ExternalActors__/FirstPerson/Maps/FirstPersonMap/C/JP/RZR2HUJOD4QGRGLJ417VNE
 |- Actor Path: /Game/FirstPerson/Maps/FirstPersonMap.FirstPersonMap:PersistentLevel.StaticMeshActor_UAID_98EECBDFBE27855D02_1594236134
 |- Actor Package: /Game/__ExternalActors__/FirstPerson/Maps/FirstPersonMap/C/YT/2MEZFU8YYGBDKV0FZOSMGK
 |- Actor Path: /Game/FirstPerson/Maps/FirstPersonMap.FirstPersonMap:PersistentLevel.StaticMeshActor_UAID_98EECBDFBE27855D02_1604027135
 |- Actor Package: /Game/__ExternalActors__/FirstPerson/Maps/FirstPersonMap/6/9B/2RBXNMO9B9SBMUC09VR1Q9
 |- Actor Path: /Game/FirstPerson/Maps/FirstPersonMap.FirstPersonMap:PersistentLevel.StaticMeshActor_UAID_98EECBDFBE27855D02_1626450136
 |- Actor Package: /Game/__ExternalActors__/FirstPerson/Maps/FirstPersonMap/6/IB/TUF9VW6B48RN3D76NJ58FW
 |- Actor Path: /Game/FirstPerson/Maps/FirstPersonMap.FirstPersonMap:PersistentLevel.StaticMeshActor_UAID_98EECBDFBE27855D02_1721913137
 |- Actor Package: /Game/__ExternalActors__/FirstPerson/Maps/FirstPersonMap/8/53/A1RZ4IZTHF8JAH8F9PZTJP
 |- Actor Path: /Game/FirstPerson/Maps/FirstPersonMap.FirstPersonMap:PersistentLevel.StaticMeshActor_UAID_98EECBDFBE27865D02_1443879315
 |- Actor Package: /Game/__ExternalActors__/FirstPerson/Maps/FirstPersonMap/8/I2/KHBM67X0VDVZZN61ZE0VL4
 |- Actor Path: /Game/FirstPerson/Maps/FirstPersonMap.FirstPersonMap:PersistentLevel.StaticMeshActor_UAID_98EECBDFBE27865D02_1655814317
 |- Actor Package: /Game/__ExternalActors__/FirstPerson/Maps/FirstPersonMap/9/XN/7IJ3V2TTTWXTP67HRMILK2
 |- Actor Path: /Game/FirstPerson/Maps/FirstPersonMap.FirstPersonMap:PersistentLevel.StaticMeshActor_UAID_98EECBDFBE27865D02_1667764318
 |- Actor Package: /Game/__ExternalActors__/FirstPerson/Maps/FirstPersonMap/2/7F/0L9636Z0R3W1C0XQHZI21V
 |- Actor Path: /Game/FirstPerson/Maps/FirstPersonMap.FirstPersonMap:PersistentLevel.StaticMeshActor_UAID_98EECBDFBE27865D02_1689777319
 |- Actor Package: /Game/__ExternalActors__/FirstPerson/Maps/FirstPersonMap/D/M7/FR1K8VPLEYH7DFBDVYIA6I
 |- Actor Path: /Game/FirstPerson/Maps/FirstPersonMap.FirstPersonMap:PersistentLevel.StaticMeshActor_UAID_98EECBDFBE27865D02_1702555320
 |- Actor Package: /Game/__ExternalActors__/FirstPerson/Maps/FirstPersonMap/A/JC/Z4YUFHYEN0AWMM5L7PKFZR
 |- Actor Path: /Game/FirstPerson/Maps/FirstPersonMap.FirstPersonMap:PersistentLevel.StaticMeshActor_UAID_98EECBDFBE27865D02_1725815321
 |- Actor Package: /Game/__ExternalActors__/FirstPerson/Maps/FirstPersonMap/A/IW/949IVQ28ZTB4JU3K0XDCIW
 |- Actor Path: /Game/FirstPerson/Maps/FirstPersonMap.FirstPersonMap:PersistentLevel.StaticMeshActor_UAID_98EECBDFBE27865D02_1774786322
 |- Actor Package: /Game/__ExternalActors__/FirstPerson/Maps/FirstPersonMap/6/9P/2VJN81MZSN0AX7R7FJMRVF
 |- Actor Path: /Game/FirstPerson/Maps/FirstPersonMap.FirstPersonMap:PersistentLevel.StaticMeshActor_UAID_98EECBDFBE27865D02_1808462323
 |- Actor Package: /Game/__ExternalActors__/FirstPerson/Maps/FirstPersonMap/C/8J/C3UTNRA02ZPQDRVMJWITCB
 |- Actor Path: /Game/FirstPerson/Maps/FirstPersonMap.FirstPersonMap:PersistentLevel.StaticMeshActor_UAID_98EECBDFBE27865D02_1878695326
 |- Actor Package: /Game/__ExternalActors__/FirstPerson/Maps/FirstPersonMap/E/7J/B4TFJOBJF2LPEEIKB0HA7G
 |- Actor Path: /Game/FirstPerson/Maps/FirstPersonMap.FirstPersonMap:PersistentLevel.StaticMeshActor_UAID_98EECBDFBE27865D02_1965726327
 |- Actor Package: /Game/__ExternalActors__/FirstPerson/Maps/FirstPersonMap/E/98/C6ZQR2R56WT1GJFCA6QC4U
 |- Actor Path: /Game/FirstPerson/Maps/FirstPersonMap.FirstPersonMap:PersistentLevel.StaticMeshActor_UAID_98EECBDFBE27865D02_1986417328
 |- Actor Package: /Game/__ExternalActors__/FirstPerson/Maps/FirstPersonMap/6/7K/TINNZB7KRBJ0ATE7WIUG2L
 |- Actor Path: /Game/FirstPerson/Maps/FirstPersonMap.FirstPersonMap:PersistentLevel.StaticMeshActor_UAID_98EECBDFBE27865D02_2085421330
 |- Actor Package: /Game/__ExternalActors__/FirstPerson/Maps/FirstPersonMap/5/RY/JM7CBUNEPICMURM17V13WL
 |- Actor Path: /Game/FirstPerson/Maps/FirstPersonMap.FirstPersonMap:PersistentLevel.StaticMeshActor_UAID_98EECBDFBE27865D02_2106842331
 |- Actor Package: /Game/__ExternalActors__/FirstPerson/Maps/FirstPersonMap/8/B2/7M9ML8T38PM0LZ4YJ3XBEZ
 |- Actor Path: /Game/FirstPerson/Maps/FirstPersonMap.FirstPersonMap:PersistentLevel.StaticMeshActor_UAID_98EECBDFBE27875D02_1234316509
 |- Actor Package: /Game/__ExternalActors__/FirstPerson/Maps/FirstPersonMap/9/7L/N4B3F9M3E0FV5D1ZMAES17
 |- Actor Path: /Game/FirstPerson/Maps/FirstPersonMap.FirstPersonMap:PersistentLevel.StaticMeshActor_UAID_A4AE111137DC5FFB00_1159438599
 |- Actor Package: /Game/__ExternalActors__/FirstPerson/Maps/FirstPersonMap/8/N6/7HWHBG6K5ONLNTKPMLXMYR
 |- Actor Path: /Game/FirstPerson/Maps/FirstPersonMap.FirstPersonMap:PersistentLevel.TextRenderActor_UAID_98EECBDFBE27875D02_1158428508
 |- Actor Package: /Game/__ExternalActors__/FirstPerson/Maps/FirstPersonMap/B/EA/57PD4DS642ODE537P4CIS2
 |- Actor Path: /Game/FirstPerson/Maps/FirstPersonMap.FirstPersonMap:PersistentLevel.VolumetricCloud_0
 |- Actor Package: /Game/__ExternalActors__/FirstPerson/Maps/FirstPersonMap/0/GO/I8WEFD3RY9V3NVQLSU6QM4
 |- Actor Path: /Game/FirstPerson/Maps/FirstPersonMap.FirstPersonMap:PersistentLevel.WorldDataLayers
 |- Actor Package: /Game/__ExternalActors__/FirstPerson/Maps/FirstPersonMap/D/0W/E1FKEGVKGOLM7HGLQPCIPO
 |- Actor Path: /Game/FirstPerson/Maps/FirstPersonMap.FirstPersonMap:PersistentLevel.WorldInfo_0
 |- Actor Package: /Game/FirstPerson/Maps/FirstPersonMap
 |- Actor Path: /Game/FirstPerson/Maps/FirstPersonMap.FirstPersonMap:PersistentLevel.WorldPartitionMiniMap_0
 |- Actor Package: /Game/__ExternalActors__/FirstPerson/Maps/FirstPersonMap/4/CR/SRVPLA8UNZ8XIIP0E036DI

----------------------------------------------------------------------------------------------------------------
FirstPersonMap - Runtime Spatial Hash - Streaming Grid - MainGrid
----------------------------------------------------------------------------------------------------------------
            Origin: X=0.000 Y=0.000 Z=0.000
         Cell Size: 12800
      World Bounds: IsValid=false, Min=(X=0.000 Y=0.000 Z=0.000), Max=(X=0.000 Y=0.000 Z=0.000)
     Loading Range: 25600.00
Block Slow Loading: No
 ClientOnlyVisible: No
            Origin: X=0.000 Y=0.000 Z=0.000

[+] Grid Levels: 1
 |- Level  0: Cell Count    0 | Cell Size   12800 | Actor Count    0 (0.0%)

[+] Content of Grid Level 0

